2021-12-27 09:46:43,348 - root - INFO - Namespace(a=0.5, agg_type='concat', b=0.5, batch_size=1024, data_dir='data/', data_name='book', dropout=0.0, gpu_id=0, kg_file='kg_final.txt', l2_weight=2e-05, lr=0.0002, n_epoch=10, n_head=8, n_layer=1, node_dim=64, repr_type='mean', sample_size=8, saved_dir='logs/CG-KGR_final/book/Dim64/', seed=2021, task='ALL')
2021-12-27 09:46:43,348 - root - INFO - CG-KGR experiments.
2021-12-27 09:46:43,348 - root - INFO - train_1.txt
2021-12-27 09:46:47,904 - tensorflow - WARNING - From /home/ma-user/anaconda/lib/python3.6/site-packages/tensorflow/python/framework/op_def_library.py:263: colocate_with (from tensorflow.python.framework.ops) is deprecated and will be removed in a future version.
Instructions for updating:
Colocations handled automatically by placer.
2021-12-27 09:46:47,944 - tensorflow - WARNING - From /cache/chenyankai/CG-KGR_final/src/aggregators.py:73: calling softmax (from tensorflow.python.ops.nn_ops) with dim is deprecated and will be removed in a future version.
Instructions for updating:
dim is deprecated, use axis instead
2021-12-27 09:46:47,951 - tensorflow - WARNING - From /cache/chenyankai/CG-KGR_final/src/aggregators.py:107: calling dropout (from tensorflow.python.ops.nn_ops) with keep_prob is deprecated and will be removed in a future version.
Instructions for updating:
Please use `rate` instead of `keep_prob`. Rate should be set to `rate = 1 - keep_prob`.
2021-12-27 09:46:48,097 - tensorflow - WARNING - From /home/ma-user/anaconda/lib/python3.6/site-packages/tensorflow/python/ops/math_ops.py:3066: to_int32 (from tensorflow.python.ops.math_ops) is deprecated and will be removed in a future version.
Instructions for updating:
Use tf.cast instead.
2021-12-27 09:46:56,629 - root - INFO - Epoch 1  Loss: 0.6966  Train-Time: 1.877s  CTR-eval-Time: 0.384s 
2021-12-27 09:46:56,629 - root - INFO - Eval auc: 0.7352  f1: 0.6760      Test auc: 0.7328  f1: 0.6779
2021-12-27 09:47:12,975 - root - INFO - Epoch 1  Loss: 0.6966  Train-Time: 1.877s  CTR-eval-Time: 16.346s 
2021-12-27 09:47:12,976 - root - INFO - Eval P:0.0600	0.0180	0.0120	0.0090	0.0054	0.0032	R:0.0343	0.0499	0.0674	0.0933	0.1169	0.1433	NDCG:0.0600	0.0522	0.0567	0.0645	0.0708	0.0756	
2021-12-27 09:47:12,976 - root - INFO - Test P:0.0300	0.0160	0.0110	0.0070	0.0038	0.0027	R:0.0250	0.0600	0.0649	0.0849	0.1036	0.1381	NDCG:0.0300	0.0439	0.0467	0.0521	0.0568	0.0635	
2021-12-27 09:47:12,976 - root - INFO - Total: 6272448 
2021-12-27 09:47:18,112 - root - INFO - Epoch 2  Loss: 0.6683  Train-Time: 1.034s  CTR-eval-Time: 0.299s 
2021-12-27 09:47:18,113 - root - INFO - Eval auc: 0.7531  f1: 0.6761      Test auc: 0.7494  f1: 0.6739
2021-12-27 09:47:33,338 - root - INFO - Epoch 2  Loss: 0.6683  Train-Time: 1.034s  CTR-eval-Time: 15.225s 
2021-12-27 09:47:33,338 - root - INFO - Eval P:0.0500	0.0220	0.0160	0.0095	0.0066	0.0044	R:0.0425	0.0900	0.1158	0.1290	0.1821	0.2290	NDCG:0.0500	0.0747	0.0837	0.0876	0.1005	0.1097	
2021-12-27 09:47:33,339 - root - INFO - Test P:0.0700	0.0260	0.0160	0.0105	0.0072	0.0047	R:0.0464	0.0998	0.1098	0.1351	0.1808	0.2204	NDCG:0.0700	0.0778	0.0814	0.0888	0.1006	0.1087	
2021-12-27 09:47:33,339 - root - INFO - Total: 6272448 
2021-12-27 09:47:38,526 - root - INFO - Epoch 3  Loss: 0.5653  Train-Time: 1.089s  CTR-eval-Time: 0.312s 
2021-12-27 09:47:38,526 - root - INFO - Eval auc: 0.7620  f1: 0.6771      Test auc: 0.7582  f1: 0.6747
2021-12-27 09:47:55,092 - root - INFO - Epoch 3  Loss: 0.5653  Train-Time: 1.089s  CTR-eval-Time: 16.566s 
2021-12-27 09:47:55,092 - root - INFO - Eval P:0.0700	0.0300	0.0160	0.0100	0.0052	0.0035	R:0.0493	0.0964	0.0967	0.1090	0.1361	0.1513	NDCG:0.0700	0.0829	0.0818	0.0849	0.0907	0.0948	
2021-12-27 09:47:55,092 - root - INFO - Test P:0.0600	0.0200	0.0130	0.0115	0.0062	0.0042	R:0.0467	0.0733	0.0766	0.1288	0.1416	0.1761	NDCG:0.0600	0.0653	0.0672	0.0832	0.0876	0.0951	
2021-12-27 09:47:55,093 - root - INFO - Total: 6272448 
2021-12-27 09:48:00,658 - root - INFO - Epoch 4  Loss: 0.5015  Train-Time: 1.014s  CTR-eval-Time: 0.299s 
2021-12-27 09:48:00,658 - root - INFO - Eval auc: 0.7613  f1: 0.6830      Test auc: 0.7576  f1: 0.6794
2021-12-27 09:48:16,142 - root - INFO - Epoch 4  Loss: 0.5015  Train-Time: 1.014s  CTR-eval-Time: 15.483s 
2021-12-27 09:48:16,142 - root - INFO - Eval P:0.0700	0.0260	0.0150	0.0080	0.0044	0.0029	R:0.0283	0.0625	0.0825	0.0831	0.1181	0.1438	NDCG:0.0700	0.0599	0.0627	0.0621	0.0699	0.0750	
2021-12-27 09:48:16,142 - root - INFO - Test P:0.0600	0.0200	0.0130	0.0085	0.0050	0.0034	R:0.0464	0.0651	0.0788	0.1188	0.1454	0.1688	NDCG:0.0600	0.0600	0.0648	0.0741	0.0802	0.0853	
2021-12-27 09:48:16,142 - root - INFO - Total: 6272448 
2021-12-27 09:48:21,854 - root - INFO - Epoch 5  Loss: 0.4709  Train-Time: 1.026s  CTR-eval-Time: 0.308s 
2021-12-27 09:48:21,854 - root - INFO - Eval auc: 0.7561  f1: 0.6812      Test auc: 0.7537  f1: 0.6795
2021-12-27 09:48:38,321 - root - INFO - Epoch 5  Loss: 0.4709  Train-Time: 1.026s  CTR-eval-Time: 16.467s 
2021-12-27 09:48:38,321 - root - INFO - Eval P:0.0400	0.0180	0.0120	0.0095	0.0064	0.0042	R:0.0163	0.0430	0.0572	0.0825	0.1497	0.1856	NDCG:0.0400	0.0386	0.0425	0.0506	0.0650	0.0718	
2021-12-27 09:48:38,321 - root - INFO - Test P:0.0500	0.0140	0.0090	0.0065	0.0042	0.0028	R:0.0085	0.0120	0.0128	0.0228	0.0629	0.0893	NDCG:0.0500	0.0220	0.0199	0.0223	0.0310	0.0364	
2021-12-27 09:48:38,321 - root - INFO - Total: 6272448 
2021-12-27 09:48:43,579 - root - INFO - Epoch 6  Loss: 0.4490  Train-Time: 1.067s  CTR-eval-Time: 0.365s 
2021-12-27 09:48:43,579 - root - INFO - Eval auc: 0.7504  f1: 0.6770      Test auc: 0.7480  f1: 0.6767
2021-12-27 09:48:58,911 - root - INFO - Epoch 6  Loss: 0.4490  Train-Time: 1.067s  CTR-eval-Time: 15.332s 
2021-12-27 09:48:58,912 - root - INFO - Eval P:0.0700	0.0300	0.0210	0.0130	0.0076	0.0044	R:0.0540	0.0743	0.0996	0.1133	0.1562	0.1822	NDCG:0.0700	0.0737	0.0802	0.0837	0.0935	0.0986	
2021-12-27 09:48:58,912 - root - INFO - Test P:0.1300	0.0320	0.0160	0.0100	0.0062	0.0033	R:0.0832	0.0973	0.0973	0.1078	0.1606	0.1756	NDCG:0.1300	0.1029	0.0996	0.1024	0.1150	0.1177	
2021-12-27 09:48:58,912 - root - INFO - Total: 6272448 
2021-12-27 09:49:04,057 - root - INFO - Epoch 7  Loss: 0.4310  Train-Time: 1.116s  CTR-eval-Time: 0.313s 
2021-12-27 09:49:04,058 - root - INFO - Eval auc: 0.7444  f1: 0.6774      Test auc: 0.7420  f1: 0.6744
2021-12-27 09:49:20,141 - root - INFO - Epoch 7  Loss: 0.4310  Train-Time: 1.116s  CTR-eval-Time: 16.084s 
2021-12-27 09:49:20,142 - root - INFO - Eval P:0.0800	0.0160	0.0120	0.0075	0.0042	0.0025	R:0.0633	0.0633	0.0888	0.1014	0.1389	0.1515	NDCG:0.0800	0.0670	0.0760	0.0799	0.0881	0.0908	
2021-12-27 09:49:20,142 - root - INFO - Test P:0.1000	0.0240	0.0140	0.0075	0.0048	0.0033	R:0.0742	0.0845	0.0953	0.0958	0.1552	0.2023	NDCG:0.1000	0.0848	0.0880	0.0879	0.1004	0.1088	
2021-12-27 09:49:20,142 - root - INFO - Total: 6272448 
2021-12-27 09:49:25,260 - root - INFO - Epoch 8  Loss: 0.4168  Train-Time: 1.103s  CTR-eval-Time: 0.299s 
2021-12-27 09:49:25,261 - root - INFO - Eval auc: 0.7378  f1: 0.6749      Test auc: 0.7364  f1: 0.6727
2021-12-27 09:49:40,392 - root - INFO - Epoch 8  Loss: 0.4168  Train-Time: 1.103s  CTR-eval-Time: 15.132s 
2021-12-27 09:49:40,393 - root - INFO - Eval P:0.0800	0.0260	0.0220	0.0125	0.0066	0.0047	R:0.0428	0.0637	0.1014	0.1076	0.1223	0.1756	NDCG:0.0800	0.0657	0.0768	0.0775	0.0816	0.0922	
2021-12-27 09:49:40,393 - root - INFO - Test P:0.0400	0.0140	0.0090	0.0070	0.0044	0.0026	R:0.0333	0.0633	0.0750	0.1034	0.1374	0.1442	NDCG:0.0400	0.0512	0.0554	0.0633	0.0709	0.0724	
2021-12-27 09:49:40,393 - root - INFO - Total: 6272448 
2021-12-27 09:49:45,414 - root - INFO - Epoch 9  Loss: 0.4063  Train-Time: 1.018s  CTR-eval-Time: 0.303s 
2021-12-27 09:49:45,414 - root - INFO - Eval auc: 0.7319  f1: 0.6695      Test auc: 0.7303  f1: 0.6690
2021-12-27 09:50:02,148 - root - INFO - Epoch 9  Loss: 0.4063  Train-Time: 1.018s  CTR-eval-Time: 16.734s 
2021-12-27 09:50:02,148 - root - INFO - Eval P:0.0600	0.0200	0.0120	0.0070	0.0032	0.0023	R:0.0448	0.0706	0.0810	0.0923	0.0969	0.1348	NDCG:0.0600	0.0623	0.0655	0.0684	0.0700	0.0770	
2021-12-27 09:50:02,148 - root - INFO - Test P:0.0500	0.0140	0.0100	0.0060	0.0038	0.0028	R:0.0229	0.0284	0.0409	0.0513	0.0871	0.1381	NDCG:0.0500	0.0347	0.0365	0.0383	0.0464	0.0555	
2021-12-27 09:50:02,149 - root - INFO - Total: 6272448 
2021-12-27 09:50:07,274 - root - INFO - Epoch 10  Loss: 0.3972  Train-Time: 1.048s  CTR-eval-Time: 0.337s 
2021-12-27 09:50:07,275 - root - INFO - Eval auc: 0.7273  f1: 0.6679      Test auc: 0.7253  f1: 0.6687
2021-12-27 09:50:22,884 - root - INFO - Epoch 10  Loss: 0.3972  Train-Time: 1.048s  CTR-eval-Time: 15.609s 
2021-12-27 09:50:22,884 - root - INFO - Eval P:0.0600	0.0160	0.0110	0.0090	0.0050	0.0039	R:0.0467	0.0482	0.0621	0.0871	0.1089	0.1660	NDCG:0.0600	0.0528	0.0568	0.0642	0.0694	0.0804	
2021-12-27 09:50:22,884 - root - INFO - Test P:0.0800	0.0180	0.0110	0.0075	0.0040	0.0028	R:0.0642	0.0654	0.0672	0.0784	0.1047	0.1530	NDCG:0.0800	0.0688	0.0693	0.0734	0.0797	0.0884	
2021-12-27 09:50:22,885 - root - INFO - Total: 6272448 
2021-12-27 09:50:22,975 - root - INFO - 
2021-12-27 09:50:22,976 - root - INFO - CTR Evaluation - Best epoch: 3   corresponding Test auc: 0.7582    corresponding Test F1: 0.6747
2021-12-27 09:50:22,976 - root - INFO - Top@k Evaluation
2021-12-27 09:50:22,976 - root - INFO - Top@1:  Best epoch: 7   corresponding Test R: 0.0742    corresponding Test NDCG: 0.1000
2021-12-27 09:50:22,976 - root - INFO - Top@5:  Best epoch: 3   corresponding Test R: 0.0733    corresponding Test NDCG: 0.0653
2021-12-27 09:50:22,976 - root - INFO - Top@10:  Best epoch: 2   corresponding Test R: 0.1098    corresponding Test NDCG: 0.0814
2021-12-27 09:50:22,976 - root - INFO - Top@20:  Best epoch: 2   corresponding Test R: 0.1351    corresponding Test NDCG: 0.0888
2021-12-27 09:50:22,976 - root - INFO - Top@50:  Best epoch: 2   corresponding Test R: 0.1808    corresponding Test NDCG: 0.1006
2021-12-27 09:50:22,976 - root - INFO - Top@100:  Best epoch: 2   corresponding Test R: 0.2204    corresponding Test NDCG: 0.1087
2021-12-27 09:50:22,976 - root - INFO - --------------------------------
2021-12-27 09:50:22,976 - root - INFO - 
2021-12-27 09:50:22,976 - root - INFO - train_2.txt
2021-12-27 09:50:33,318 - root - INFO - Epoch 1  Loss: 0.6966  Train-Time: 1.588s  CTR-eval-Time: 0.407s 
2021-12-27 09:50:33,319 - root - INFO - Eval auc: 0.7320  f1: 0.6758      Test auc: 0.7306  f1: 0.6777
2021-12-27 09:50:50,000 - root - INFO - Epoch 1  Loss: 0.6966  Train-Time: 1.588s  CTR-eval-Time: 16.681s 
2021-12-27 09:50:50,000 - root - INFO - Eval P:0.1100	0.0340	0.0210	0.0120	0.0072	0.0040	R:0.0845	0.1273	0.1409	0.1453	0.1700	0.1866	NDCG:0.1100	0.1129	0.1174	0.1180	0.1244	0.1277	
2021-12-27 09:50:50,000 - root - INFO - Test P:0.0900	0.0320	0.0220	0.0135	0.0090	0.0064	R:0.0734	0.0905	0.1025	0.1035	0.1356	0.1633	NDCG:0.0900	0.0952	0.0980	0.0964	0.1027	0.1079	
2021-12-27 09:50:50,000 - root - INFO - Total: 6272448 
2021-12-27 09:50:55,149 - root - INFO - Epoch 2  Loss: 0.6672  Train-Time: 1.044s  CTR-eval-Time: 0.304s 
2021-12-27 09:50:55,150 - root - INFO - Eval auc: 0.7495  f1: 0.6702      Test auc: 0.7462  f1: 0.6657
2021-12-27 09:51:11,144 - root - INFO - Epoch 2  Loss: 0.6672  Train-Time: 1.044s  CTR-eval-Time: 15.994s 
2021-12-27 09:51:11,145 - root - INFO - Eval P:0.0500	0.0220	0.0130	0.0080	0.0054	0.0034	R:0.0333	0.0816	0.0932	0.1099	0.1687	0.1973	NDCG:0.0500	0.0578	0.0609	0.0659	0.0795	0.0851	
2021-12-27 09:51:11,145 - root - INFO - Test P:0.0600	0.0220	0.0170	0.0105	0.0052	0.0031	R:0.0392	0.0573	0.0778	0.1112	0.1562	0.1604	NDCG:0.0600	0.0561	0.0646	0.0728	0.0818	0.0832	
2021-12-27 09:51:11,145 - root - INFO - Total: 6272448 
2021-12-27 09:51:16,293 - root - INFO - Epoch 3  Loss: 0.5629  Train-Time: 1.020s  CTR-eval-Time: 0.320s 
2021-12-27 09:51:16,293 - root - INFO - Eval auc: 0.7606  f1: 0.6745      Test auc: 0.7549  f1: 0.6690
2021-12-27 09:51:33,299 - root - INFO - Epoch 3  Loss: 0.5629  Train-Time: 1.020s  CTR-eval-Time: 17.006s 
2021-12-27 09:51:33,299 - root - INFO - Eval P:0.0800	0.0260	0.0160	0.0105	0.0054	0.0036	R:0.0592	0.0951	0.1201	0.1432	0.1598	0.1945	NDCG:0.0800	0.0822	0.0901	0.0971	0.1020	0.1087	
2021-12-27 09:51:33,299 - root - INFO - Test P:0.1000	0.0200	0.0130	0.0110	0.0054	0.0035	R:0.0639	0.0639	0.0864	0.1213	0.1380	0.1579	NDCG:0.1000	0.0715	0.0789	0.0898	0.0935	0.0979	
2021-12-27 09:51:33,300 - root - INFO - Total: 6272448 
2021-12-27 09:51:38,498 - root - INFO - Epoch 4  Loss: 0.5012  Train-Time: 1.079s  CTR-eval-Time: 0.350s 
2021-12-27 09:51:38,498 - root - INFO - Eval auc: 0.7595  f1: 0.6801      Test auc: 0.7555  f1: 0.6766
2021-12-27 09:51:54,815 - root - INFO - Epoch 4  Loss: 0.5012  Train-Time: 1.079s  CTR-eval-Time: 16.317s 
2021-12-27 09:51:54,816 - root - INFO - Eval P:0.0600	0.0260	0.0160	0.0085	0.0044	0.0028	R:0.0525	0.1108	0.1175	0.1225	0.1540	0.1905	NDCG:0.0600	0.0876	0.0910	0.0924	0.0988	0.1054	
2021-12-27 09:51:54,816 - root - INFO - Test P:0.0700	0.0240	0.0160	0.0085	0.0060	0.0041	R:0.0700	0.0837	0.1052	0.1152	0.1634	0.1936	NDCG:0.0700	0.0820	0.0878	0.0896	0.1011	0.1081	
2021-12-27 09:51:54,816 - root - INFO - Total: 6272448 
2021-12-27 09:51:59,958 - root - INFO - Epoch 5  Loss: 0.4708  Train-Time: 1.086s  CTR-eval-Time: 0.316s 
2021-12-27 09:51:59,958 - root - INFO - Eval auc: 0.7544  f1: 0.6799      Test auc: 0.7511  f1: 0.6814
2021-12-27 09:52:16,495 - root - INFO - Epoch 5  Loss: 0.4708  Train-Time: 1.086s  CTR-eval-Time: 16.537s 
2021-12-27 09:52:16,495 - root - INFO - Eval P:0.0900	0.0240	0.0120	0.0075	0.0052	0.0041	R:0.0708	0.0933	0.0933	0.0992	0.1491	0.2179	NDCG:0.0900	0.0866	0.0855	0.0876	0.0992	0.1119	
2021-12-27 09:52:16,495 - root - INFO - Test P:0.1000	0.0420	0.0210	0.0115	0.0060	0.0044	R:0.0739	0.1248	0.1248	0.1285	0.1668	0.2252	NDCG:0.1000	0.1147	0.1119	0.1122	0.1199	0.1313	
2021-12-27 09:52:16,496 - root - INFO - Total: 6272448 
2021-12-27 09:52:21,569 - root - INFO - Epoch 6  Loss: 0.4487  Train-Time: 1.011s  CTR-eval-Time: 0.310s 
2021-12-27 09:52:21,569 - root - INFO - Eval auc: 0.7483  f1: 0.6776      Test auc: 0.7462  f1: 0.6802
2021-12-27 09:52:37,518 - root - INFO - Epoch 6  Loss: 0.4487  Train-Time: 1.011s  CTR-eval-Time: 15.948s 
2021-12-27 09:52:37,518 - root - INFO - Eval P:0.0200	0.0160	0.0130	0.0065	0.0040	0.0025	R:0.0114	0.0581	0.0852	0.0852	0.1139	0.1298	NDCG:0.0200	0.0383	0.0472	0.0472	0.0543	0.0577	
2021-12-27 09:52:37,518 - root - INFO - Test P:0.1100	0.0260	0.0180	0.0095	0.0062	0.0038	R:0.0921	0.1032	0.1306	0.1321	0.1813	0.2147	NDCG:0.1100	0.1024	0.1091	0.1095	0.1218	0.1278	
2021-12-27 09:52:37,519 - root - INFO - Total: 6272448 
2021-12-27 09:52:42,958 - root - INFO - Epoch 7  Loss: 0.4315  Train-Time: 1.203s  CTR-eval-Time: 0.399s 
2021-12-27 09:52:42,958 - root - INFO - Eval auc: 0.7420  f1: 0.6743      Test auc: 0.7405  f1: 0.6767
2021-12-27 09:53:00,252 - root - INFO - Epoch 7  Loss: 0.4315  Train-Time: 1.203s  CTR-eval-Time: 17.294s 
2021-12-27 09:53:00,253 - root - INFO - Eval P:0.0700	0.0160	0.0130	0.0080	0.0046	0.0033	R:0.0457	0.0490	0.0843	0.0912	0.1264	0.1792	NDCG:0.0700	0.0538	0.0648	0.0674	0.0751	0.0845	
2021-12-27 09:53:00,253 - root - INFO - Test P:0.0900	0.0200	0.0120	0.0065	0.0040	0.0028	R:0.0679	0.0779	0.0904	0.0954	0.1302	0.1652	NDCG:0.0900	0.0773	0.0807	0.0815	0.0892	0.0960	
2021-12-27 09:53:00,253 - root - INFO - Total: 6272448 
2021-12-27 09:53:05,445 - root - INFO - Epoch 8  Loss: 0.4174  Train-Time: 1.049s  CTR-eval-Time: 0.331s 
2021-12-27 09:53:05,445 - root - INFO - Eval auc: 0.7347  f1: 0.6681      Test auc: 0.7341  f1: 0.6731
2021-12-27 09:53:21,766 - root - INFO - Epoch 8  Loss: 0.4174  Train-Time: 1.049s  CTR-eval-Time: 16.321s 
2021-12-27 09:53:21,767 - root - INFO - Eval P:0.0400	0.0180	0.0130	0.0070	0.0038	0.0028	R:0.0350	0.0759	0.1059	0.1159	0.1484	0.2097	NDCG:0.0400	0.0555	0.0653	0.0679	0.0751	0.0858	
2021-12-27 09:53:21,767 - root - INFO - Test P:0.0700	0.0180	0.0090	0.0050	0.0032	0.0021	R:0.0650	0.0698	0.0698	0.0798	0.1087	0.1334	NDCG:0.0700	0.0706	0.0702	0.0726	0.0795	0.0842	
2021-12-27 09:53:21,767 - root - INFO - Total: 6272448 
2021-12-27 09:53:26,985 - root - INFO - Epoch 9  Loss: 0.4066  Train-Time: 1.078s  CTR-eval-Time: 0.336s 
2021-12-27 09:53:26,986 - root - INFO - Eval auc: 0.7295  f1: 0.6680      Test auc: 0.7289  f1: 0.6711
2021-12-27 09:53:43,435 - root - INFO - Epoch 9  Loss: 0.4066  Train-Time: 1.078s  CTR-eval-Time: 16.448s 
2021-12-27 09:53:43,435 - root - INFO - Eval P:0.0600	0.0300	0.0160	0.0110	0.0054	0.0034	R:0.0467	0.0846	0.0880	0.1072	0.1207	0.1259	NDCG:0.0600	0.0724	0.0718	0.0780	0.0814	0.0833	
2021-12-27 09:53:43,435 - root - INFO - Test P:0.0800	0.0220	0.0110	0.0075	0.0038	0.0026	R:0.0587	0.0744	0.0744	0.0855	0.1030	0.1460	NDCG:0.0800	0.0714	0.0708	0.0749	0.0790	0.0867	
2021-12-27 09:53:43,435 - root - INFO - Total: 6272448 
2021-12-27 09:53:48,554 - root - INFO - Epoch 10  Loss: 0.3985  Train-Time: 1.062s  CTR-eval-Time: 0.300s 
2021-12-27 09:53:48,554 - root - INFO - Eval auc: 0.7250  f1: 0.6677      Test auc: 0.7250  f1: 0.6717
2021-12-27 09:54:04,870 - root - INFO - Epoch 10  Loss: 0.3985  Train-Time: 1.062s  CTR-eval-Time: 16.316s 
2021-12-27 09:54:04,870 - root - INFO - Eval P:0.0900	0.0300	0.0170	0.0090	0.0046	0.0029	R:0.0850	0.1298	0.1364	0.1377	0.1684	0.1971	NDCG:0.0900	0.1088	0.1114	0.1120	0.1187	0.1240	
2021-12-27 09:54:04,870 - root - INFO - Test P:0.0700	0.0260	0.0170	0.0095	0.0042	0.0028	R:0.0650	0.1008	0.1064	0.1089	0.1239	0.1699	NDCG:0.0700	0.0877	0.0905	0.0914	0.0948	0.1029	
2021-12-27 09:54:04,871 - root - INFO - Total: 6272448 
2021-12-27 09:54:04,939 - root - INFO - 
2021-12-27 09:54:04,940 - root - INFO - CTR Evaluation - Best epoch: 3   corresponding Test auc: 0.7549    corresponding Test F1: 0.6690
2021-12-27 09:54:04,940 - root - INFO - Top@k Evaluation
2021-12-27 09:54:04,940 - root - INFO - Top@1:  Best epoch: 10   corresponding Test R: 0.0650    corresponding Test NDCG: 0.0700
2021-12-27 09:54:04,940 - root - INFO - Top@5:  Best epoch: 10   corresponding Test R: 0.1008    corresponding Test NDCG: 0.0877
2021-12-27 09:54:04,940 - root - INFO - Top@10:  Best epoch: 1   corresponding Test R: 0.1025    corresponding Test NDCG: 0.0980
2021-12-27 09:54:04,940 - root - INFO - Top@20:  Best epoch: 1   corresponding Test R: 0.1035    corresponding Test NDCG: 0.0964
2021-12-27 09:54:04,940 - root - INFO - Top@50:  Best epoch: 1   corresponding Test R: 0.1356    corresponding Test NDCG: 0.1027
2021-12-27 09:54:04,940 - root - INFO - Top@100:  Best epoch: 5   corresponding Test R: 0.2252    corresponding Test NDCG: 0.1313
2021-12-27 09:54:04,940 - root - INFO - --------------------------------
2021-12-27 09:54:04,940 - root - INFO - 
2021-12-27 09:54:04,940 - root - INFO - train_3.txt
2021-12-27 09:54:15,431 - root - INFO - Epoch 1  Loss: 0.6965  Train-Time: 1.733s  CTR-eval-Time: 0.422s 
2021-12-27 09:54:15,431 - root - INFO - Eval auc: 0.7282  f1: 0.6681      Test auc: 0.7294  f1: 0.6710
2021-12-27 09:54:32,139 - root - INFO - Epoch 1  Loss: 0.6965  Train-Time: 1.733s  CTR-eval-Time: 16.708s 
2021-12-27 09:54:32,140 - root - INFO - Eval P:0.0800	0.0240	0.0170	0.0115	0.0074	0.0049	R:0.0433	0.0661	0.0997	0.1447	0.1962	0.2381	NDCG:0.0800	0.0652	0.0760	0.0876	0.0988	0.1067	
2021-12-27 09:54:32,140 - root - INFO - Test P:0.0900	0.0200	0.0150	0.0090	0.0046	0.0027	R:0.0748	0.0762	0.1041	0.1186	0.1486	0.1629	NDCG:0.0900	0.0795	0.0891	0.0939	0.1002	0.1032	
2021-12-27 09:54:32,140 - root - INFO - Total: 6272448 
2021-12-27 09:54:37,319 - root - INFO - Epoch 2  Loss: 0.6664  Train-Time: 1.153s  CTR-eval-Time: 0.326s 
2021-12-27 09:54:37,319 - root - INFO - Eval auc: 0.7459  f1: 0.6727      Test auc: 0.7458  f1: 0.6736
2021-12-27 09:54:54,314 - root - INFO - Epoch 2  Loss: 0.6664  Train-Time: 1.153s  CTR-eval-Time: 16.995s 
2021-12-27 09:54:54,314 - root - INFO - Eval P:0.0700	0.0280	0.0170	0.0100	0.0054	0.0041	R:0.0326	0.0601	0.0717	0.0779	0.1130	0.1674	NDCG:0.0700	0.0593	0.0615	0.0630	0.0708	0.0814	
2021-12-27 09:54:54,315 - root - INFO - Test P:0.0800	0.0280	0.0150	0.0090	0.0054	0.0033	R:0.0480	0.0883	0.0983	0.1028	0.1677	0.1813	NDCG:0.0800	0.0774	0.0773	0.0782	0.0912	0.0945	
2021-12-27 09:54:54,315 - root - INFO - Total: 6272448 
2021-12-27 09:54:59,500 - root - INFO - Epoch 3  Loss: 0.5626  Train-Time: 1.034s  CTR-eval-Time: 0.308s 
2021-12-27 09:54:59,500 - root - INFO - Eval auc: 0.7546  f1: 0.6740      Test auc: 0.7547  f1: 0.6756
2021-12-27 09:55:15,563 - root - INFO - Epoch 3  Loss: 0.5626  Train-Time: 1.034s  CTR-eval-Time: 16.063s 
2021-12-27 09:55:15,564 - root - INFO - Eval P:0.0300	0.0080	0.0080	0.0050	0.0028	0.0021	R:0.0200	0.0209	0.0559	0.0692	0.0868	0.1178	NDCG:0.0300	0.0236	0.0343	0.0380	0.0419	0.0481	
2021-12-27 09:55:15,564 - root - INFO - Test P:0.0300	0.0160	0.0110	0.0075	0.0050	0.0036	R:0.0121	0.0571	0.0785	0.1085	0.1349	0.1720	NDCG:0.0300	0.0393	0.0453	0.0529	0.0598	0.0675	
2021-12-27 09:55:15,564 - root - INFO - Total: 6272448 
2021-12-27 09:55:20,643 - root - INFO - Epoch 4  Loss: 0.5004  Train-Time: 1.063s  CTR-eval-Time: 0.328s 
2021-12-27 09:55:20,643 - root - INFO - Eval auc: 0.7535  f1: 0.6771      Test auc: 0.7549  f1: 0.6795
2021-12-27 09:55:37,579 - root - INFO - Epoch 4  Loss: 0.5004  Train-Time: 1.063s  CTR-eval-Time: 16.936s 
2021-12-27 09:55:37,579 - root - INFO - Eval P:0.0600	0.0160	0.0100	0.0065	0.0036	0.0028	R:0.0483	0.0683	0.0833	0.1083	0.1356	0.1873	NDCG:0.0600	0.0614	0.0666	0.0735	0.0793	0.0894	
2021-12-27 09:55:37,579 - root - INFO - Test P:0.0500	0.0140	0.0120	0.0075	0.0042	0.0027	R:0.0358	0.0558	0.1008	0.1224	0.1460	0.1596	NDCG:0.0500	0.0521	0.0655	0.0710	0.0768	0.0802	
2021-12-27 09:55:37,580 - root - INFO - Total: 6272448 
2021-12-27 09:55:42,694 - root - INFO - Epoch 5  Loss: 0.4692  Train-Time: 1.064s  CTR-eval-Time: 0.307s 
2021-12-27 09:55:42,694 - root - INFO - Eval auc: 0.7498  f1: 0.6779      Test auc: 0.7516  f1: 0.6829
2021-12-27 09:55:59,113 - root - INFO - Epoch 5  Loss: 0.4692  Train-Time: 1.064s  CTR-eval-Time: 16.419s 
2021-12-27 09:55:59,113 - root - INFO - Eval P:0.0600	0.0260	0.0140	0.0105	0.0066	0.0038	R:0.0600	0.0802	0.0902	0.1103	0.1618	0.1699	NDCG:0.0600	0.0759	0.0784	0.0845	0.0965	0.0987	
2021-12-27 09:55:59,113 - root - INFO - Test P:0.0800	0.0260	0.0160	0.0080	0.0052	0.0035	R:0.0500	0.0791	0.0902	0.0902	0.1285	0.1684	NDCG:0.0800	0.0784	0.0806	0.0804	0.0901	0.0981	
2021-12-27 09:55:59,113 - root - INFO - Total: 6272448 
2021-12-27 09:56:05,385 - root - INFO - Epoch 6  Loss: 0.4475  Train-Time: 1.759s  CTR-eval-Time: 0.609s 
2021-12-27 09:56:05,386 - root - INFO - Eval auc: 0.7442  f1: 0.6778      Test auc: 0.7466  f1: 0.6815
2021-12-27 09:56:29,515 - root - INFO - Epoch 6  Loss: 0.4475  Train-Time: 1.759s  CTR-eval-Time: 24.130s 
2021-12-27 09:56:29,516 - root - INFO - Eval P:0.0400	0.0160	0.0160	0.0085	0.0048	0.0036	R:0.0195	0.0508	0.1053	0.1066	0.1441	0.1984	NDCG:0.0400	0.0438	0.0636	0.0642	0.0731	0.0838	
2021-12-27 09:56:29,516 - root - INFO - Test P:0.1100	0.0340	0.0200	0.0125	0.0066	0.0047	R:0.0689	0.1048	0.1092	0.1303	0.1606	0.1902	NDCG:0.1100	0.1017	0.1011	0.1065	0.1134	0.1201	
2021-12-27 09:56:29,516 - root - INFO - Total: 6272448 
2021-12-27 09:56:35,811 - root - INFO - Epoch 7  Loss: 0.4301  Train-Time: 1.147s  CTR-eval-Time: 0.366s 
2021-12-27 09:56:35,812 - root - INFO - Eval auc: 0.7393  f1: 0.6734      Test auc: 0.7402  f1: 0.6758
2021-12-27 09:57:00,765 - root - INFO - Epoch 7  Loss: 0.4301  Train-Time: 1.147s  CTR-eval-Time: 24.953s 
2021-12-27 09:57:00,766 - root - INFO - Eval P:0.1100	0.0300	0.0170	0.0085	0.0042	0.0023	R:0.0910	0.1185	0.1335	0.1335	0.1610	0.1735	NDCG:0.1100	0.1105	0.1142	0.1142	0.1203	0.1225	
2021-12-27 09:57:00,766 - root - INFO - Test P:0.0900	0.0240	0.0140	0.0095	0.0050	0.0036	R:0.0695	0.0750	0.0852	0.0887	0.1110	0.1517	NDCG:0.0900	0.0807	0.0839	0.0857	0.0897	0.0974	
2021-12-27 09:57:00,766 - root - INFO - Total: 6272448 
2021-12-27 09:57:07,615 - root - INFO - Epoch 8  Loss: 0.4162  Train-Time: 1.866s  CTR-eval-Time: 0.583s 
2021-12-27 09:57:07,615 - root - INFO - Eval auc: 0.7325  f1: 0.6692      Test auc: 0.7344  f1: 0.6718
2021-12-27 09:57:35,304 - root - INFO - Epoch 8  Loss: 0.4162  Train-Time: 1.866s  CTR-eval-Time: 27.689s 
2021-12-27 09:57:35,304 - root - INFO - Eval P:0.0400	0.0160	0.0080	0.0050	0.0028	0.0018	R:0.0400	0.0617	0.0617	0.0742	0.0952	0.1258	NDCG:0.0400	0.0517	0.0517	0.0552	0.0604	0.0656	
2021-12-27 09:57:35,305 - root - INFO - Test P:0.0500	0.0260	0.0160	0.0110	0.0058	0.0038	R:0.0234	0.0600	0.0621	0.0941	0.1163	0.1482	NDCG:0.0500	0.0534	0.0509	0.0589	0.0646	0.0709	
2021-12-27 09:57:35,305 - root - INFO - Total: 6272448 
2021-12-27 09:57:42,281 - root - INFO - Epoch 9  Loss: 0.4055  Train-Time: 1.933s  CTR-eval-Time: 0.545s 
2021-12-27 09:57:42,281 - root - INFO - Eval auc: 0.7278  f1: 0.6678      Test auc: 0.7288  f1: 0.6698
2021-12-27 09:58:03,924 - root - INFO - Epoch 9  Loss: 0.4055  Train-Time: 1.933s  CTR-eval-Time: 21.643s 
2021-12-27 09:58:03,924 - root - INFO - Eval P:0.0800	0.0200	0.0110	0.0065	0.0032	0.0021	R:0.0534	0.0640	0.0690	0.0801	0.1004	0.1172	NDCG:0.0800	0.0671	0.0662	0.0677	0.0714	0.0748	
2021-12-27 09:58:03,924 - root - INFO - Test P:0.0300	0.0280	0.0150	0.0095	0.0046	0.0033	R:0.0225	0.0964	0.0997	0.1314	0.1664	0.2196	NDCG:0.0300	0.0621	0.0627	0.0705	0.0776	0.0873	
2021-12-27 09:58:03,925 - root - INFO - Total: 6272448 
2021-12-27 09:58:09,289 - root - INFO - Epoch 10  Loss: 0.3972  Train-Time: 1.260s  CTR-eval-Time: 0.375s 
2021-12-27 09:58:09,289 - root - INFO - Eval auc: 0.7237  f1: 0.6656      Test auc: 0.7244  f1: 0.6691
2021-12-27 09:58:32,732 - root - INFO - Epoch 10  Loss: 0.3972  Train-Time: 1.260s  CTR-eval-Time: 23.443s 
2021-12-27 09:58:32,733 - root - INFO - Eval P:0.0700	0.0160	0.0090	0.0055	0.0034	0.0024	R:0.0473	0.0573	0.0673	0.0693	0.0996	0.1335	NDCG:0.0700	0.0591	0.0611	0.0614	0.0682	0.0743	
2021-12-27 09:58:32,733 - root - INFO - Test P:0.0900	0.0220	0.0120	0.0075	0.0036	0.0034	R:0.0650	0.0701	0.0701	0.0769	0.0915	0.1385	NDCG:0.0900	0.0759	0.0740	0.0756	0.0783	0.0870	
2021-12-27 09:58:32,733 - root - INFO - Total: 6272448 
2021-12-27 09:58:32,873 - root - INFO - 
2021-12-27 09:58:32,873 - root - INFO - CTR Evaluation - Best epoch: 3   corresponding Test auc: 0.7547    corresponding Test F1: 0.6756
2021-12-27 09:58:32,874 - root - INFO - Top@k Evaluation
2021-12-27 09:58:32,874 - root - INFO - Top@1:  Best epoch: 7   corresponding Test R: 0.0695    corresponding Test NDCG: 0.0900
2021-12-27 09:58:32,874 - root - INFO - Top@5:  Best epoch: 7   corresponding Test R: 0.0750    corresponding Test NDCG: 0.0807
2021-12-27 09:58:32,874 - root - INFO - Top@10:  Best epoch: 7   corresponding Test R: 0.0852    corresponding Test NDCG: 0.0839
2021-12-27 09:58:32,874 - root - INFO - Top@20:  Best epoch: 1   corresponding Test R: 0.1186    corresponding Test NDCG: 0.0939
2021-12-27 09:58:32,874 - root - INFO - Top@50:  Best epoch: 1   corresponding Test R: 0.1486    corresponding Test NDCG: 0.1002
2021-12-27 09:58:32,874 - root - INFO - Top@100:  Best epoch: 1   corresponding Test R: 0.1629    corresponding Test NDCG: 0.1032
2021-12-27 09:58:32,874 - root - INFO - --------------------------------
2021-12-27 09:58:32,874 - root - INFO - 
2021-12-27 09:58:32,874 - root - INFO - train_4.txt
2021-12-27 09:58:45,859 - root - INFO - Epoch 1  Loss: 0.6966  Train-Time: 2.729s  CTR-eval-Time: 0.680s 
2021-12-27 09:58:45,859 - root - INFO - Eval auc: 0.7355  f1: 0.6811      Test auc: 0.7359  f1: 0.6785
2021-12-27 09:59:12,805 - root - INFO - Epoch 1  Loss: 0.6966  Train-Time: 2.729s  CTR-eval-Time: 26.945s 
2021-12-27 09:59:12,805 - root - INFO - Eval P:0.0800	0.0220	0.0110	0.0075	0.0040	0.0024	R:0.0600	0.0850	0.0850	0.1167	0.1583	0.1750	NDCG:0.0800	0.0789	0.0789	0.0870	0.0951	0.0983	
2021-12-27 09:59:12,805 - root - INFO - Test P:0.0400	0.0120	0.0070	0.0040	0.0032	0.0022	R:0.0350	0.0483	0.0533	0.0633	0.1292	0.1612	NDCG:0.0400	0.0423	0.0441	0.0466	0.0602	0.0664	
2021-12-27 09:59:12,806 - root - INFO - Total: 6272448 
2021-12-27 09:59:19,494 - root - INFO - Epoch 2  Loss: 0.6694  Train-Time: 1.741s  CTR-eval-Time: 0.575s 
2021-12-27 09:59:19,495 - root - INFO - Eval auc: 0.7531  f1: 0.6748      Test auc: 0.7512  f1: 0.6724
2021-12-27 09:59:41,271 - root - INFO - Epoch 2  Loss: 0.6694  Train-Time: 1.741s  CTR-eval-Time: 21.777s 
2021-12-27 09:59:41,272 - root - INFO - Eval P:0.0900	0.0320	0.0190	0.0110	0.0058	0.0041	R:0.0775	0.1203	0.1423	0.1648	0.1914	0.2158	NDCG:0.0900	0.1102	0.1171	0.1228	0.1291	0.1353	
2021-12-27 09:59:41,272 - root - INFO - Test P:0.0800	0.0260	0.0220	0.0130	0.0066	0.0043	R:0.0615	0.0845	0.1258	0.1331	0.1529	0.1975	NDCG:0.0800	0.0828	0.0956	0.0969	0.1012	0.1098	
2021-12-27 09:59:41,273 - root - INFO - Total: 6272448 
2021-12-27 09:59:48,274 - root - INFO - Epoch 3  Loss: 0.5666  Train-Time: 1.774s  CTR-eval-Time: 0.560s 
2021-12-27 09:59:48,274 - root - INFO - Eval auc: 0.7620  f1: 0.6723      Test auc: 0.7614  f1: 0.6691
2021-12-27 10:00:14,490 - root - INFO - Epoch 3  Loss: 0.5666  Train-Time: 1.774s  CTR-eval-Time: 26.216s 
2021-12-27 10:00:14,491 - root - INFO - Eval P:0.0800	0.0260	0.0130	0.0080	0.0054	0.0035	R:0.0578	0.0772	0.0772	0.0922	0.1359	0.1615	NDCG:0.0800	0.0752	0.0744	0.0785	0.0900	0.0956	
2021-12-27 10:00:14,491 - root - INFO - Test P:0.0600	0.0220	0.0140	0.0095	0.0046	0.0034	R:0.0459	0.0558	0.0767	0.0949	0.1183	0.1545	NDCG:0.0600	0.0600	0.0650	0.0697	0.0749	0.0827	
2021-12-27 10:00:14,491 - root - INFO - Total: 6272448 
2021-12-27 10:00:20,544 - root - INFO - Epoch 4  Loss: 0.5032  Train-Time: 1.309s  CTR-eval-Time: 0.384s 
2021-12-27 10:00:20,544 - root - INFO - Eval auc: 0.7610  f1: 0.6830      Test auc: 0.7600  f1: 0.6776
2021-12-27 10:00:42,696 - root - INFO - Epoch 4  Loss: 0.5032  Train-Time: 1.309s  CTR-eval-Time: 22.152s 
2021-12-27 10:00:42,697 - root - INFO - Eval P:0.1100	0.0280	0.0170	0.0115	0.0064	0.0043	R:0.0903	0.0961	0.1098	0.1354	0.1683	0.1907	NDCG:0.1100	0.1000	0.1046	0.1122	0.1201	0.1255	
2021-12-27 10:00:42,697 - root - INFO - Test P:0.0200	0.0200	0.0110	0.0080	0.0046	0.0032	R:0.0150	0.0807	0.0809	0.1162	0.1635	0.2053	NDCG:0.0200	0.0514	0.0515	0.0611	0.0707	0.0787	
2021-12-27 10:00:42,697 - root - INFO - Total: 6272448 
2021-12-27 10:00:49,414 - root - INFO - Epoch 5  Loss: 0.4717  Train-Time: 1.819s  CTR-eval-Time: 0.610s 
2021-12-27 10:00:49,415 - root - INFO - Eval auc: 0.7559  f1: 0.6837      Test auc: 0.7549  f1: 0.6784
2021-12-27 10:01:15,131 - root - INFO - Epoch 5  Loss: 0.4717  Train-Time: 1.819s  CTR-eval-Time: 25.715s 
2021-12-27 10:01:15,131 - root - INFO - Eval P:0.0800	0.0380	0.0220	0.0140	0.0070	0.0047	R:0.0491	0.1027	0.1105	0.1388	0.1530	0.1930	NDCG:0.0800	0.0896	0.0888	0.0951	0.0989	0.1074	
2021-12-27 10:01:15,131 - root - INFO - Test P:0.0700	0.0160	0.0110	0.0065	0.0034	0.0021	R:0.0650	0.0700	0.0914	0.0939	0.1254	0.1473	NDCG:0.0700	0.0688	0.0763	0.0776	0.0837	0.0875	
2021-12-27 10:01:15,131 - root - INFO - Total: 6272448 
2021-12-27 10:01:20,630 - root - INFO - Epoch 6  Loss: 0.4494  Train-Time: 1.220s  CTR-eval-Time: 0.329s 
2021-12-27 10:01:20,631 - root - INFO - Eval auc: 0.7503  f1: 0.6807      Test auc: 0.7487  f1: 0.6788
2021-12-27 10:01:47,219 - root - INFO - Epoch 6  Loss: 0.4494  Train-Time: 1.220s  CTR-eval-Time: 26.588s 
2021-12-27 10:01:47,220 - root - INFO - Eval P:0.0900	0.0200	0.0180	0.0105	0.0054	0.0033	R:0.0825	0.0875	0.1432	0.1490	0.1632	0.2090	NDCG:0.0900	0.0870	0.1067	0.1090	0.1125	0.1203	
2021-12-27 10:01:47,220 - root - INFO - Test P:0.0600	0.0200	0.0120	0.0085	0.0044	0.0035	R:0.0450	0.0658	0.0765	0.0983	0.1145	0.1955	NDCG:0.0600	0.0614	0.0649	0.0714	0.0760	0.0907	
2021-12-27 10:01:47,221 - root - INFO - Total: 6272448 
2021-12-27 10:01:54,071 - root - INFO - Epoch 7  Loss: 0.4320  Train-Time: 1.695s  CTR-eval-Time: 0.599s 
2021-12-27 10:01:54,072 - root - INFO - Eval auc: 0.7440  f1: 0.6775      Test auc: 0.7431  f1: 0.6748
2021-12-27 10:02:21,400 - root - INFO - Epoch 7  Loss: 0.4320  Train-Time: 1.695s  CTR-eval-Time: 27.328s 
2021-12-27 10:02:21,400 - root - INFO - Eval P:0.0600	0.0180	0.0150	0.0080	0.0040	0.0032	R:0.0500	0.0683	0.1075	0.1089	0.1356	0.1838	NDCG:0.0600	0.0610	0.0754	0.0762	0.0815	0.0909	
2021-12-27 10:02:21,400 - root - INFO - Test P:0.0600	0.0140	0.0100	0.0075	0.0034	0.0025	R:0.0500	0.0550	0.0753	0.0884	0.0992	0.1304	NDCG:0.0600	0.0549	0.0618	0.0661	0.0679	0.0740	
2021-12-27 10:02:21,401 - root - INFO - Total: 6272448 
2021-12-27 10:02:27,256 - root - INFO - Epoch 8  Loss: 0.4174  Train-Time: 1.431s  CTR-eval-Time: 0.419s 
2021-12-27 10:02:27,256 - root - INFO - Eval auc: 0.7375  f1: 0.6732      Test auc: 0.7367  f1: 0.6703
2021-12-27 10:02:50,556 - root - INFO - Epoch 8  Loss: 0.4174  Train-Time: 1.431s  CTR-eval-Time: 23.300s 
2021-12-27 10:02:50,556 - root - INFO - Eval P:0.0500	0.0120	0.0100	0.0070	0.0038	0.0025	R:0.0450	0.0475	0.0750	0.1050	0.1425	0.1646	NDCG:0.0500	0.0478	0.0575	0.0657	0.0732	0.0779	
2021-12-27 10:02:50,557 - root - INFO - Test P:0.0700	0.0240	0.0160	0.0100	0.0048	0.0032	R:0.0509	0.0777	0.1011	0.1136	0.1226	0.1601	NDCG:0.0700	0.0712	0.0770	0.0813	0.0841	0.0909	
2021-12-27 10:02:50,557 - root - INFO - Total: 6272448 
2021-12-27 10:02:57,349 - root - INFO - Epoch 9  Loss: 0.4069  Train-Time: 1.825s  CTR-eval-Time: 0.603s 
2021-12-27 10:02:57,349 - root - INFO - Eval auc: 0.7320  f1: 0.6706      Test auc: 0.7310  f1: 0.6698
2021-12-27 10:03:22,099 - root - INFO - Epoch 9  Loss: 0.4069  Train-Time: 1.825s  CTR-eval-Time: 24.749s 
2021-12-27 10:03:22,100 - root - INFO - Eval P:0.0300	0.0180	0.0110	0.0095	0.0042	0.0026	R:0.0211	0.0496	0.0621	0.1163	0.1297	0.1597	NDCG:0.0300	0.0404	0.0425	0.0569	0.0596	0.0649	
2021-12-27 10:03:22,100 - root - INFO - Test P:0.0400	0.0160	0.0120	0.0065	0.0040	0.0029	R:0.0267	0.0520	0.0757	0.0807	0.0850	0.0920	NDCG:0.0400	0.0455	0.0537	0.0544	0.0562	0.0587	
2021-12-27 10:03:22,101 - root - INFO - Total: 6272448 
2021-12-27 10:03:28,572 - root - INFO - Epoch 10  Loss: 0.3985  Train-Time: 1.617s  CTR-eval-Time: 0.612s 
2021-12-27 10:03:28,573 - root - INFO - Eval auc: 0.7268  f1: 0.6713      Test auc: 0.7267  f1: 0.6695
2021-12-27 10:03:51,809 - root - INFO - Epoch 10  Loss: 0.3985  Train-Time: 1.617s  CTR-eval-Time: 23.236s 
2021-12-27 10:03:51,810 - root - INFO - Eval P:0.0500	0.0120	0.0070	0.0050	0.0030	0.0027	R:0.0383	0.0398	0.0498	0.0617	0.0854	0.1351	NDCG:0.0500	0.0430	0.0461	0.0497	0.0556	0.0652	
2021-12-27 10:03:51,810 - root - INFO - Test P:0.0400	0.0120	0.0080	0.0045	0.0020	0.0013	R:0.0333	0.0433	0.0553	0.0603	0.0637	0.0870	NDCG:0.0400	0.0424	0.0472	0.0487	0.0497	0.0535	
2021-12-27 10:03:51,810 - root - INFO - Total: 6272448 
2021-12-27 10:03:51,912 - root - INFO - 
2021-12-27 10:03:51,913 - root - INFO - CTR Evaluation - Best epoch: 3   corresponding Test auc: 0.7614    corresponding Test F1: 0.6691
2021-12-27 10:03:51,913 - root - INFO - Top@k Evaluation
2021-12-27 10:03:51,913 - root - INFO - Top@1:  Best epoch: 4   corresponding Test R: 0.0150    corresponding Test NDCG: 0.0200
2021-12-27 10:03:51,913 - root - INFO - Top@5:  Best epoch: 2   corresponding Test R: 0.0845    corresponding Test NDCG: 0.0828
2021-12-27 10:03:51,913 - root - INFO - Top@10:  Best epoch: 6   corresponding Test R: 0.0765    corresponding Test NDCG: 0.0649
2021-12-27 10:03:51,913 - root - INFO - Top@20:  Best epoch: 2   corresponding Test R: 0.1331    corresponding Test NDCG: 0.0969
2021-12-27 10:03:51,913 - root - INFO - Top@50:  Best epoch: 2   corresponding Test R: 0.1529    corresponding Test NDCG: 0.1012
2021-12-27 10:03:51,914 - root - INFO - Top@100:  Best epoch: 2   corresponding Test R: 0.1975    corresponding Test NDCG: 0.1098
2021-12-27 10:03:51,914 - root - INFO - --------------------------------
2021-12-27 10:03:51,914 - root - INFO - 
2021-12-27 10:03:51,914 - root - INFO - train_5.txt
2021-12-27 10:04:04,799 - root - INFO - Epoch 1  Loss: 0.6966  Train-Time: 2.399s  CTR-eval-Time: 0.521s 
2021-12-27 10:04:04,799 - root - INFO - Eval auc: 0.7325  f1: 0.6738      Test auc: 0.7293  f1: 0.6743
2021-12-27 10:04:26,618 - root - INFO - Epoch 1  Loss: 0.6966  Train-Time: 2.399s  CTR-eval-Time: 21.818s 
2021-12-27 10:04:26,618 - root - INFO - Eval P:0.0700	0.0200	0.0150	0.0120	0.0064	0.0038	R:0.0403	0.0537	0.0849	0.1165	0.1593	0.2004	NDCG:0.0700	0.0545	0.0654	0.0757	0.0851	0.0923	
2021-12-27 10:04:26,618 - root - INFO - Test P:0.1000	0.0320	0.0160	0.0095	0.0052	0.0032	R:0.0834	0.1088	0.1088	0.1246	0.1680	0.1958	NDCG:0.1000	0.1045	0.1038	0.1087	0.1185	0.1241	
2021-12-27 10:04:26,619 - root - INFO - Total: 6272448 
2021-12-27 10:04:32,133 - root - INFO - Epoch 2  Loss: 0.6688  Train-Time: 1.407s  CTR-eval-Time: 0.383s 
2021-12-27 10:04:32,134 - root - INFO - Eval auc: 0.7499  f1: 0.6727      Test auc: 0.7472  f1: 0.6727
2021-12-27 10:04:54,824 - root - INFO - Epoch 2  Loss: 0.6688  Train-Time: 1.407s  CTR-eval-Time: 22.690s 
2021-12-27 10:04:54,825 - root - INFO - Eval P:0.0700	0.0200	0.0140	0.0080	0.0042	0.0025	R:0.0458	0.0672	0.0939	0.1053	0.1275	0.1609	NDCG:0.0700	0.0645	0.0723	0.0757	0.0810	0.0863	
2021-12-27 10:04:54,825 - root - INFO - Test P:0.0800	0.0220	0.0150	0.0085	0.0054	0.0034	R:0.0506	0.0756	0.1006	0.1111	0.1586	0.1887	NDCG:0.0800	0.0700	0.0776	0.0801	0.0914	0.0971	
2021-12-27 10:04:54,825 - root - INFO - Total: 6272448 
2021-12-27 10:05:00,959 - root - INFO - Epoch 3  Loss: 0.5650  Train-Time: 1.580s  CTR-eval-Time: 0.455s 
2021-12-27 10:05:00,959 - root - INFO - Eval auc: 0.7615  f1: 0.6662      Test auc: 0.7600  f1: 0.6688
2021-12-27 10:05:24,804 - root - INFO - Epoch 3  Loss: 0.5650  Train-Time: 1.580s  CTR-eval-Time: 23.844s 
2021-12-27 10:05:24,804 - root - INFO - Eval P:0.0800	0.0380	0.0230	0.0130	0.0062	0.0039	R:0.0571	0.1295	0.1615	0.1798	0.2061	0.2478	NDCG:0.0800	0.0992	0.1075	0.1130	0.1190	0.1270	
2021-12-27 10:05:24,804 - root - INFO - Test P:0.0500	0.0220	0.0130	0.0065	0.0032	0.0025	R:0.0500	0.0959	0.1109	0.1109	0.1359	0.1724	NDCG:0.0500	0.0750	0.0794	0.0793	0.0845	0.0921	
2021-12-27 10:05:24,805 - root - INFO - Total: 6272448 
2021-12-27 10:05:31,298 - root - INFO - Epoch 4  Loss: 0.5024  Train-Time: 1.876s  CTR-eval-Time: 0.665s 
2021-12-27 10:05:31,298 - root - INFO - Eval auc: 0.7600  f1: 0.6763      Test auc: 0.7601  f1: 0.6799
2021-12-27 10:05:57,038 - root - INFO - Epoch 4  Loss: 0.5024  Train-Time: 1.876s  CTR-eval-Time: 25.739s 
2021-12-27 10:05:57,038 - root - INFO - Eval P:0.0900	0.0280	0.0150	0.0090	0.0058	0.0046	R:0.0708	0.0966	0.1066	0.1366	0.1753	0.2407	NDCG:0.0900	0.0911	0.0936	0.1005	0.1101	0.1226	
2021-12-27 10:05:57,038 - root - INFO - Test P:0.0600	0.0240	0.0140	0.0085	0.0042	0.0028	R:0.0525	0.0627	0.0761	0.0892	0.1121	0.1371	NDCG:0.0600	0.0650	0.0681	0.0713	0.0765	0.0815	
2021-12-27 10:05:57,039 - root - INFO - Total: 6272448 
2021-12-27 10:06:03,297 - root - INFO - Epoch 5  Loss: 0.4708  Train-Time: 1.637s  CTR-eval-Time: 0.449s 
2021-12-27 10:06:03,297 - root - INFO - Eval auc: 0.7557  f1: 0.6755      Test auc: 0.7570  f1: 0.6795
2021-12-27 10:06:27,018 - root - INFO - Epoch 5  Loss: 0.4708  Train-Time: 1.637s  CTR-eval-Time: 23.720s 
2021-12-27 10:06:27,019 - root - INFO - Eval P:0.1500	0.0380	0.0230	0.0145	0.0070	0.0050	R:0.1204	0.1299	0.1516	0.1938	0.2149	0.2659	NDCG:0.1500	0.1360	0.1410	0.1515	0.1567	0.1669	
2021-12-27 10:06:27,019 - root - INFO - Test P:0.0700	0.0220	0.0150	0.0090	0.0054	0.0047	R:0.0506	0.0762	0.0842	0.0995	0.1248	0.1981	NDCG:0.0700	0.0711	0.0738	0.0772	0.0842	0.0991	
2021-12-27 10:06:27,019 - root - INFO - Total: 6272448 
2021-12-27 10:06:32,379 - root - INFO - Epoch 6  Loss: 0.4486  Train-Time: 1.218s  CTR-eval-Time: 0.369s 
2021-12-27 10:06:32,379 - root - INFO - Eval auc: 0.7500  f1: 0.6758      Test auc: 0.7523  f1: 0.6785
2021-12-27 10:06:50,172 - root - INFO - Epoch 6  Loss: 0.4486  Train-Time: 1.218s  CTR-eval-Time: 17.792s 
2021-12-27 10:06:50,172 - root - INFO - Eval P:0.0500	0.0200	0.0130	0.0090	0.0064	0.0049	R:0.0276	0.0403	0.0441	0.0559	0.1026	0.1691	NDCG:0.0500	0.0454	0.0452	0.0481	0.0591	0.0709	
2021-12-27 10:06:50,172 - root - INFO - Test P:0.0800	0.0240	0.0150	0.0100	0.0058	0.0034	R:0.0608	0.0823	0.0887	0.1043	0.1435	0.1818	NDCG:0.0800	0.0769	0.0800	0.0854	0.0941	0.1006	
2021-12-27 10:06:50,172 - root - INFO - Total: 6272448 
2021-12-27 10:06:55,289 - root - INFO - Epoch 7  Loss: 0.4322  Train-Time: 1.113s  CTR-eval-Time: 0.316s 
2021-12-27 10:06:55,290 - root - INFO - Eval auc: 0.7441  f1: 0.6736      Test auc: 0.7459  f1: 0.6779
2021-12-27 10:07:11,052 - root - INFO - Epoch 7  Loss: 0.4322  Train-Time: 1.113s  CTR-eval-Time: 15.762s 
2021-12-27 10:07:11,052 - root - INFO - Eval P:0.0800	0.0200	0.0120	0.0070	0.0034	0.0021	R:0.0658	0.0715	0.0823	0.0927	0.1064	0.1323	NDCG:0.0800	0.0740	0.0759	0.0781	0.0809	0.0855	
2021-12-27 10:07:11,052 - root - INFO - Test P:0.0500	0.0200	0.0170	0.0115	0.0052	0.0032	R:0.0375	0.0716	0.1257	0.1496	0.1710	0.1908	NDCG:0.0500	0.0617	0.0802	0.0866	0.0909	0.0953	
2021-12-27 10:07:11,052 - root - INFO - Total: 6272448 
2021-12-27 10:07:16,219 - root - INFO - Epoch 8  Loss: 0.4180  Train-Time: 1.076s  CTR-eval-Time: 0.321s 
2021-12-27 10:07:16,219 - root - INFO - Eval auc: 0.7378  f1: 0.6709      Test auc: 0.7401  f1: 0.6730
2021-12-27 10:07:34,163 - root - INFO - Epoch 8  Loss: 0.4180  Train-Time: 1.076s  CTR-eval-Time: 17.943s 
2021-12-27 10:07:34,163 - root - INFO - Eval P:0.0700	0.0260	0.0140	0.0090	0.0044	0.0028	R:0.0431	0.0607	0.0707	0.0899	0.1132	0.1518	NDCG:0.0700	0.0619	0.0624	0.0676	0.0725	0.0794	
2021-12-27 10:07:34,163 - root - INFO - Test P:0.0400	0.0140	0.0080	0.0070	0.0038	0.0030	R:0.0311	0.0561	0.0611	0.1048	0.1373	0.2072	NDCG:0.0400	0.0479	0.0488	0.0611	0.0678	0.0801	
2021-12-27 10:07:34,164 - root - INFO - Total: 6272448 
2021-12-27 10:07:39,234 - root - INFO - Epoch 9  Loss: 0.4070  Train-Time: 1.046s  CTR-eval-Time: 0.342s 
2021-12-27 10:07:39,234 - root - INFO - Eval auc: 0.7322  f1: 0.6696      Test auc: 0.7346  f1: 0.6720
2021-12-27 10:07:55,601 - root - INFO - Epoch 9  Loss: 0.4070  Train-Time: 1.046s  CTR-eval-Time: 16.367s 
2021-12-27 10:07:55,601 - root - INFO - Eval P:0.0400	0.0160	0.0110	0.0065	0.0036	0.0027	R:0.0300	0.0384	0.0541	0.0578	0.0646	0.0842	NDCG:0.0400	0.0399	0.0440	0.0451	0.0475	0.0525	
2021-12-27 10:07:55,601 - root - INFO - Test P:0.0900	0.0300	0.0200	0.0110	0.0068	0.0045	R:0.0579	0.0770	0.0893	0.1000	0.1375	0.1755	NDCG:0.0900	0.0770	0.0807	0.0827	0.0916	0.0994	
2021-12-27 10:07:55,601 - root - INFO - Total: 6272448 
2021-12-27 10:08:00,860 - root - INFO - Epoch 10  Loss: 0.3989  Train-Time: 1.077s  CTR-eval-Time: 0.325s 
2021-12-27 10:08:00,860 - root - INFO - Eval auc: 0.7275  f1: 0.6670      Test auc: 0.7298  f1: 0.6695
2021-12-27 10:08:18,368 - root - INFO - Epoch 10  Loss: 0.3989  Train-Time: 1.077s  CTR-eval-Time: 17.507s 
2021-12-27 10:08:18,368 - root - INFO - Eval P:0.0400	0.0200	0.0100	0.0065	0.0038	0.0023	R:0.0283	0.0531	0.0531	0.0659	0.0934	0.1218	NDCG:0.0400	0.0481	0.0478	0.0520	0.0587	0.0639	
2021-12-27 10:08:18,368 - root - INFO - Test P:0.0600	0.0160	0.0130	0.0080	0.0048	0.0033	R:0.0292	0.0375	0.0456	0.0564	0.0851	0.1281	NDCG:0.0600	0.0422	0.0451	0.0475	0.0536	0.0616	
2021-12-27 10:08:18,368 - root - INFO - Total: 6272448 
2021-12-27 10:08:18,444 - root - INFO - 
2021-12-27 10:08:18,445 - root - INFO - CTR Evaluation - Best epoch: 3   corresponding Test auc: 0.7600    corresponding Test F1: 0.6688
2021-12-27 10:08:18,445 - root - INFO - Top@k Evaluation
2021-12-27 10:08:18,445 - root - INFO - Top@1:  Best epoch: 5   corresponding Test R: 0.0506    corresponding Test NDCG: 0.0700
2021-12-27 10:08:18,445 - root - INFO - Top@5:  Best epoch: 5   corresponding Test R: 0.0762    corresponding Test NDCG: 0.0711
2021-12-27 10:08:18,445 - root - INFO - Top@10:  Best epoch: 3   corresponding Test R: 0.1109    corresponding Test NDCG: 0.0794
2021-12-27 10:08:18,445 - root - INFO - Top@20:  Best epoch: 5   corresponding Test R: 0.0995    corresponding Test NDCG: 0.0772
2021-12-27 10:08:18,445 - root - INFO - Top@50:  Best epoch: 5   corresponding Test R: 0.1248    corresponding Test NDCG: 0.0842
2021-12-27 10:08:18,445 - root - INFO - Top@100:  Best epoch: 5   corresponding Test R: 0.1981    corresponding Test NDCG: 0.0991
2021-12-27 10:08:18,445 - root - INFO - --------------------------------
2021-12-27 10:08:18,445 - root - INFO - 
2021-12-27 10:08:18,445 - root - INFO - Top@1 recommendation:   Avg-best-R 0.0549 | Avg-best-NDCG: 0.0700 
2021-12-27 10:08:18,445 - root - INFO - Top@5 recommendation:   Avg-best-R 0.0820 | Avg-best-NDCG: 0.0775 
2021-12-27 10:08:18,446 - root - INFO - Top@10 recommendation:   Avg-best-R 0.0970 | Avg-best-NDCG: 0.0815 
2021-12-27 10:08:18,446 - root - INFO - Top@20 recommendation:   Avg-best-R 0.1180 | Avg-best-NDCG: 0.0906 
2021-12-27 10:08:18,446 - root - INFO - Top@50 recommendation:   Avg-best-R 0.1485 | Avg-best-NDCG: 0.0978 
2021-12-27 10:08:18,446 - root - INFO - Top@100 recommendation:   Avg-best-R 0.2008 | Avg-best-NDCG: 0.1104 
2021-12-27 10:08:18,446 - root - INFO -  Avg-best-auc 0.7578 | Avg-best-F1: 0.6714 | Max-best-Auc: 0.7614 | Max-best-F1: 0.6756
2021-12-27 10:08:18,446 - root - INFO - ********************************************************************************************
2021-12-27 10:08:18,446 - root - INFO - ********************************************************************************************
