2021-12-26 18:02:33,242 - root - INFO - Namespace(a=0.4, agg_type='concat', batch_size=2048, data_dir='data/', data_name='dianping', dropout=0.0, gpu_id=0, kg_file='kg_final.txt', l2_weight=1e-07, lr=0.002, n_epoch=5, n_head=8, n_layer=1, node_dim=64, repr_type='combine', sample_size=8, saved_dir='logs/CG-KGR_final/dianping/Dim64/', seed=2021, task='ALL')
2021-12-26 18:02:33,242 - root - INFO - CG-KGR experiments.
2021-12-26 18:02:33,242 - root - INFO - train_1.txt
2021-12-26 18:06:38,557 - tensorflow - WARNING - From /home/ma-user/anaconda/lib/python3.6/site-packages/tensorflow/python/framework/op_def_library.py:263: colocate_with (from tensorflow.python.framework.ops) is deprecated and will be removed in a future version.
Instructions for updating:
Colocations handled automatically by placer.
2021-12-26 18:06:38,597 - tensorflow - WARNING - From /cache/chenyankai/CG-KGR_final/src/aggregators.py:73: calling softmax (from tensorflow.python.ops.nn_ops) with dim is deprecated and will be removed in a future version.
Instructions for updating:
dim is deprecated, use axis instead
2021-12-26 18:06:38,605 - tensorflow - WARNING - From /cache/chenyankai/CG-KGR_final/src/aggregators.py:107: calling dropout (from tensorflow.python.ops.nn_ops) with keep_prob is deprecated and will be removed in a future version.
Instructions for updating:
Please use `rate` instead of `keep_prob`. Rate should be set to `rate = 1 - keep_prob`.
2021-12-26 18:06:38,758 - tensorflow - WARNING - From /home/ma-user/anaconda/lib/python3.6/site-packages/tensorflow/python/ops/math_ops.py:3066: to_int32 (from tensorflow.python.ops.math_ops) is deprecated and will be removed in a future version.
Instructions for updating:
Use tf.cast instead.
2021-12-26 18:48:21,462 - root - INFO - Epoch 1  Loss: 0.4241  Train-Time: 2192.166s  CTR-eval-Time: 247.493s 
2021-12-26 18:48:21,462 - root - INFO - Eval auc: 0.8924  f1: 0.8153      Test auc: 0.8923  f1: 0.8155
2021-12-26 18:49:56,675 - root - INFO - Epoch 1  Loss: 0.4241  Train-Time: 2192.166s  CTR-eval-Time: 95.213s 
2021-12-26 18:49:56,676 - root - INFO - Eval P:0.0500	0.0420	0.0370	0.0295	0.0194	0.0149	R:0.0225	0.0739	0.1241	0.2249	0.3877	0.5728	NDCG:0.0500	0.0652	0.0831	0.1119	0.1508	0.1893	
2021-12-26 18:49:56,676 - root - INFO - Test P:0.0200	0.0360	0.0280	0.0270	0.0178	0.0128	R:0.0150	0.0945	0.1510	0.2745	0.4362	0.6360	NDCG:0.0200	0.0633	0.0820	0.1189	0.1581	0.1958	
2021-12-26 18:49:56,676 - root - INFO - Total: 148985920 
2021-12-26 19:31:36,515 - root - INFO - Epoch 2  Loss: 0.3772  Train-Time: 2193.972s  CTR-eval-Time: 250.419s 
2021-12-26 19:31:36,516 - root - INFO - Eval auc: 0.8956  f1: 0.8174      Test auc: 0.8953  f1: 0.8175
2021-12-26 19:33:20,850 - root - INFO - Epoch 2  Loss: 0.3772  Train-Time: 2193.972s  CTR-eval-Time: 104.334s 
2021-12-26 19:33:20,850 - root - INFO - Eval P:0.0600	0.0260	0.0230	0.0195	0.0140	0.0113	R:0.0370	0.0887	0.1416	0.2072	0.3340	0.5663	NDCG:0.0600	0.0685	0.0878	0.1081	0.1402	0.1841	
2021-12-26 19:33:20,850 - root - INFO - Test P:0.0700	0.0380	0.0300	0.0265	0.0188	0.0147	R:0.0306	0.0718	0.1317	0.2188	0.3554	0.5666	NDCG:0.0700	0.0696	0.0868	0.1131	0.1465	0.1877	
2021-12-26 19:33:20,851 - root - INFO - Total: 148985920 
2021-12-26 20:14:41,987 - root - INFO - Epoch 3  Loss: 0.2788  Train-Time: 2183.697s  CTR-eval-Time: 242.443s 
2021-12-26 20:14:41,988 - root - INFO - Eval auc: 0.8853  f1: 0.8081      Test auc: 0.8851  f1: 0.8082
2021-12-26 20:16:22,613 - root - INFO - Epoch 3  Loss: 0.2788  Train-Time: 2183.697s  CTR-eval-Time: 100.625s 
2021-12-26 20:16:22,613 - root - INFO - Eval P:0.0300	0.0340	0.0320	0.0245	0.0178	0.0137	R:0.0043	0.0627	0.1448	0.1865	0.3453	0.5602	NDCG:0.0300	0.0514	0.0763	0.0898	0.1285	0.1696	
2021-12-26 20:16:22,613 - root - INFO - Test P:0.0600	0.0300	0.0270	0.0215	0.0158	0.0120	R:0.0308	0.0718	0.1408	0.2085	0.3591	0.5538	NDCG:0.0600	0.0649	0.0875	0.1080	0.1448	0.1814	
2021-12-26 20:16:22,614 - root - INFO - Total: 148985920 
2021-12-26 20:57:47,766 - root - INFO - Epoch 4  Loss: 0.2081  Train-Time: 2184.133s  CTR-eval-Time: 246.096s 
2021-12-26 20:57:47,766 - root - INFO - Eval auc: 0.8714  f1: 0.7937      Test auc: 0.8713  f1: 0.7938
2021-12-26 20:59:28,729 - root - INFO - Epoch 4  Loss: 0.2081  Train-Time: 2184.133s  CTR-eval-Time: 100.963s 
2021-12-26 20:59:28,730 - root - INFO - Eval P:0.0500	0.0260	0.0230	0.0220	0.0146	0.0111	R:0.0400	0.0805	0.1313	0.2096	0.3017	0.4748	NDCG:0.0500	0.0659	0.0848	0.1103	0.1344	0.1682	
2021-12-26 20:59:28,730 - root - INFO - Test P:0.0400	0.0360	0.0320	0.0245	0.0164	0.0118	R:0.0400	0.0983	0.1700	0.2657	0.3749	0.5559	NDCG:0.0400	0.0782	0.1031	0.1305	0.1589	0.1931	
2021-12-26 20:59:28,730 - root - INFO - Total: 148985920 
2021-12-26 21:41:24,481 - root - INFO - Epoch 5  Loss: 0.1910  Train-Time: 2205.476s  CTR-eval-Time: 255.189s 
2021-12-26 21:41:24,481 - root - INFO - Eval auc: 0.8651  f1: 0.7877      Test auc: 0.8650  f1: 0.7880
2021-12-26 21:43:00,490 - root - INFO - Epoch 5  Loss: 0.1910  Train-Time: 2205.476s  CTR-eval-Time: 96.008s 
2021-12-26 21:43:00,490 - root - INFO - Eval P:0.0300	0.0120	0.0100	0.0130	0.0118	0.0106	R:0.0100	0.0178	0.0428	0.1249	0.2675	0.4878	NDCG:0.0300	0.0196	0.0289	0.0535	0.0885	0.1311	
2021-12-26 21:43:00,490 - root - INFO - Test P:0.0000	0.0300	0.0250	0.0190	0.0156	0.0126	R:0.0000	0.0868	0.1318	0.1536	0.2875	0.4601	NDCG:0.0000	0.0517	0.0681	0.0766	0.1105	0.1456	
2021-12-26 21:43:00,490 - root - INFO - Total: 148985920 
2021-12-26 21:43:06,709 - root - INFO - 
2021-12-26 21:43:06,711 - root - INFO - CTR Evaluation - Best epoch: 2   corresponding Test auc: 0.8953    corresponding Test F1: 0.8175
2021-12-26 21:43:06,711 - root - INFO - Top@k Evaluation
2021-12-26 21:43:06,711 - root - INFO - Top@1:  Best epoch: 4   corresponding Test R: 0.0400    corresponding Test NDCG: 0.0400
2021-12-26 21:43:06,711 - root - INFO - Top@5:  Best epoch: 2   corresponding Test R: 0.0718    corresponding Test NDCG: 0.0696
2021-12-26 21:43:06,711 - root - INFO - Top@10:  Best epoch: 3   corresponding Test R: 0.1408    corresponding Test NDCG: 0.0875
2021-12-26 21:43:06,711 - root - INFO - Top@20:  Best epoch: 1   corresponding Test R: 0.2745    corresponding Test NDCG: 0.1189
2021-12-26 21:43:06,711 - root - INFO - Top@50:  Best epoch: 1   corresponding Test R: 0.4362    corresponding Test NDCG: 0.1581
2021-12-26 21:43:06,711 - root - INFO - Top@100:  Best epoch: 1   corresponding Test R: 0.6360    corresponding Test NDCG: 0.1958
2021-12-26 21:43:06,711 - root - INFO - --------------------------------
2021-12-26 21:43:06,711 - root - INFO - 
2021-12-26 21:43:06,711 - root - INFO - train_2.txt
2021-12-26 22:28:50,072 - root - INFO - Epoch 1  Loss: 0.4242  Train-Time: 2185.898s  CTR-eval-Time: 249.553s 
2021-12-26 22:28:50,073 - root - INFO - Eval auc: 0.8942  f1: 0.8179      Test auc: 0.8942  f1: 0.8181
2021-12-26 22:30:34,252 - root - INFO - Epoch 1  Loss: 0.4242  Train-Time: 2185.898s  CTR-eval-Time: 104.179s 
2021-12-26 22:30:34,253 - root - INFO - Eval P:0.0500	0.0560	0.0380	0.0285	0.0186	0.0131	R:0.0333	0.1842	0.2187	0.3153	0.4612	0.5944	NDCG:0.0500	0.1235	0.1375	0.1645	0.2007	0.2284	
2021-12-26 22:30:34,253 - root - INFO - Test P:0.0800	0.0560	0.0400	0.0310	0.0204	0.0144	R:0.0284	0.1155	0.1653	0.2686	0.4162	0.5441	NDCG:0.0800	0.0934	0.1106	0.1420	0.1794	0.2080	
2021-12-26 22:30:34,254 - root - INFO - Total: 148985920 
2021-12-26 23:12:09,482 - root - INFO - Epoch 2  Loss: 0.3770  Train-Time: 2195.032s  CTR-eval-Time: 243.827s 
2021-12-26 23:12:09,483 - root - INFO - Eval auc: 0.8969  f1: 0.8197      Test auc: 0.8970  f1: 0.8200
2021-12-26 23:13:48,593 - root - INFO - Epoch 2  Loss: 0.3770  Train-Time: 2195.032s  CTR-eval-Time: 99.109s 
2021-12-26 23:13:48,593 - root - INFO - Eval P:0.1200	0.0580	0.0430	0.0320	0.0202	0.0144	R:0.0607	0.1487	0.1986	0.2596	0.4178	0.6018	NDCG:0.1200	0.1261	0.1447	0.1649	0.2032	0.2397	
2021-12-26 23:13:48,593 - root - INFO - Test P:0.0600	0.0300	0.0290	0.0270	0.0182	0.0131	R:0.0323	0.0585	0.1133	0.2368	0.3913	0.5429	NDCG:0.0600	0.0567	0.0767	0.1135	0.1505	0.1817	
2021-12-26 23:13:48,593 - root - INFO - Total: 148985920 
2021-12-26 23:55:22,662 - root - INFO - Epoch 3  Loss: 0.2783  Train-Time: 2193.655s  CTR-eval-Time: 244.633s 
2021-12-26 23:55:22,662 - root - INFO - Eval auc: 0.8838  f1: 0.8040      Test auc: 0.8840  f1: 0.8043
2021-12-26 23:57:02,027 - root - INFO - Epoch 3  Loss: 0.2783  Train-Time: 2193.655s  CTR-eval-Time: 99.365s 
2021-12-26 23:57:02,028 - root - INFO - Eval P:0.0300	0.0420	0.0370	0.0340	0.0234	0.0161	R:0.0300	0.1078	0.1606	0.2990	0.4379	0.5249	NDCG:0.0300	0.0788	0.1002	0.1420	0.1802	0.2020	
2021-12-26 23:57:02,028 - root - INFO - Test P:0.0600	0.0480	0.0360	0.0320	0.0194	0.0139	R:0.0200	0.1043	0.1776	0.2964	0.4007	0.5523	NDCG:0.0600	0.0829	0.1069	0.1437	0.1719	0.2036	
2021-12-26 23:57:02,028 - root - INFO - Total: 148985920 
2021-12-27 00:38:25,597 - root - INFO - Epoch 4  Loss: 0.2078  Train-Time: 2181.013s  CTR-eval-Time: 247.232s 
2021-12-27 00:38:25,597 - root - INFO - Eval auc: 0.8713  f1: 0.7932      Test auc: 0.8713  f1: 0.7936
2021-12-27 00:40:02,519 - root - INFO - Epoch 4  Loss: 0.2078  Train-Time: 2181.013s  CTR-eval-Time: 96.922s 
2021-12-27 00:40:02,520 - root - INFO - Eval P:0.0400	0.0280	0.0280	0.0245	0.0182	0.0137	R:0.0166	0.0739	0.1133	0.1899	0.3487	0.5026	NDCG:0.0400	0.0545	0.0708	0.0935	0.1326	0.1645	
2021-12-27 00:40:02,520 - root - INFO - Test P:0.0300	0.0240	0.0200	0.0175	0.0158	0.0112	R:0.0175	0.0703	0.1005	0.1734	0.4053	0.5639	NDCG:0.0300	0.0521	0.0655	0.0863	0.1391	0.1695	
2021-12-27 00:40:02,520 - root - INFO - Total: 148985920 
2021-12-27 01:21:23,261 - root - INFO - Epoch 5  Loss: 0.1906  Train-Time: 2180.487s  CTR-eval-Time: 244.716s 
2021-12-27 01:21:23,262 - root - INFO - Eval auc: 0.8653  f1: 0.7874      Test auc: 0.8655  f1: 0.7882
2021-12-27 01:23:05,129 - root - INFO - Epoch 5  Loss: 0.1906  Train-Time: 2180.487s  CTR-eval-Time: 101.867s 
2021-12-27 01:23:05,130 - root - INFO - Eval P:0.0400	0.0260	0.0240	0.0155	0.0152	0.0118	R:0.0082	0.0549	0.0948	0.1263	0.3348	0.5030	NDCG:0.0400	0.0435	0.0565	0.0652	0.1149	0.1488	
2021-12-27 01:23:05,130 - root - INFO - Test P:0.0500	0.0380	0.0330	0.0275	0.0188	0.0140	R:0.0184	0.0764	0.1386	0.2228	0.3366	0.5086	NDCG:0.0500	0.0643	0.0837	0.1069	0.1341	0.1685	
2021-12-27 01:23:05,130 - root - INFO - Total: 148985920 
2021-12-27 01:23:11,630 - root - INFO - 
2021-12-27 01:23:11,634 - root - INFO - CTR Evaluation - Best epoch: 2   corresponding Test auc: 0.8970    corresponding Test F1: 0.8200
2021-12-27 01:23:11,634 - root - INFO - Top@k Evaluation
2021-12-27 01:23:11,634 - root - INFO - Top@1:  Best epoch: 2   corresponding Test R: 0.0323    corresponding Test NDCG: 0.0600
2021-12-27 01:23:11,634 - root - INFO - Top@5:  Best epoch: 1   corresponding Test R: 0.1155    corresponding Test NDCG: 0.0934
2021-12-27 01:23:11,634 - root - INFO - Top@10:  Best epoch: 1   corresponding Test R: 0.1653    corresponding Test NDCG: 0.1106
2021-12-27 01:23:11,634 - root - INFO - Top@20:  Best epoch: 1   corresponding Test R: 0.2686    corresponding Test NDCG: 0.1420
2021-12-27 01:23:11,635 - root - INFO - Top@50:  Best epoch: 1   corresponding Test R: 0.4162    corresponding Test NDCG: 0.1794
2021-12-27 01:23:11,635 - root - INFO - Top@100:  Best epoch: 2   corresponding Test R: 0.5429    corresponding Test NDCG: 0.1817
2021-12-27 01:23:11,635 - root - INFO - --------------------------------
2021-12-27 01:23:11,635 - root - INFO - 
2021-12-27 01:23:11,635 - root - INFO - train_3.txt
2021-12-27 02:08:46,236 - root - INFO - Epoch 1  Loss: 0.4246  Train-Time: 2185.084s  CTR-eval-Time: 244.077s 
2021-12-27 02:08:46,237 - root - INFO - Eval auc: 0.8931  f1: 0.8184      Test auc: 0.8931  f1: 0.8182
2021-12-27 02:10:22,542 - root - INFO - Epoch 1  Loss: 0.4246  Train-Time: 2185.084s  CTR-eval-Time: 96.305s 
2021-12-27 02:10:22,543 - root - INFO - Eval P:0.0600	0.0280	0.0290	0.0240	0.0170	0.0115	R:0.0500	0.0882	0.1743	0.2616	0.4309	0.5841	NDCG:0.0600	0.0764	0.1081	0.1337	0.1736	0.2026	
2021-12-27 02:10:22,543 - root - INFO - Test P:0.0500	0.0360	0.0290	0.0230	0.0162	0.0110	R:0.0358	0.0784	0.1308	0.2300	0.3970	0.5509	NDCG:0.0500	0.0723	0.0904	0.1179	0.1567	0.1856	
2021-12-27 02:10:22,543 - root - INFO - Total: 148985920 
2021-12-27 02:51:58,519 - root - INFO - Epoch 2  Loss: 0.3795  Train-Time: 2187.710s  CTR-eval-Time: 251.615s 
2021-12-27 02:51:58,519 - root - INFO - Eval auc: 0.8959  f1: 0.8177      Test auc: 0.8960  f1: 0.8177
2021-12-27 02:53:41,430 - root - INFO - Epoch 2  Loss: 0.3795  Train-Time: 2187.710s  CTR-eval-Time: 102.910s 
2021-12-27 02:53:41,430 - root - INFO - Eval P:0.0500	0.0360	0.0320	0.0225	0.0146	0.0105	R:0.0317	0.0922	0.1595	0.2280	0.3613	0.5206	NDCG:0.0500	0.0732	0.0968	0.1168	0.1486	0.1790	
2021-12-27 02:53:41,430 - root - INFO - Test P:0.0400	0.0220	0.0220	0.0190	0.0140	0.0098	R:0.0144	0.0463	0.1077	0.2168	0.3971	0.5186	NDCG:0.0400	0.0394	0.0597	0.0893	0.1290	0.1535	
2021-12-27 02:53:41,431 - root - INFO - Total: 148985920 
2021-12-27 03:34:58,995 - root - INFO - Epoch 3  Loss: 0.2819  Train-Time: 2177.996s  CTR-eval-Time: 243.799s 
2021-12-27 03:34:58,995 - root - INFO - Eval auc: 0.8864  f1: 0.8096      Test auc: 0.8862  f1: 0.8096
2021-12-27 03:36:43,804 - root - INFO - Epoch 3  Loss: 0.2819  Train-Time: 2177.996s  CTR-eval-Time: 104.808s 
2021-12-27 03:36:43,804 - root - INFO - Eval P:0.0200	0.0300	0.0300	0.0255	0.0160	0.0119	R:0.0200	0.0880	0.1823	0.3118	0.4086	0.5678	NDCG:0.0200	0.0597	0.0920	0.1287	0.1541	0.1867	
2021-12-27 03:36:43,804 - root - INFO - Test P:0.0700	0.0340	0.0340	0.0295	0.0174	0.0121	R:0.0283	0.0774	0.1581	0.2806	0.4026	0.5460	NDCG:0.0700	0.0670	0.0943	0.1296	0.1579	0.1857	
2021-12-27 03:36:43,804 - root - INFO - Total: 148985920 
2021-12-27 04:18:12,501 - root - INFO - Epoch 4  Loss: 0.2096  Train-Time: 2184.656s  CTR-eval-Time: 248.489s 
2021-12-27 04:18:12,502 - root - INFO - Eval auc: 0.8712  f1: 0.7942      Test auc: 0.8712  f1: 0.7942
2021-12-27 04:19:51,417 - root - INFO - Epoch 4  Loss: 0.2096  Train-Time: 2184.656s  CTR-eval-Time: 98.915s 
2021-12-27 04:19:51,417 - root - INFO - Eval P:0.0200	0.0340	0.0260	0.0185	0.0128	0.0100	R:0.0133	0.0824	0.1190	0.1768	0.3204	0.4870	NDCG:0.0200	0.0599	0.0743	0.0908	0.1239	0.1562	
2021-12-27 04:19:51,417 - root - INFO - Test P:0.0200	0.0260	0.0200	0.0190	0.0146	0.0119	R:0.0117	0.0601	0.0935	0.1735	0.3502	0.5344	NDCG:0.0200	0.0432	0.0549	0.0798	0.1211	0.1588	
2021-12-27 04:19:51,418 - root - INFO - Total: 148985920 
2021-12-27 05:01:20,459 - root - INFO - Epoch 5  Loss: 0.1914  Train-Time: 2186.095s  CTR-eval-Time: 247.570s 
2021-12-27 05:01:20,460 - root - INFO - Eval auc: 0.8648  f1: 0.7873      Test auc: 0.8648  f1: 0.7872
2021-12-27 05:03:07,796 - root - INFO - Epoch 5  Loss: 0.1914  Train-Time: 2186.095s  CTR-eval-Time: 107.336s 
2021-12-27 05:03:07,796 - root - INFO - Eval P:0.0300	0.0360	0.0270	0.0210	0.0150	0.0116	R:0.0225	0.0851	0.1175	0.1963	0.3255	0.5256	NDCG:0.0300	0.0662	0.0775	0.1006	0.1333	0.1720	
2021-12-27 05:03:07,796 - root - INFO - Test P:0.0200	0.0240	0.0240	0.0200	0.0156	0.0119	R:0.0108	0.0416	0.0854	0.1647	0.3403	0.5100	NDCG:0.0200	0.0380	0.0536	0.0754	0.1175	0.1512	
2021-12-27 05:03:07,796 - root - INFO - Total: 148985920 
2021-12-27 05:03:14,288 - root - INFO - 
2021-12-27 05:03:14,289 - root - INFO - CTR Evaluation - Best epoch: 2   corresponding Test auc: 0.8960    corresponding Test F1: 0.8177
2021-12-27 05:03:14,289 - root - INFO - Top@k Evaluation
2021-12-27 05:03:14,289 - root - INFO - Top@1:  Best epoch: 1   corresponding Test R: 0.0358    corresponding Test NDCG: 0.0500
2021-12-27 05:03:14,289 - root - INFO - Top@5:  Best epoch: 2   corresponding Test R: 0.0463    corresponding Test NDCG: 0.0394
2021-12-27 05:03:14,289 - root - INFO - Top@10:  Best epoch: 3   corresponding Test R: 0.1581    corresponding Test NDCG: 0.0943
2021-12-27 05:03:14,289 - root - INFO - Top@20:  Best epoch: 3   corresponding Test R: 0.2806    corresponding Test NDCG: 0.1296
2021-12-27 05:03:14,289 - root - INFO - Top@50:  Best epoch: 1   corresponding Test R: 0.3970    corresponding Test NDCG: 0.1567
2021-12-27 05:03:14,289 - root - INFO - Top@100:  Best epoch: 1   corresponding Test R: 0.5509    corresponding Test NDCG: 0.1856
2021-12-27 05:03:14,290 - root - INFO - --------------------------------
2021-12-27 05:03:14,290 - root - INFO - 
2021-12-27 05:03:14,290 - root - INFO - train_4.txt
2021-12-27 05:48:42,779 - root - INFO - Epoch 1  Loss: 0.4242  Train-Time: 2181.685s  CTR-eval-Time: 244.567s 
2021-12-27 05:48:42,780 - root - INFO - Eval auc: 0.8928  f1: 0.8190      Test auc: 0.8925  f1: 0.8184
2021-12-27 05:50:19,544 - root - INFO - Epoch 1  Loss: 0.4242  Train-Time: 2181.685s  CTR-eval-Time: 96.764s 
2021-12-27 05:50:19,545 - root - INFO - Eval P:0.0900	0.0360	0.0260	0.0185	0.0126	0.0105	R:0.0498	0.0876	0.1214	0.1903	0.3424	0.5339	NDCG:0.0900	0.0837	0.0950	0.1140	0.1483	0.1856	
2021-12-27 05:50:19,545 - root - INFO - Test P:0.0900	0.0300	0.0300	0.0285	0.0210	0.0143	R:0.0373	0.0525	0.1329	0.2456	0.4496	0.5776	NDCG:0.0900	0.0610	0.0891	0.1232	0.1728	0.2004	
2021-12-27 05:50:19,545 - root - INFO - Total: 148985920 
2021-12-27 06:31:57,818 - root - INFO - Epoch 2  Loss: 0.3772  Train-Time: 2196.397s  CTR-eval-Time: 247.272s 
2021-12-27 06:31:57,819 - root - INFO - Eval auc: 0.8965  f1: 0.8189      Test auc: 0.8961  f1: 0.8184
2021-12-27 06:33:41,141 - root - INFO - Epoch 2  Loss: 0.3772  Train-Time: 2196.397s  CTR-eval-Time: 103.322s 
2021-12-27 06:33:41,142 - root - INFO - Eval P:0.0400	0.0500	0.0350	0.0275	0.0168	0.0120	R:0.0233	0.1238	0.1816	0.2784	0.4373	0.5603	NDCG:0.0400	0.0887	0.1064	0.1348	0.1705	0.1964	
2021-12-27 06:33:41,142 - root - INFO - Test P:0.0700	0.0540	0.0340	0.0260	0.0196	0.0150	R:0.0228	0.0839	0.1112	0.1670	0.3893	0.5894	NDCG:0.0700	0.0783	0.0838	0.1005	0.1519	0.1925	
2021-12-27 06:33:41,142 - root - INFO - Total: 148985920 
2021-12-27 07:15:04,527 - root - INFO - Epoch 3  Loss: 0.2780  Train-Time: 2183.457s  CTR-eval-Time: 244.326s 
2021-12-27 07:15:04,528 - root - INFO - Eval auc: 0.8854  f1: 0.8085      Test auc: 0.8850  f1: 0.8083
2021-12-27 07:16:47,447 - root - INFO - Epoch 3  Loss: 0.2780  Train-Time: 2183.457s  CTR-eval-Time: 102.918s 
2021-12-27 07:16:47,447 - root - INFO - Eval P:0.0400	0.0300	0.0260	0.0205	0.0140	0.0113	R:0.0208	0.0843	0.1288	0.1911	0.3577	0.5602	NDCG:0.0400	0.0608	0.0782	0.0969	0.1345	0.1735	
2021-12-27 07:16:47,447 - root - INFO - Test P:0.0800	0.0460	0.0360	0.0285	0.0186	0.0145	R:0.0497	0.1038	0.1683	0.2332	0.4021	0.6230	NDCG:0.0800	0.0914	0.1134	0.1334	0.1708	0.2139	
2021-12-27 07:16:47,447 - root - INFO - Total: 148985920 
2021-12-27 07:58:25,829 - root - INFO - Epoch 4  Loss: 0.2067  Train-Time: 2186.448s  CTR-eval-Time: 256.357s 
2021-12-27 07:58:25,830 - root - INFO - Eval auc: 0.8699  f1: 0.7926      Test auc: 0.8694  f1: 0.7918
2021-12-27 08:00:03,845 - root - INFO - Epoch 4  Loss: 0.2067  Train-Time: 2186.448s  CTR-eval-Time: 98.015s 
2021-12-27 08:00:03,846 - root - INFO - Eval P:0.0600	0.0360	0.0280	0.0235	0.0160	0.0107	R:0.0358	0.1162	0.1485	0.2511	0.3903	0.4801	NDCG:0.0600	0.0835	0.0983	0.1275	0.1610	0.1796	
2021-12-27 08:00:03,846 - root - INFO - Test P:0.0400	0.0320	0.0320	0.0285	0.0156	0.0126	R:0.0145	0.0880	0.1677	0.2682	0.3557	0.5547	NDCG:0.0400	0.0633	0.0929	0.1255	0.1470	0.1868	
2021-12-27 08:00:03,847 - root - INFO - Total: 148985920 
2021-12-27 08:41:30,774 - root - INFO - Epoch 5  Loss: 0.1900  Train-Time: 2183.563s  CTR-eval-Time: 248.771s 
2021-12-27 08:41:30,775 - root - INFO - Eval auc: 0.8672  f1: 0.7897      Test auc: 0.8668  f1: 0.7893
2021-12-27 08:43:12,470 - root - INFO - Epoch 5  Loss: 0.1900  Train-Time: 2183.563s  CTR-eval-Time: 101.695s 
2021-12-27 08:43:12,471 - root - INFO - Eval P:0.0500	0.0360	0.0300	0.0205	0.0142	0.0106	R:0.0283	0.0873	0.1568	0.2114	0.3304	0.4688	NDCG:0.0500	0.0681	0.0932	0.1092	0.1386	0.1669	
2021-12-27 08:43:12,471 - root - INFO - Test P:0.0100	0.0220	0.0200	0.0165	0.0120	0.0098	R:0.0010	0.0784	0.1240	0.1686	0.2897	0.5107	NDCG:0.0100	0.0410	0.0561	0.0710	0.0995	0.1394	
2021-12-27 08:43:12,471 - root - INFO - Total: 148985920 
2021-12-27 08:43:19,002 - root - INFO - 
2021-12-27 08:43:19,003 - root - INFO - CTR Evaluation - Best epoch: 2   corresponding Test auc: 0.8961    corresponding Test F1: 0.8184
2021-12-27 08:43:19,003 - root - INFO - Top@k Evaluation
2021-12-27 08:43:19,003 - root - INFO - Top@1:  Best epoch: 1   corresponding Test R: 0.0373    corresponding Test NDCG: 0.0900
2021-12-27 08:43:19,003 - root - INFO - Top@5:  Best epoch: 2   corresponding Test R: 0.0839    corresponding Test NDCG: 0.0783
2021-12-27 08:43:19,003 - root - INFO - Top@10:  Best epoch: 2   corresponding Test R: 0.1112    corresponding Test NDCG: 0.0838
2021-12-27 08:43:19,003 - root - INFO - Top@20:  Best epoch: 2   corresponding Test R: 0.1670    corresponding Test NDCG: 0.1005
2021-12-27 08:43:19,004 - root - INFO - Top@50:  Best epoch: 2   corresponding Test R: 0.3893    corresponding Test NDCG: 0.1519
2021-12-27 08:43:19,004 - root - INFO - Top@100:  Best epoch: 2   corresponding Test R: 0.5894    corresponding Test NDCG: 0.1925
2021-12-27 08:43:19,004 - root - INFO - --------------------------------
2021-12-27 08:43:19,004 - root - INFO - 
2021-12-27 08:43:19,004 - root - INFO - train_5.txt
2021-12-27 09:29:03,876 - root - INFO - Epoch 1  Loss: 0.4240  Train-Time: 2188.175s  CTR-eval-Time: 249.066s 
2021-12-27 09:29:03,877 - root - INFO - Eval auc: 0.8934  f1: 0.8179      Test auc: 0.8931  f1: 0.8178
2021-12-27 09:30:39,011 - root - INFO - Epoch 1  Loss: 0.4240  Train-Time: 2188.175s  CTR-eval-Time: 95.133s 
2021-12-27 09:30:39,011 - root - INFO - Eval P:0.0500	0.0280	0.0250	0.0225	0.0152	0.0111	R:0.0361	0.0796	0.1193	0.2094	0.3652	0.5306	NDCG:0.0500	0.0692	0.0839	0.1116	0.1485	0.1808	
2021-12-27 09:30:39,011 - root - INFO - Test P:0.0200	0.0200	0.0160	0.0225	0.0176	0.0129	R:0.0037	0.0553	0.0733	0.1997	0.3822	0.5460	NDCG:0.0200	0.0327	0.0409	0.0804	0.1245	0.1575	
2021-12-27 09:30:39,012 - root - INFO - Total: 148985920 
2021-12-27 10:12:14,098 - root - INFO - Epoch 2  Loss: 0.3772  Train-Time: 2192.502s  CTR-eval-Time: 247.522s 
2021-12-27 10:12:14,099 - root - INFO - Eval auc: 0.8973  f1: 0.8207      Test auc: 0.8971  f1: 0.8205
2021-12-27 10:13:58,132 - root - INFO - Epoch 2  Loss: 0.3772  Train-Time: 2192.502s  CTR-eval-Time: 104.032s 
2021-12-27 10:13:58,132 - root - INFO - Eval P:0.0300	0.0480	0.0360	0.0290	0.0216	0.0148	R:0.0158	0.1056	0.1601	0.2653	0.4351	0.5802	NDCG:0.0300	0.0756	0.0973	0.1283	0.1732	0.2041	
2021-12-27 10:13:58,132 - root - INFO - Test P:0.0700	0.0340	0.0350	0.0300	0.0194	0.0141	R:0.0364	0.0996	0.1540	0.2791	0.4168	0.5851	NDCG:0.0700	0.0783	0.1002	0.1364	0.1701	0.2041	
2021-12-27 10:13:58,132 - root - INFO - Total: 148985920 
2021-12-27 10:55:25,865 - root - INFO - Epoch 3  Loss: 0.2783  Train-Time: 2184.924s  CTR-eval-Time: 247.628s 
2021-12-27 10:55:25,866 - root - INFO - Eval auc: 0.8857  f1: 0.8087      Test auc: 0.8853  f1: 0.8086
2021-12-27 10:57:08,305 - root - INFO - Epoch 3  Loss: 0.2783  Train-Time: 2184.924s  CTR-eval-Time: 102.438s 
2021-12-27 10:57:08,305 - root - INFO - Eval P:0.0400	0.0320	0.0340	0.0235	0.0156	0.0121	R:0.0179	0.0782	0.1542	0.2209	0.3518	0.5410	NDCG:0.0400	0.0604	0.0881	0.1077	0.1400	0.1769	
2021-12-27 10:57:08,305 - root - INFO - Test P:0.0400	0.0400	0.0360	0.0270	0.0158	0.0125	R:0.0325	0.1377	0.2098	0.2916	0.4237	0.5679	NDCG:0.0400	0.0927	0.1204	0.1451	0.1758	0.2072	
2021-12-27 10:57:08,305 - root - INFO - Total: 148985920 
2021-12-27 11:38:39,303 - root - INFO - Epoch 4  Loss: 0.2078  Train-Time: 2187.069s  CTR-eval-Time: 248.181s 
2021-12-27 11:38:39,304 - root - INFO - Eval auc: 0.8717  f1: 0.7945      Test auc: 0.8714  f1: 0.7943
2021-12-27 11:40:19,111 - root - INFO - Epoch 4  Loss: 0.2078  Train-Time: 2187.069s  CTR-eval-Time: 99.808s 
2021-12-27 11:40:19,112 - root - INFO - Eval P:0.0800	0.0360	0.0250	0.0180	0.0142	0.0117	R:0.0395	0.0936	0.1227	0.1605	0.2892	0.4508	NDCG:0.0800	0.0840	0.0930	0.1051	0.1383	0.1718	
2021-12-27 11:40:19,112 - root - INFO - Test P:0.0500	0.0260	0.0230	0.0205	0.0170	0.0122	R:0.0191	0.0508	0.0859	0.1561	0.3127	0.4293	NDCG:0.0500	0.0490	0.0617	0.0822	0.1213	0.1463	
2021-12-27 11:40:19,113 - root - INFO - Total: 148985920 
2021-12-27 12:21:45,713 - root - INFO - Epoch 5  Loss: 0.1904  Train-Time: 2180.825s  CTR-eval-Time: 250.298s 
2021-12-27 12:21:45,714 - root - INFO - Eval auc: 0.8668  f1: 0.7913      Test auc: 0.8667  f1: 0.7912
2021-12-27 12:23:29,690 - root - INFO - Epoch 5  Loss: 0.1904  Train-Time: 2180.825s  CTR-eval-Time: 103.976s 
2021-12-27 12:23:29,690 - root - INFO - Eval P:0.0300	0.0280	0.0250	0.0185	0.0148	0.0110	R:0.0142	0.0590	0.1109	0.1566	0.3102	0.4609	NDCG:0.0300	0.0452	0.0628	0.0773	0.1150	0.1446	
2021-12-27 12:23:29,690 - root - INFO - Test P:0.0500	0.0360	0.0300	0.0210	0.0152	0.0121	R:0.0202	0.0693	0.1158	0.1709	0.3547	0.5459	NDCG:0.0500	0.0603	0.0761	0.0918	0.1324	0.1705	
2021-12-27 12:23:29,690 - root - INFO - Total: 148985920 
2021-12-27 12:23:35,642 - root - INFO - 
2021-12-27 12:23:35,645 - root - INFO - CTR Evaluation - Best epoch: 2   corresponding Test auc: 0.8971    corresponding Test F1: 0.8205
2021-12-27 12:23:35,645 - root - INFO - Top@k Evaluation
2021-12-27 12:23:35,645 - root - INFO - Top@1:  Best epoch: 4   corresponding Test R: 0.0191    corresponding Test NDCG: 0.0500
2021-12-27 12:23:35,645 - root - INFO - Top@5:  Best epoch: 2   corresponding Test R: 0.0996    corresponding Test NDCG: 0.0783
2021-12-27 12:23:35,645 - root - INFO - Top@10:  Best epoch: 2   corresponding Test R: 0.1540    corresponding Test NDCG: 0.1002
2021-12-27 12:23:35,645 - root - INFO - Top@20:  Best epoch: 2   corresponding Test R: 0.2791    corresponding Test NDCG: 0.1364
2021-12-27 12:23:35,645 - root - INFO - Top@50:  Best epoch: 2   corresponding Test R: 0.4168    corresponding Test NDCG: 0.1701
2021-12-27 12:23:35,645 - root - INFO - Top@100:  Best epoch: 2   corresponding Test R: 0.5851    corresponding Test NDCG: 0.2041
2021-12-27 12:23:35,645 - root - INFO - --------------------------------
2021-12-27 12:23:35,645 - root - INFO - 
2021-12-27 12:23:35,646 - root - INFO - Top@1 recommendation:   Avg-best-R 0.0329 | Avg-best-NDCG: 0.0580 
2021-12-27 12:23:35,646 - root - INFO - Top@5 recommendation:   Avg-best-R 0.0834 | Avg-best-NDCG: 0.0718 
2021-12-27 12:23:35,646 - root - INFO - Top@10 recommendation:   Avg-best-R 0.1459 | Avg-best-NDCG: 0.0953 
2021-12-27 12:23:35,646 - root - INFO - Top@20 recommendation:   Avg-best-R 0.2540 | Avg-best-NDCG: 0.1255 
2021-12-27 12:23:35,646 - root - INFO - Top@50 recommendation:   Avg-best-R 0.4111 | Avg-best-NDCG: 0.1632 
2021-12-27 12:23:35,646 - root - INFO - Top@100 recommendation:   Avg-best-R 0.5809 | Avg-best-NDCG: 0.1919 
2021-12-27 12:23:35,646 - root - INFO -  Avg-best-auc 0.8963 | Avg-best-F1: 0.8188 | Max-best-Auc: 0.8971 | Max-best-F1: 0.8205
2021-12-27 12:23:35,646 - root - INFO - ********************************************************************************************
2021-12-27 12:23:35,646 - root - INFO - ********************************************************************************************
