2021-12-26 20:14:43,829 - root - INFO - Namespace(a=0.8, agg_type='ngh', b=0.2, batch_size=4096, data_dir='data/', data_name='movie', dropout=0.0, gpu_id=0, kg_file='kg_final.txt', l2_weight=1e-07, lr=0.002, n_epoch=10, n_head=8, n_layer=2, node_dim=64, repr_type='combine', sample_size=8, saved_dir='logs/CG-KGR_final/movie/Dim64/', seed=2021, task='ALL')
2021-12-26 20:14:43,829 - root - INFO - CG-KGR experiments.
2021-12-26 20:14:43,829 - root - INFO - train_1.txt
2021-12-26 20:16:56,386 - tensorflow - WARNING - From /home/ma-user/anaconda/lib/python3.6/site-packages/tensorflow/python/framework/op_def_library.py:263: colocate_with (from tensorflow.python.framework.ops) is deprecated and will be removed in a future version.
Instructions for updating:
Colocations handled automatically by placer.
2021-12-26 20:16:56,426 - tensorflow - WARNING - From /cache/chenyankai/CG-KGR_final/src/aggregators.py:73: calling softmax (from tensorflow.python.ops.nn_ops) with dim is deprecated and will be removed in a future version.
Instructions for updating:
dim is deprecated, use axis instead
2021-12-26 20:16:56,433 - tensorflow - WARNING - From /cache/chenyankai/CG-KGR_final/src/aggregators.py:107: calling dropout (from tensorflow.python.ops.nn_ops) with keep_prob is deprecated and will be removed in a future version.
Instructions for updating:
Please use `rate` instead of `keep_prob`. Rate should be set to `rate = 1 - keep_prob`.
2021-12-26 20:16:56,688 - tensorflow - WARNING - From /home/ma-user/anaconda/lib/python3.6/site-packages/tensorflow/python/ops/math_ops.py:3066: to_int32 (from tensorflow.python.ops.math_ops) is deprecated and will be removed in a future version.
Instructions for updating:
Use tf.cast instead.
2021-12-26 20:24:55,522 - root - INFO - Epoch 1  Loss: 0.2194  Train-Time: 385.813s  CTR-eval-Time: 80.334s 
2021-12-26 20:24:55,522 - root - INFO - Eval auc: 0.9770  f1: 0.9278      Test auc: 0.9769  f1: 0.9279
2021-12-26 20:26:33,947 - root - INFO - Epoch 1  Loss: 0.2194  Train-Time: 385.813s  CTR-eval-Time: 98.425s 
2021-12-26 20:26:33,947 - root - INFO - Eval P:0.0800	0.1000	0.1050	0.0840	0.0626	0.0455	R:0.0086	0.0587	0.1256	0.1767	0.3107	0.4790	NDCG:0.0800	0.0987	0.1241	0.1391	0.1852	0.2332	
2021-12-26 20:26:33,947 - root - INFO - Test P:0.1100	0.0780	0.0710	0.0640	0.0454	0.0343	R:0.0122	0.0556	0.0998	0.1835	0.2967	0.4357	NDCG:0.1100	0.0894	0.1022	0.1279	0.1597	0.1959	
2021-12-26 20:26:33,947 - root - INFO - Total: 15562560 
2021-12-26 20:34:28,108 - root - INFO - Epoch 2  Loss: 0.1870  Train-Time: 384.725s  CTR-eval-Time: 80.898s 
2021-12-26 20:34:28,109 - root - INFO - Eval auc: 0.9811  f1: 0.9362      Test auc: 0.9810  f1: 0.9363
2021-12-26 20:36:11,748 - root - INFO - Epoch 2  Loss: 0.1870  Train-Time: 384.725s  CTR-eval-Time: 103.639s 
2021-12-26 20:36:11,749 - root - INFO - Eval P:0.1500	0.1260	0.1090	0.0880	0.0648	0.0461	R:0.0240	0.1068	0.1756	0.2525	0.3722	0.5126	NDCG:0.1500	0.1525	0.1674	0.1858	0.2257	0.2653	
2021-12-26 20:36:11,749 - root - INFO - Test P:0.0600	0.0780	0.0720	0.0595	0.0482	0.0347	R:0.0058	0.0598	0.0994	0.1778	0.3492	0.5073	NDCG:0.0600	0.0797	0.0927	0.1172	0.1743	0.2182	
2021-12-26 20:36:11,749 - root - INFO - Total: 15562560 
2021-12-26 20:44:09,567 - root - INFO - Epoch 3  Loss: 0.1725  Train-Time: 386.935s  CTR-eval-Time: 81.914s 
2021-12-26 20:44:09,567 - root - INFO - Eval auc: 0.9823  f1: 0.9393      Test auc: 0.9823  f1: 0.9393
2021-12-26 20:45:51,900 - root - INFO - Epoch 3  Loss: 0.1725  Train-Time: 386.935s  CTR-eval-Time: 102.332s 
2021-12-26 20:45:51,900 - root - INFO - Eval P:0.1400	0.1300	0.1130	0.0895	0.0604	0.0422	R:0.0248	0.0960	0.1530	0.2282	0.3777	0.4796	NDCG:0.1400	0.1502	0.1623	0.1827	0.2257	0.2572	
2021-12-26 20:45:51,900 - root - INFO - Test P:0.1100	0.1140	0.1070	0.0985	0.0746	0.0550	R:0.0107	0.0810	0.1338	0.2235	0.3823	0.5196	NDCG:0.1100	0.1242	0.1386	0.1700	0.2192	0.2623	
2021-12-26 20:45:51,900 - root - INFO - Total: 15562560 
2021-12-26 20:53:42,257 - root - INFO - Epoch 4  Loss: 0.1630  Train-Time: 382.492s  CTR-eval-Time: 78.791s 
2021-12-26 20:53:42,258 - root - INFO - Eval auc: 0.9832  f1: 0.9409      Test auc: 0.9831  f1: 0.9409
2021-12-26 20:55:23,253 - root - INFO - Epoch 4  Loss: 0.1630  Train-Time: 382.492s  CTR-eval-Time: 100.995s 
2021-12-26 20:55:23,254 - root - INFO - Eval P:0.1000	0.0900	0.0850	0.0700	0.0510	0.0362	R:0.0109	0.0788	0.1220	0.2024	0.3568	0.4990	NDCG:0.1000	0.1025	0.1142	0.1378	0.1880	0.2294	
2021-12-26 20:55:23,254 - root - INFO - Test P:0.1800	0.1600	0.1280	0.1040	0.0724	0.0505	R:0.0252	0.1111	0.1608	0.2502	0.4132	0.5134	NDCG:0.1800	0.1850	0.1853	0.2072	0.2553	0.2883	
2021-12-26 20:55:23,254 - root - INFO - Total: 15562560 
2021-12-26 21:03:21,192 - root - INFO - Epoch 5  Loss: 0.1549  Train-Time: 387.097s  CTR-eval-Time: 81.949s 
2021-12-26 21:03:21,192 - root - INFO - Eval auc: 0.9836  f1: 0.9425      Test auc: 0.9835  f1: 0.9425
2021-12-26 21:05:03,054 - root - INFO - Epoch 5  Loss: 0.1549  Train-Time: 387.097s  CTR-eval-Time: 101.862s 
2021-12-26 21:05:03,055 - root - INFO - Eval P:0.1400	0.1500	0.1220	0.0970	0.0678	0.0460	R:0.0185	0.0881	0.1504	0.2379	0.4016	0.5134	NDCG:0.1400	0.1577	0.1626	0.1873	0.2410	0.2760	
2021-12-26 21:05:03,055 - root - INFO - Test P:0.1400	0.1180	0.0990	0.0830	0.0590	0.0443	R:0.0201	0.0678	0.1230	0.1880	0.3226	0.5002	NDCG:0.1400	0.1298	0.1382	0.1568	0.1982	0.2482	
2021-12-26 21:05:03,055 - root - INFO - Total: 15562560 
2021-12-26 21:12:52,915 - root - INFO - Epoch 6  Loss: 0.1493  Train-Time: 382.252s  CTR-eval-Time: 79.111s 
2021-12-26 21:12:52,915 - root - INFO - Eval auc: 0.9838  f1: 0.9428      Test auc: 0.9837  f1: 0.9429
2021-12-26 21:14:32,321 - root - INFO - Epoch 6  Loss: 0.1493  Train-Time: 382.252s  CTR-eval-Time: 99.406s 
2021-12-26 21:14:32,322 - root - INFO - Eval P:0.0800	0.0900	0.0920	0.0830	0.0582	0.0444	R:0.0058	0.0595	0.1317	0.2222	0.3309	0.4878	NDCG:0.0800	0.0976	0.1201	0.1510	0.1854	0.2319	
2021-12-26 21:14:32,322 - root - INFO - Test P:0.1300	0.1240	0.1010	0.0855	0.0596	0.0425	R:0.0172	0.1114	0.1659	0.2428	0.3946	0.5144	NDCG:0.1300	0.1429	0.1547	0.1785	0.2288	0.2677	
2021-12-26 21:14:32,322 - root - INFO - Total: 15562560 
2021-12-26 21:22:27,135 - root - INFO - Epoch 7  Loss: 0.1447  Train-Time: 385.077s  CTR-eval-Time: 80.852s 
2021-12-26 21:22:27,135 - root - INFO - Eval auc: 0.9841  f1: 0.9432      Test auc: 0.9841  f1: 0.9433
2021-12-26 21:24:10,736 - root - INFO - Epoch 7  Loss: 0.1447  Train-Time: 385.077s  CTR-eval-Time: 103.601s 
2021-12-26 21:24:10,737 - root - INFO - Eval P:0.1600	0.1560	0.1270	0.1030	0.0740	0.0508	R:0.0207	0.0919	0.1358	0.2304	0.3977	0.5279	NDCG:0.1600	0.1686	0.1660	0.1889	0.2411	0.2812	
2021-12-26 21:24:10,737 - root - INFO - Test P:0.1100	0.1160	0.1060	0.0900	0.0658	0.0469	R:0.0126	0.0815	0.1367	0.2405	0.3958	0.5285	NDCG:0.1100	0.1258	0.1408	0.1704	0.2212	0.2634	
2021-12-26 21:24:10,737 - root - INFO - Total: 15562560 
2021-12-26 21:32:08,614 - root - INFO - Epoch 8  Loss: 0.1406  Train-Time: 386.887s  CTR-eval-Time: 82.000s 
2021-12-26 21:32:08,615 - root - INFO - Eval auc: 0.9843  f1: 0.9438      Test auc: 0.9841  f1: 0.9440
2021-12-26 21:33:50,163 - root - INFO - Epoch 8  Loss: 0.1406  Train-Time: 386.887s  CTR-eval-Time: 101.548s 
2021-12-26 21:33:50,163 - root - INFO - Eval P:0.1600	0.1360	0.1250	0.1015	0.0688	0.0506	R:0.0163	0.0978	0.2104	0.3038	0.4801	0.6041	NDCG:0.1600	0.1512	0.1818	0.2110	0.2632	0.3058	
2021-12-26 21:33:50,163 - root - INFO - Test P:0.1800	0.1140	0.1050	0.0770	0.0610	0.0460	R:0.0207	0.0728	0.1297	0.1764	0.3378	0.4544	NDCG:0.1800	0.1354	0.1479	0.1554	0.2040	0.2430	
2021-12-26 21:33:50,163 - root - INFO - Total: 15562560 
2021-12-26 21:41:43,597 - root - INFO - Epoch 9  Loss: 0.1374  Train-Time: 384.176s  CTR-eval-Time: 80.403s 
2021-12-26 21:41:43,598 - root - INFO - Eval auc: 0.9842  f1: 0.9438      Test auc: 0.9841  f1: 0.9437
2021-12-26 21:43:26,320 - root - INFO - Epoch 9  Loss: 0.1374  Train-Time: 384.176s  CTR-eval-Time: 102.722s 
2021-12-26 21:43:26,321 - root - INFO - Eval P:0.2000	0.1480	0.1290	0.1120	0.0694	0.0463	R:0.0206	0.0997	0.1884	0.3121	0.4637	0.5908	NDCG:0.2000	0.1665	0.1827	0.2241	0.2688	0.3063	
2021-12-26 21:43:26,321 - root - INFO - Test P:0.1900	0.1440	0.1140	0.0960	0.0700	0.0492	R:0.0415	0.1045	0.1563	0.2357	0.3951	0.4938	NDCG:0.1900	0.1802	0.1815	0.2001	0.2461	0.2794	
2021-12-26 21:43:26,321 - root - INFO - Total: 15562560 
2021-12-26 21:51:17,493 - root - INFO - Epoch 10  Loss: 0.1346  Train-Time: 382.776s  CTR-eval-Time: 79.372s 
2021-12-26 21:51:17,493 - root - INFO - Eval auc: 0.9841  f1: 0.9441      Test auc: 0.9840  f1: 0.9441
2021-12-26 21:53:00,155 - root - INFO - Epoch 10  Loss: 0.1346  Train-Time: 382.776s  CTR-eval-Time: 102.661s 
2021-12-26 21:53:00,155 - root - INFO - Eval P:0.1200	0.1080	0.0980	0.0820	0.0546	0.0398	R:0.0150	0.0803	0.1428	0.2477	0.3539	0.5003	NDCG:0.1200	0.1204	0.1354	0.1673	0.2062	0.2502	
2021-12-26 21:53:00,155 - root - INFO - Test P:0.1500	0.1240	0.1040	0.0870	0.0644	0.0455	R:0.0197	0.0740	0.1425	0.2340	0.4048	0.5227	NDCG:0.1500	0.1423	0.1519	0.1781	0.2315	0.2692	
2021-12-26 21:53:00,156 - root - INFO - Total: 15562560 
2021-12-26 21:53:03,178 - root - INFO - 
2021-12-26 21:53:03,179 - root - INFO - CTR Evaluation - Best epoch: 8   corresponding Test auc: 0.9841    corresponding Test F1: 0.9440
2021-12-26 21:53:03,179 - root - INFO - Top@k Evaluation
2021-12-26 21:53:03,180 - root - INFO - Top@1:  Best epoch: 3   corresponding Test R: 0.0107    corresponding Test NDCG: 0.1100
2021-12-26 21:53:03,180 - root - INFO - Top@5:  Best epoch: 2   corresponding Test R: 0.0598    corresponding Test NDCG: 0.0797
2021-12-26 21:53:03,182 - root - INFO - Top@10:  Best epoch: 8   corresponding Test R: 0.1297    corresponding Test NDCG: 0.1479
2021-12-26 21:53:03,182 - root - INFO - Top@20:  Best epoch: 9   corresponding Test R: 0.2357    corresponding Test NDCG: 0.2001
2021-12-26 21:53:03,182 - root - INFO - Top@50:  Best epoch: 8   corresponding Test R: 0.3378    corresponding Test NDCG: 0.2040
2021-12-26 21:53:03,182 - root - INFO - Top@100:  Best epoch: 8   corresponding Test R: 0.4544    corresponding Test NDCG: 0.2430
2021-12-26 21:53:03,182 - root - INFO - --------------------------------
2021-12-26 21:53:03,182 - root - INFO - 
2021-12-26 21:53:03,182 - root - INFO - train_2.txt
2021-12-26 22:03:16,106 - root - INFO - Epoch 1  Loss: 0.2191  Train-Time: 387.815s  CTR-eval-Time: 82.173s 
2021-12-26 22:03:16,106 - root - INFO - Eval auc: 0.9776  f1: 0.9282      Test auc: 0.9776  f1: 0.9283
2021-12-26 22:04:55,200 - root - INFO - Epoch 1  Loss: 0.2191  Train-Time: 387.815s  CTR-eval-Time: 99.094s 
2021-12-26 22:04:55,200 - root - INFO - Eval P:0.1200	0.1120	0.1090	0.0935	0.0656	0.0454	R:0.0200	0.0833	0.1683	0.2552	0.4446	0.5450	NDCG:0.1200	0.1296	0.1565	0.1803	0.2345	0.2664	
2021-12-26 22:04:55,200 - root - INFO - Test P:0.0500	0.0980	0.1000	0.0825	0.0582	0.0421	R:0.0084	0.0697	0.1367	0.1986	0.3296	0.4283	NDCG:0.0500	0.0966	0.1226	0.1451	0.1885	0.2223	
2021-12-26 22:04:55,200 - root - INFO - Total: 15562560 
2021-12-26 22:12:49,624 - root - INFO - Epoch 2  Loss: 0.1856  Train-Time: 384.725s  CTR-eval-Time: 80.602s 
2021-12-26 22:12:49,624 - root - INFO - Eval auc: 0.9814  f1: 0.9370      Test auc: 0.9814  f1: 0.9369
2021-12-26 22:14:29,301 - root - INFO - Epoch 2  Loss: 0.1856  Train-Time: 384.725s  CTR-eval-Time: 99.676s 
2021-12-26 22:14:29,301 - root - INFO - Eval P:0.1700	0.1300	0.1190	0.0945	0.0692	0.0488	R:0.0240	0.1021	0.1525	0.2269	0.3950	0.5334	NDCG:0.1700	0.1583	0.1695	0.1858	0.2380	0.2803	
2021-12-26 22:14:29,301 - root - INFO - Test P:0.1700	0.1280	0.1010	0.0725	0.0524	0.0383	R:0.0265	0.0989	0.1436	0.2216	0.3862	0.5224	NDCG:0.1700	0.1575	0.1570	0.1693	0.2196	0.2597	
2021-12-26 22:14:29,301 - root - INFO - Total: 15562560 
2021-12-26 22:22:22,985 - root - INFO - Epoch 3  Loss: 0.1715  Train-Time: 384.554s  CTR-eval-Time: 80.544s 
2021-12-26 22:22:22,985 - root - INFO - Eval auc: 0.9825  f1: 0.9392      Test auc: 0.9825  f1: 0.9393
2021-12-26 22:24:03,383 - root - INFO - Epoch 3  Loss: 0.1715  Train-Time: 384.554s  CTR-eval-Time: 100.397s 
2021-12-26 22:24:03,383 - root - INFO - Eval P:0.1400	0.1060	0.0890	0.0780	0.0618	0.0467	R:0.0224	0.0667	0.1183	0.2026	0.3717	0.5056	NDCG:0.1400	0.1291	0.1316	0.1520	0.2058	0.2514	
2021-12-26 22:24:03,383 - root - INFO - Test P:0.1400	0.1220	0.1060	0.0835	0.0574	0.0457	R:0.0130	0.0718	0.1182	0.1973	0.3501	0.5193	NDCG:0.1400	0.1359	0.1368	0.1509	0.2009	0.2557	
2021-12-26 22:24:03,383 - root - INFO - Total: 15562560 
2021-12-26 22:31:57,363 - root - INFO - Epoch 4  Loss: 0.1623  Train-Time: 384.679s  CTR-eval-Time: 80.750s 
2021-12-26 22:31:57,363 - root - INFO - Eval auc: 0.9835  f1: 0.9416      Test auc: 0.9834  f1: 0.9416
2021-12-26 22:33:37,682 - root - INFO - Epoch 4  Loss: 0.1623  Train-Time: 384.679s  CTR-eval-Time: 100.319s 
2021-12-26 22:33:37,682 - root - INFO - Eval P:0.2300	0.1700	0.1400	0.1060	0.0768	0.0555	R:0.0242	0.1258	0.2027	0.2660	0.4183	0.5714	NDCG:0.2300	0.2088	0.2130	0.2218	0.2739	0.3258	
2021-12-26 22:33:37,683 - root - INFO - Test P:0.1500	0.1520	0.1300	0.1165	0.0778	0.0547	R:0.0161	0.0837	0.1390	0.2541	0.4087	0.5485	NDCG:0.1500	0.1629	0.1656	0.1969	0.2413	0.2850	
2021-12-26 22:33:37,683 - root - INFO - Total: 15562560 
2021-12-26 22:41:35,254 - root - INFO - Epoch 5  Loss: 0.1555  Train-Time: 386.974s  CTR-eval-Time: 82.059s 
2021-12-26 22:41:35,255 - root - INFO - Eval auc: 0.9837  f1: 0.9418      Test auc: 0.9837  f1: 0.9419
2021-12-26 22:43:18,798 - root - INFO - Epoch 5  Loss: 0.1555  Train-Time: 386.974s  CTR-eval-Time: 103.543s 
2021-12-26 22:43:18,798 - root - INFO - Eval P:0.1200	0.1320	0.1060	0.0855	0.0622	0.0454	R:0.0089	0.0840	0.1296	0.2202	0.3656	0.5180	NDCG:0.1200	0.1415	0.1402	0.1636	0.2153	0.2637	
2021-12-26 22:43:18,798 - root - INFO - Test P:0.1100	0.0740	0.0820	0.0705	0.0522	0.0387	R:0.0306	0.0587	0.1224	0.1976	0.3540	0.4772	NDCG:0.1100	0.0975	0.1244	0.1450	0.1915	0.2310	
2021-12-26 22:43:18,798 - root - INFO - Total: 15562560 
2021-12-26 22:51:12,167 - root - INFO - Epoch 6  Loss: 0.1504  Train-Time: 384.330s  CTR-eval-Time: 80.191s 
2021-12-26 22:51:12,167 - root - INFO - Eval auc: 0.9841  f1: 0.9430      Test auc: 0.9840  f1: 0.9430
2021-12-26 22:52:52,278 - root - INFO - Epoch 6  Loss: 0.1504  Train-Time: 384.330s  CTR-eval-Time: 100.110s 
2021-12-26 22:52:52,278 - root - INFO - Eval P:0.1000	0.1140	0.1050	0.0870	0.0646	0.0499	R:0.0115	0.0776	0.1374	0.2018	0.3596	0.5117	NDCG:0.1000	0.1211	0.1358	0.1556	0.2093	0.2591	
2021-12-26 22:52:52,278 - root - INFO - Test P:0.2100	0.1300	0.1150	0.0895	0.0668	0.0492	R:0.0238	0.0713	0.1247	0.2017	0.3591	0.4969	NDCG:0.2100	0.1528	0.1593	0.1745	0.2244	0.2644	
2021-12-26 22:52:52,278 - root - INFO - Total: 15562560 
2021-12-26 23:00:45,397 - root - INFO - Epoch 7  Loss: 0.1454  Train-Time: 384.118s  CTR-eval-Time: 80.360s 
2021-12-26 23:00:45,397 - root - INFO - Eval auc: 0.9842  f1: 0.9434      Test auc: 0.9841  f1: 0.9434
2021-12-26 23:02:25,848 - root - INFO - Epoch 7  Loss: 0.1454  Train-Time: 384.118s  CTR-eval-Time: 100.450s 
2021-12-26 23:02:25,848 - root - INFO - Eval P:0.1400	0.1180	0.1110	0.0880	0.0640	0.0453	R:0.0154	0.0718	0.1355	0.2452	0.4397	0.5910	NDCG:0.1400	0.1319	0.1452	0.1734	0.2340	0.2811	
2021-12-26 23:02:25,848 - root - INFO - Test P:0.1200	0.1260	0.1110	0.0885	0.0666	0.0497	R:0.0084	0.0628	0.1252	0.1992	0.3817	0.5419	NDCG:0.1200	0.1299	0.1401	0.1563	0.2071	0.2520	
2021-12-26 23:02:25,848 - root - INFO - Total: 15562560 
2021-12-26 23:10:23,100 - root - INFO - Epoch 8  Loss: 0.1416  Train-Time: 386.569s  CTR-eval-Time: 82.028s 
2021-12-26 23:10:23,101 - root - INFO - Eval auc: 0.9841  f1: 0.9431      Test auc: 0.9840  f1: 0.9432
2021-12-26 23:12:04,084 - root - INFO - Epoch 8  Loss: 0.1416  Train-Time: 386.569s  CTR-eval-Time: 100.983s 
2021-12-26 23:12:04,084 - root - INFO - Eval P:0.1900	0.1620	0.1320	0.1055	0.0746	0.0537	R:0.0151	0.0956	0.1439	0.2246	0.3676	0.5175	NDCG:0.1900	0.1799	0.1750	0.1887	0.2330	0.2773	
2021-12-26 23:12:04,084 - root - INFO - Test P:0.1400	0.1180	0.1060	0.0885	0.0654	0.0494	R:0.0187	0.0919	0.1432	0.2385	0.4075	0.5873	NDCG:0.1400	0.1344	0.1478	0.1747	0.2264	0.2798	
2021-12-26 23:12:04,085 - root - INFO - Total: 15562560 
2021-12-26 23:19:54,249 - root - INFO - Epoch 9  Loss: 0.1387  Train-Time: 382.203s  CTR-eval-Time: 79.090s 
2021-12-26 23:19:54,250 - root - INFO - Eval auc: 0.9841  f1: 0.9433      Test auc: 0.9840  f1: 0.9431
2021-12-26 23:21:34,934 - root - INFO - Epoch 9  Loss: 0.1387  Train-Time: 382.203s  CTR-eval-Time: 100.684s 
2021-12-26 23:21:34,934 - root - INFO - Eval P:0.1500	0.1280	0.1120	0.0995	0.0670	0.0467	R:0.0300	0.0833	0.1574	0.2420	0.3921	0.5131	NDCG:0.1500	0.1437	0.1564	0.1878	0.2398	0.2795	
2021-12-26 23:21:34,934 - root - INFO - Test P:0.2200	0.1360	0.1120	0.0960	0.0716	0.0524	R:0.0274	0.0782	0.1396	0.2367	0.4157	0.5591	NDCG:0.2200	0.1651	0.1646	0.1880	0.2396	0.2867	
2021-12-26 23:21:34,934 - root - INFO - Total: 15562560 
2021-12-26 23:29:32,865 - root - INFO - Epoch 10  Loss: 0.1363  Train-Time: 386.681s  CTR-eval-Time: 82.233s 
2021-12-26 23:29:32,866 - root - INFO - Eval auc: 0.9841  f1: 0.9438      Test auc: 0.9840  f1: 0.9439
2021-12-26 23:31:15,223 - root - INFO - Epoch 10  Loss: 0.1363  Train-Time: 386.681s  CTR-eval-Time: 102.356s 
2021-12-26 23:31:15,223 - root - INFO - Eval P:0.2000	0.1360	0.1240	0.1000	0.0670	0.0484	R:0.0157	0.0752	0.1383	0.2441	0.4077	0.5572	NDCG:0.2000	0.1539	0.1627	0.1872	0.2343	0.2809	
2021-12-26 23:31:15,223 - root - INFO - Test P:0.1900	0.1140	0.0960	0.0820	0.0602	0.0430	R:0.0337	0.0965	0.1484	0.2338	0.3808	0.5207	NDCG:0.1900	0.1482	0.1567	0.1818	0.2295	0.2699	
2021-12-26 23:31:15,223 - root - INFO - Total: 15562560 
2021-12-26 23:31:17,976 - root - INFO - 
2021-12-26 23:31:17,978 - root - INFO - CTR Evaluation - Best epoch: 7   corresponding Test auc: 0.9841    corresponding Test F1: 0.9434
2021-12-26 23:31:17,980 - root - INFO - Top@k Evaluation
2021-12-26 23:31:17,980 - root - INFO - Top@1:  Best epoch: 9   corresponding Test R: 0.0274    corresponding Test NDCG: 0.2200
2021-12-26 23:31:17,980 - root - INFO - Top@5:  Best epoch: 4   corresponding Test R: 0.0837    corresponding Test NDCG: 0.1629
2021-12-26 23:31:17,983 - root - INFO - Top@10:  Best epoch: 4   corresponding Test R: 0.1390    corresponding Test NDCG: 0.1656
2021-12-26 23:31:17,987 - root - INFO - Top@20:  Best epoch: 4   corresponding Test R: 0.2541    corresponding Test NDCG: 0.1969
2021-12-26 23:31:17,987 - root - INFO - Top@50:  Best epoch: 1   corresponding Test R: 0.3296    corresponding Test NDCG: 0.1885
2021-12-26 23:31:17,987 - root - INFO - Top@100:  Best epoch: 7   corresponding Test R: 0.5419    corresponding Test NDCG: 0.2520
2021-12-26 23:31:17,987 - root - INFO - --------------------------------
2021-12-26 23:31:17,987 - root - INFO - 
2021-12-26 23:31:17,987 - root - INFO - train_3.txt
2021-12-26 23:41:30,613 - root - INFO - Epoch 1  Loss: 0.2202  Train-Time: 387.879s  CTR-eval-Time: 82.208s 
2021-12-26 23:41:30,614 - root - INFO - Eval auc: 0.9777  f1: 0.9285      Test auc: 0.9776  f1: 0.9287
2021-12-26 23:43:08,555 - root - INFO - Epoch 1  Loss: 0.2202  Train-Time: 387.879s  CTR-eval-Time: 97.941s 
2021-12-26 23:43:08,556 - root - INFO - Eval P:0.0700	0.0880	0.0920	0.0810	0.0604	0.0428	R:0.0179	0.0717	0.1457	0.2058	0.3547	0.4790	NDCG:0.0700	0.1044	0.1293	0.1510	0.2009	0.2410	
2021-12-26 23:43:08,556 - root - INFO - Test P:0.1600	0.1080	0.0930	0.0805	0.0558	0.0396	R:0.0227	0.0571	0.0984	0.1975	0.3470	0.4861	NDCG:0.1600	0.1234	0.1259	0.1531	0.2000	0.2418	
2021-12-26 23:43:08,556 - root - INFO - Total: 15562560 
2021-12-26 23:51:05,755 - root - INFO - Epoch 2  Loss: 0.1853  Train-Time: 386.530s  CTR-eval-Time: 82.090s 
2021-12-26 23:51:05,755 - root - INFO - Eval auc: 0.9817  f1: 0.9375      Test auc: 0.9816  f1: 0.9374
2021-12-26 23:52:47,918 - root - INFO - Epoch 2  Loss: 0.1853  Train-Time: 386.530s  CTR-eval-Time: 102.162s 
2021-12-26 23:52:47,918 - root - INFO - Eval P:0.1300	0.1240	0.0980	0.0865	0.0614	0.0425	R:0.0126	0.0930	0.1357	0.2316	0.3814	0.5019	NDCG:0.1300	0.1424	0.1414	0.1699	0.2213	0.2584	
2021-12-26 23:52:47,918 - root - INFO - Test P:0.1500	0.1240	0.1000	0.0835	0.0632	0.0451	R:0.0249	0.0918	0.1321	0.2237	0.3855	0.5212	NDCG:0.1500	0.1473	0.1492	0.1773	0.2323	0.2734	
2021-12-26 23:52:47,918 - root - INFO - Total: 15562560 
2021-12-27 00:00:41,542 - root - INFO - Epoch 3  Loss: 0.1710  Train-Time: 384.348s  CTR-eval-Time: 80.369s 
2021-12-27 00:00:41,542 - root - INFO - Eval auc: 0.9826  f1: 0.9396      Test auc: 0.9825  f1: 0.9396
2021-12-27 00:02:21,278 - root - INFO - Epoch 3  Loss: 0.1710  Train-Time: 384.348s  CTR-eval-Time: 99.736s 
2021-12-27 00:02:21,279 - root - INFO - Eval P:0.1800	0.1320	0.1150	0.1010	0.0658	0.0495	R:0.0311	0.1015	0.1604	0.2450	0.3851	0.5201	NDCG:0.1800	0.1601	0.1740	0.1998	0.2382	0.2797	
2021-12-27 00:02:21,279 - root - INFO - Test P:0.1800	0.1320	0.1120	0.0920	0.0756	0.0567	R:0.0380	0.1098	0.1662	0.2334	0.4172	0.5685	NDCG:0.1800	0.1679	0.1755	0.1933	0.2548	0.3035	
2021-12-27 00:02:21,279 - root - INFO - Total: 15562560 
2021-12-27 00:10:18,874 - root - INFO - Epoch 4  Loss: 0.1611  Train-Time: 386.822s  CTR-eval-Time: 82.232s 
2021-12-27 00:10:18,874 - root - INFO - Eval auc: 0.9835  f1: 0.9416      Test auc: 0.9835  f1: 0.9417
2021-12-27 00:12:01,188 - root - INFO - Epoch 4  Loss: 0.1611  Train-Time: 386.822s  CTR-eval-Time: 102.313s 
2021-12-27 00:12:01,188 - root - INFO - Eval P:0.1400	0.1120	0.1040	0.0890	0.0674	0.0475	R:0.0215	0.0833	0.1258	0.2164	0.3916	0.4917	NDCG:0.1400	0.1327	0.1433	0.1694	0.2243	0.2606	
2021-12-27 00:12:01,188 - root - INFO - Test P:0.0800	0.1140	0.0980	0.0825	0.0624	0.0441	R:0.0090	0.1011	0.1793	0.2600	0.4490	0.5680	NDCG:0.0800	0.1299	0.1451	0.1701	0.2287	0.2675	
2021-12-27 00:12:01,188 - root - INFO - Total: 15562560 
2021-12-27 00:19:55,007 - root - INFO - Epoch 5  Loss: 0.1538  Train-Time: 384.614s  CTR-eval-Time: 80.527s 
2021-12-27 00:19:55,007 - root - INFO - Eval auc: 0.9838  f1: 0.9429      Test auc: 0.9838  f1: 0.9427
2021-12-27 00:21:36,894 - root - INFO - Epoch 5  Loss: 0.1538  Train-Time: 384.614s  CTR-eval-Time: 101.887s 
2021-12-27 00:21:36,894 - root - INFO - Eval P:0.1100	0.1280	0.1070	0.0920	0.0594	0.0417	R:0.0214	0.0856	0.1387	0.2344	0.3725	0.5250	NDCG:0.1100	0.1405	0.1473	0.1788	0.2241	0.2657	
2021-12-27 00:21:36,894 - root - INFO - Test P:0.1600	0.1240	0.1140	0.0875	0.0604	0.0440	R:0.0210	0.0916	0.1728	0.2524	0.3902	0.5338	NDCG:0.1600	0.1419	0.1624	0.1855	0.2370	0.2835	
2021-12-27 00:21:36,895 - root - INFO - Total: 15562560 
2021-12-27 00:29:34,630 - root - INFO - Epoch 6  Loss: 0.1481  Train-Time: 386.647s  CTR-eval-Time: 82.028s 
2021-12-27 00:29:34,631 - root - INFO - Eval auc: 0.9840  f1: 0.9431      Test auc: 0.9840  f1: 0.9431
2021-12-27 00:31:18,162 - root - INFO - Epoch 6  Loss: 0.1481  Train-Time: 386.647s  CTR-eval-Time: 103.531s 
2021-12-27 00:31:18,162 - root - INFO - Eval P:0.1100	0.1340	0.1310	0.1110	0.0762	0.0596	R:0.0146	0.0761	0.1372	0.2168	0.3742	0.5256	NDCG:0.1100	0.1438	0.1629	0.1840	0.2260	0.2788	
2021-12-27 00:31:18,162 - root - INFO - Test P:0.1500	0.1160	0.1050	0.0875	0.0598	0.0434	R:0.0336	0.1095	0.1753	0.2604	0.4457	0.5608	NDCG:0.1500	0.1446	0.1672	0.1953	0.2489	0.2879	
2021-12-27 00:31:18,163 - root - INFO - Total: 15562560 
2021-12-27 00:39:11,915 - root - INFO - Epoch 7  Loss: 0.1435  Train-Time: 384.307s  CTR-eval-Time: 80.544s 
2021-12-27 00:39:11,916 - root - INFO - Eval auc: 0.9841  f1: 0.9432      Test auc: 0.9841  f1: 0.9430
2021-12-27 00:40:52,205 - root - INFO - Epoch 7  Loss: 0.1435  Train-Time: 384.307s  CTR-eval-Time: 100.289s 
2021-12-27 00:40:52,206 - root - INFO - Eval P:0.1400	0.1300	0.1060	0.0875	0.0624	0.0446	R:0.0145	0.0936	0.1473	0.2476	0.4242	0.5733	NDCG:0.1400	0.1440	0.1520	0.1782	0.2336	0.2789	
2021-12-27 00:40:52,206 - root - INFO - Test P:0.1400	0.1160	0.1080	0.0870	0.0624	0.0456	R:0.0185	0.0850	0.1764	0.2689	0.4406	0.5713	NDCG:0.1400	0.1346	0.1575	0.1813	0.2346	0.2769	
2021-12-27 00:40:52,206 - root - INFO - Total: 15562560 
2021-12-27 00:48:50,135 - root - INFO - Epoch 8  Loss: 0.1401  Train-Time: 386.772s  CTR-eval-Time: 82.389s 
2021-12-27 00:48:50,136 - root - INFO - Eval auc: 0.9841  f1: 0.9439      Test auc: 0.9840  f1: 0.9439
2021-12-27 00:50:32,566 - root - INFO - Epoch 8  Loss: 0.1401  Train-Time: 386.772s  CTR-eval-Time: 102.430s 
2021-12-27 00:50:32,566 - root - INFO - Eval P:0.1400	0.1100	0.0930	0.0795	0.0574	0.0403	R:0.0251	0.1010	0.1565	0.2500	0.4036	0.5378	NDCG:0.1400	0.1369	0.1486	0.1800	0.2319	0.2726	
2021-12-27 00:50:32,566 - root - INFO - Test P:0.1200	0.1060	0.1090	0.1010	0.0664	0.0466	R:0.0352	0.0763	0.1531	0.2632	0.4034	0.5740	NDCG:0.1200	0.1290	0.1540	0.1920	0.2391	0.2887	
2021-12-27 00:50:32,566 - root - INFO - Total: 15562560 
2021-12-27 00:58:26,627 - root - INFO - Epoch 9  Loss: 0.1374  Train-Time: 384.767s  CTR-eval-Time: 80.692s 
2021-12-27 00:58:26,628 - root - INFO - Eval auc: 0.9842  f1: 0.9440      Test auc: 0.9842  f1: 0.9441
2021-12-27 01:00:07,532 - root - INFO - Epoch 9  Loss: 0.1374  Train-Time: 384.767s  CTR-eval-Time: 100.903s 
2021-12-27 01:00:07,532 - root - INFO - Eval P:0.1700	0.1280	0.1120	0.0890	0.0598	0.0422	R:0.0226	0.0968	0.1658	0.2410	0.4037	0.5415	NDCG:0.1700	0.1513	0.1627	0.1811	0.2351	0.2764	
2021-12-27 01:00:07,532 - root - INFO - Test P:0.1200	0.1240	0.1130	0.0920	0.0674	0.0490	R:0.0065	0.0742	0.1454	0.2265	0.3784	0.4850	NDCG:0.1200	0.1351	0.1481	0.1642	0.2048	0.2386	
2021-12-27 01:00:07,533 - root - INFO - Total: 15562560 
2021-12-27 01:08:01,798 - root - INFO - Epoch 10  Loss: 0.1352  Train-Time: 384.728s  CTR-eval-Time: 80.646s 
2021-12-27 01:08:01,798 - root - INFO - Eval auc: 0.9843  f1: 0.9441      Test auc: 0.9843  f1: 0.9439
2021-12-27 01:09:44,058 - root - INFO - Epoch 10  Loss: 0.1352  Train-Time: 384.728s  CTR-eval-Time: 102.260s 
2021-12-27 01:09:44,058 - root - INFO - Eval P:0.1400	0.1280	0.1060	0.0955	0.0680	0.0528	R:0.0138	0.0688	0.0978	0.1929	0.3150	0.4885	NDCG:0.1400	0.1388	0.1343	0.1573	0.1945	0.2452	
2021-12-27 01:09:44,058 - root - INFO - Test P:0.1300	0.1160	0.1000	0.0785	0.0598	0.0417	R:0.0185	0.0833	0.1589	0.2679	0.4075	0.5444	NDCG:0.1300	0.1259	0.1445	0.1752	0.2226	0.2625	
2021-12-27 01:09:44,059 - root - INFO - Total: 15562560 
2021-12-27 01:09:46,554 - root - INFO - 
2021-12-27 01:09:46,555 - root - INFO - CTR Evaluation - Best epoch: 10   corresponding Test auc: 0.9843    corresponding Test F1: 0.9439
2021-12-27 01:09:46,557 - root - INFO - Top@k Evaluation
2021-12-27 01:09:46,557 - root - INFO - Top@1:  Best epoch: 3   corresponding Test R: 0.0380    corresponding Test NDCG: 0.1800
2021-12-27 01:09:46,557 - root - INFO - Top@5:  Best epoch: 3   corresponding Test R: 0.1098    corresponding Test NDCG: 0.1679
2021-12-27 01:09:46,559 - root - INFO - Top@10:  Best epoch: 9   corresponding Test R: 0.1454    corresponding Test NDCG: 0.1481
2021-12-27 01:09:46,559 - root - INFO - Top@20:  Best epoch: 8   corresponding Test R: 0.2632    corresponding Test NDCG: 0.1920
2021-12-27 01:09:46,559 - root - INFO - Top@50:  Best epoch: 7   corresponding Test R: 0.4406    corresponding Test NDCG: 0.2346
2021-12-27 01:09:46,559 - root - INFO - Top@100:  Best epoch: 7   corresponding Test R: 0.5713    corresponding Test NDCG: 0.2769
2021-12-27 01:09:46,559 - root - INFO - --------------------------------
2021-12-27 01:09:46,559 - root - INFO - 
2021-12-27 01:09:46,559 - root - INFO - train_4.txt
2021-12-27 01:19:59,102 - root - INFO - Epoch 1  Loss: 0.2177  Train-Time: 387.966s  CTR-eval-Time: 82.510s 
2021-12-27 01:19:59,102 - root - INFO - Eval auc: 0.9780  f1: 0.9292      Test auc: 0.9778  f1: 0.9290
2021-12-27 01:21:37,776 - root - INFO - Epoch 1  Loss: 0.2177  Train-Time: 387.966s  CTR-eval-Time: 98.674s 
2021-12-27 01:21:37,777 - root - INFO - Eval P:0.1200	0.1160	0.0990	0.0800	0.0566	0.0410	R:0.0297	0.1013	0.1443	0.2349	0.3636	0.4990	NDCG:0.1200	0.1381	0.1464	0.1731	0.2149	0.2540	
2021-12-27 01:21:37,777 - root - INFO - Test P:0.1200	0.1160	0.0980	0.0785	0.0546	0.0383	R:0.0147	0.0839	0.1454	0.2149	0.3640	0.4875	NDCG:0.1200	0.1213	0.1371	0.1598	0.2083	0.2457	
2021-12-27 01:21:37,777 - root - INFO - Total: 15562560 
2021-12-27 01:29:31,098 - root - INFO - Epoch 2  Loss: 0.1854  Train-Time: 384.129s  CTR-eval-Time: 80.517s 
2021-12-27 01:29:31,098 - root - INFO - Eval auc: 0.9814  f1: 0.9371      Test auc: 0.9813  f1: 0.9368
2021-12-27 01:31:11,819 - root - INFO - Epoch 2  Loss: 0.1854  Train-Time: 384.129s  CTR-eval-Time: 100.720s 
2021-12-27 01:31:11,819 - root - INFO - Eval P:0.2100	0.1460	0.1150	0.0935	0.0680	0.0490	R:0.0330	0.1022	0.1404	0.2219	0.3885	0.5325	NDCG:0.2100	0.1735	0.1692	0.1904	0.2411	0.2858	
2021-12-27 01:31:11,819 - root - INFO - Test P:0.1000	0.0960	0.0730	0.0615	0.0440	0.0326	R:0.0115	0.0833	0.1296	0.2014	0.3373	0.4510	NDCG:0.1000	0.1095	0.1120	0.1351	0.1799	0.2155	
2021-12-27 01:31:11,820 - root - INFO - Total: 15562560 
2021-12-27 01:39:05,929 - root - INFO - Epoch 3  Loss: 0.1715  Train-Time: 384.586s  CTR-eval-Time: 80.671s 
2021-12-27 01:39:05,929 - root - INFO - Eval auc: 0.9825  f1: 0.9396      Test auc: 0.9824  f1: 0.9395
2021-12-27 01:40:46,925 - root - INFO - Epoch 3  Loss: 0.1715  Train-Time: 384.586s  CTR-eval-Time: 100.995s 
2021-12-27 01:40:46,925 - root - INFO - Eval P:0.1100	0.1100	0.1030	0.0860	0.0598	0.0425	R:0.0187	0.0728	0.1364	0.2402	0.3879	0.5274	NDCG:0.1100	0.1215	0.1393	0.1667	0.2133	0.2558	
2021-12-27 01:40:46,925 - root - INFO - Test P:0.1800	0.1240	0.1100	0.0940	0.0668	0.0468	R:0.0275	0.1044	0.1735	0.2582	0.4230	0.5554	NDCG:0.1800	0.1555	0.1703	0.1960	0.2515	0.2935	
2021-12-27 01:40:46,925 - root - INFO - Total: 15562560 
2021-12-27 01:48:41,012 - root - INFO - Epoch 4  Loss: 0.1614  Train-Time: 384.795s  CTR-eval-Time: 80.765s 
2021-12-27 01:48:41,012 - root - INFO - Eval auc: 0.9834  f1: 0.9410      Test auc: 0.9833  f1: 0.9412
2021-12-27 01:50:21,599 - root - INFO - Epoch 4  Loss: 0.1614  Train-Time: 384.795s  CTR-eval-Time: 100.586s 
2021-12-27 01:50:21,599 - root - INFO - Eval P:0.1000	0.1100	0.1070	0.0860	0.0658	0.0456	R:0.0122	0.0885	0.1563	0.2314	0.4115	0.5404	NDCG:0.1000	0.1278	0.1480	0.1700	0.2306	0.2710	
2021-12-27 01:50:21,599 - root - INFO - Test P:0.1700	0.0980	0.0930	0.0780	0.0558	0.0398	R:0.0307	0.0725	0.1463	0.2084	0.3498	0.4695	NDCG:0.1700	0.1267	0.1442	0.1632	0.2097	0.2468	
2021-12-27 01:50:21,600 - root - INFO - Total: 15562560 
2021-12-27 01:58:19,046 - root - INFO - Epoch 5  Loss: 0.1548  Train-Time: 386.708s  CTR-eval-Time: 81.867s 
2021-12-27 01:58:19,047 - root - INFO - Eval auc: 0.9837  f1: 0.9422      Test auc: 0.9836  f1: 0.9421
2021-12-27 02:00:00,503 - root - INFO - Epoch 5  Loss: 0.1548  Train-Time: 386.708s  CTR-eval-Time: 101.456s 
2021-12-27 02:00:00,504 - root - INFO - Eval P:0.1900	0.1520	0.1330	0.1050	0.0730	0.0523	R:0.0233	0.1241	0.1755	0.2684	0.4221	0.5701	NDCG:0.1900	0.1838	0.1912	0.2097	0.2575	0.3055	
2021-12-27 02:00:00,504 - root - INFO - Test P:0.1000	0.1400	0.1300	0.1050	0.0738	0.0513	R:0.0143	0.0790	0.1527	0.2244	0.3969	0.5415	NDCG:0.1000	0.1429	0.1607	0.1790	0.2352	0.2798	
2021-12-27 02:00:00,504 - root - INFO - Total: 15562560 
2021-12-27 02:07:54,927 - root - INFO - Epoch 6  Loss: 0.1496  Train-Time: 384.902s  CTR-eval-Time: 80.769s 
2021-12-27 02:07:54,928 - root - INFO - Eval auc: 0.9840  f1: 0.9430      Test auc: 0.9839  f1: 0.9429
2021-12-27 02:09:34,477 - root - INFO - Epoch 6  Loss: 0.1496  Train-Time: 384.902s  CTR-eval-Time: 99.549s 
2021-12-27 02:09:34,477 - root - INFO - Eval P:0.1300	0.1240	0.1230	0.1015	0.0696	0.0484	R:0.0183	0.0786	0.1572	0.2299	0.4118	0.5366	NDCG:0.1300	0.1378	0.1622	0.1831	0.2359	0.2748	
2021-12-27 02:09:34,478 - root - INFO - Test P:0.2200	0.1140	0.1100	0.0860	0.0676	0.0464	R:0.0224	0.0807	0.1617	0.2372	0.4271	0.5531	NDCG:0.2200	0.1457	0.1621	0.1781	0.2415	0.2819	
2021-12-27 02:09:34,478 - root - INFO - Total: 15562560 
2021-12-27 02:17:27,854 - root - INFO - Epoch 7  Loss: 0.1452  Train-Time: 384.224s  CTR-eval-Time: 80.573s 
2021-12-27 02:17:27,854 - root - INFO - Eval auc: 0.9841  f1: 0.9434      Test auc: 0.9841  f1: 0.9435
2021-12-27 02:19:09,426 - root - INFO - Epoch 7  Loss: 0.1452  Train-Time: 384.224s  CTR-eval-Time: 101.571s 
2021-12-27 02:19:09,426 - root - INFO - Eval P:0.1600	0.1220	0.1120	0.0890	0.0610	0.0429	R:0.0323	0.0981	0.1855	0.2661	0.4349	0.5706	NDCG:0.1600	0.1456	0.1726	0.1992	0.2489	0.2882	
2021-12-27 02:19:09,426 - root - INFO - Test P:0.1700	0.1280	0.0970	0.0810	0.0540	0.0408	R:0.0273	0.0902	0.1218	0.2222	0.3714	0.5315	NDCG:0.1700	0.1473	0.1466	0.1765	0.2214	0.2688	
2021-12-27 02:19:09,426 - root - INFO - Total: 15562560 
2021-12-27 02:26:59,326 - root - INFO - Epoch 8  Loss: 0.1412  Train-Time: 382.052s  CTR-eval-Time: 79.213s 
2021-12-27 02:26:59,326 - root - INFO - Eval auc: 0.9842  f1: 0.9435      Test auc: 0.9842  f1: 0.9436
2021-12-27 02:28:37,792 - root - INFO - Epoch 8  Loss: 0.1412  Train-Time: 382.052s  CTR-eval-Time: 98.465s 
2021-12-27 02:28:37,792 - root - INFO - Eval P:0.1700	0.1300	0.1260	0.1005	0.0698	0.0506	R:0.0368	0.0948	0.1631	0.2456	0.3898	0.5186	NDCG:0.1700	0.1543	0.1788	0.2020	0.2501	0.2927	
2021-12-27 02:28:37,792 - root - INFO - Test P:0.1600	0.1080	0.1020	0.0765	0.0542	0.0384	R:0.0200	0.0874	0.1669	0.2413	0.4154	0.5597	NDCG:0.1600	0.1335	0.1521	0.1704	0.2246	0.2670	
2021-12-27 02:28:37,792 - root - INFO - Total: 15562560 
2021-12-27 02:36:30,836 - root - INFO - Epoch 9  Loss: 0.1381  Train-Time: 384.152s  CTR-eval-Time: 80.292s 
2021-12-27 02:36:30,837 - root - INFO - Eval auc: 0.9841  f1: 0.9436      Test auc: 0.9841  f1: 0.9436
2021-12-27 02:38:12,042 - root - INFO - Epoch 9  Loss: 0.1381  Train-Time: 384.152s  CTR-eval-Time: 101.205s 
2021-12-27 02:38:12,042 - root - INFO - Eval P:0.1400	0.1440	0.1130	0.0915	0.0634	0.0462	R:0.0223	0.0945	0.1729	0.2622	0.4032	0.5251	NDCG:0.1400	0.1526	0.1652	0.1919	0.2387	0.2782	
2021-12-27 02:38:12,042 - root - INFO - Test P:0.2100	0.1480	0.1180	0.1105	0.0682	0.0480	R:0.0324	0.1321	0.1895	0.3040	0.4281	0.5738	NDCG:0.2100	0.1804	0.1870	0.2305	0.2677	0.3097	
2021-12-27 02:38:12,043 - root - INFO - Total: 15562560 
2021-12-27 02:46:06,175 - root - INFO - Epoch 10  Loss: 0.1357  Train-Time: 384.575s  CTR-eval-Time: 80.640s 
2021-12-27 02:46:06,175 - root - INFO - Eval auc: 0.9840  f1: 0.9434      Test auc: 0.9840  f1: 0.9436
2021-12-27 02:47:46,599 - root - INFO - Epoch 10  Loss: 0.1357  Train-Time: 384.575s  CTR-eval-Time: 100.423s 
2021-12-27 02:47:46,599 - root - INFO - Eval P:0.1100	0.1080	0.0960	0.0825	0.0530	0.0389	R:0.0083	0.0766	0.1468	0.2430	0.4062	0.5498	NDCG:0.1100	0.1170	0.1296	0.1602	0.2093	0.2539	
2021-12-27 02:47:46,599 - root - INFO - Test P:0.1100	0.1000	0.1030	0.0925	0.0708	0.0491	R:0.0168	0.0735	0.1434	0.2276	0.4257	0.5369	NDCG:0.1100	0.1168	0.1380	0.1662	0.2299	0.2692	
2021-12-27 02:47:46,600 - root - INFO - Total: 15562560 
2021-12-27 02:47:49,049 - root - INFO - 
2021-12-27 02:47:49,051 - root - INFO - CTR Evaluation - Best epoch: 8   corresponding Test auc: 0.9842    corresponding Test F1: 0.9436
2021-12-27 02:47:49,052 - root - INFO - Top@k Evaluation
2021-12-27 02:47:49,052 - root - INFO - Top@1:  Best epoch: 8   corresponding Test R: 0.0200    corresponding Test NDCG: 0.1600
2021-12-27 02:47:49,054 - root - INFO - Top@5:  Best epoch: 5   corresponding Test R: 0.0790    corresponding Test NDCG: 0.1429
2021-12-27 02:47:49,054 - root - INFO - Top@10:  Best epoch: 7   corresponding Test R: 0.1218    corresponding Test NDCG: 0.1466
2021-12-27 02:47:49,054 - root - INFO - Top@20:  Best epoch: 5   corresponding Test R: 0.2244    corresponding Test NDCG: 0.1790
2021-12-27 02:47:49,054 - root - INFO - Top@50:  Best epoch: 7   corresponding Test R: 0.3714    corresponding Test NDCG: 0.2214
2021-12-27 02:47:49,054 - root - INFO - Top@100:  Best epoch: 7   corresponding Test R: 0.5315    corresponding Test NDCG: 0.2688
2021-12-27 02:47:49,054 - root - INFO - --------------------------------
2021-12-27 02:47:49,054 - root - INFO - 
2021-12-27 02:47:49,054 - root - INFO - train_5.txt
2021-12-27 02:57:56,012 - root - INFO - Epoch 1  Loss: 0.2193  Train-Time: 385.239s  CTR-eval-Time: 80.464s 
2021-12-27 02:57:56,012 - root - INFO - Eval auc: 0.9774  f1: 0.9280      Test auc: 0.9773  f1: 0.9278
2021-12-27 02:59:31,863 - root - INFO - Epoch 1  Loss: 0.2193  Train-Time: 385.239s  CTR-eval-Time: 95.850s 
2021-12-27 02:59:31,863 - root - INFO - Eval P:0.1000	0.1140	0.0960	0.0750	0.0548	0.0403	R:0.0083	0.0787	0.1455	0.2000	0.3118	0.4249	NDCG:0.1000	0.1198	0.1288	0.1438	0.1828	0.2198	
2021-12-27 02:59:31,863 - root - INFO - Test P:0.1600	0.1260	0.0960	0.0820	0.0556	0.0389	R:0.0258	0.0945	0.1400	0.2341	0.3512	0.4690	NDCG:0.1600	0.1461	0.1461	0.1751	0.2146	0.2490	
2021-12-27 02:59:31,863 - root - INFO - Total: 15562560 
2021-12-27 03:07:28,883 - root - INFO - Epoch 2  Loss: 0.1860  Train-Time: 386.372s  CTR-eval-Time: 82.044s 
2021-12-27 03:07:28,883 - root - INFO - Eval auc: 0.9814  f1: 0.9369      Test auc: 0.9813  f1: 0.9366
2021-12-27 03:09:10,896 - root - INFO - Epoch 2  Loss: 0.1860  Train-Time: 386.372s  CTR-eval-Time: 102.013s 
2021-12-27 03:09:10,897 - root - INFO - Eval P:0.1200	0.1160	0.1000	0.0770	0.0558	0.0395	R:0.0195	0.0758	0.1329	0.2048	0.3494	0.5087	NDCG:0.1200	0.1253	0.1396	0.1563	0.2014	0.2439	
2021-12-27 03:09:10,897 - root - INFO - Test P:0.1800	0.1460	0.1250	0.1005	0.0708	0.0495	R:0.0165	0.1061	0.1624	0.2460	0.3923	0.5122	NDCG:0.1800	0.1719	0.1775	0.1925	0.2407	0.2806	
2021-12-27 03:09:10,897 - root - INFO - Total: 15562560 
2021-12-27 03:17:00,637 - root - INFO - Epoch 3  Loss: 0.1722  Train-Time: 382.176s  CTR-eval-Time: 78.946s 
2021-12-27 03:17:00,638 - root - INFO - Eval auc: 0.9825  f1: 0.9397      Test auc: 0.9825  f1: 0.9394
2021-12-27 03:18:39,151 - root - INFO - Epoch 3  Loss: 0.1722  Train-Time: 382.176s  CTR-eval-Time: 98.513s 
2021-12-27 03:18:39,151 - root - INFO - Eval P:0.1400	0.1420	0.1060	0.0860	0.0586	0.0420	R:0.0204	0.0941	0.1173	0.2230	0.3565	0.4821	NDCG:0.1400	0.1571	0.1476	0.1754	0.2195	0.2568	
2021-12-27 03:18:39,151 - root - INFO - Test P:0.1400	0.1360	0.1190	0.0905	0.0584	0.0418	R:0.0328	0.1149	0.1846	0.2934	0.4247	0.5511	NDCG:0.1400	0.1559	0.1774	0.2028	0.2443	0.2820	
2021-12-27 03:18:39,151 - root - INFO - Total: 15562560 
2021-12-27 03:26:33,550 - root - INFO - Epoch 4  Loss: 0.1626  Train-Time: 384.810s  CTR-eval-Time: 80.864s 
2021-12-27 03:26:33,551 - root - INFO - Eval auc: 0.9835  f1: 0.9417      Test auc: 0.9835  f1: 0.9414
2021-12-27 03:28:14,885 - root - INFO - Epoch 4  Loss: 0.1626  Train-Time: 384.810s  CTR-eval-Time: 101.334s 
2021-12-27 03:28:14,885 - root - INFO - Eval P:0.1500	0.1440	0.1240	0.1075	0.0760	0.0522	R:0.0164	0.1033	0.1673	0.2755	0.4369	0.5548	NDCG:0.1500	0.1659	0.1744	0.2043	0.2599	0.3005	
2021-12-27 03:28:14,885 - root - INFO - Test P:0.2100	0.1380	0.1150	0.0990	0.0712	0.0507	R:0.0329	0.1044	0.1623	0.2702	0.4423	0.5680	NDCG:0.2100	0.1747	0.1770	0.2061	0.2595	0.3017	
2021-12-27 03:28:14,885 - root - INFO - Total: 15562560 
2021-12-27 03:36:08,888 - root - INFO - Epoch 5  Loss: 0.1555  Train-Time: 384.462s  CTR-eval-Time: 80.680s 
2021-12-27 03:36:08,888 - root - INFO - Eval auc: 0.9838  f1: 0.9424      Test auc: 0.9838  f1: 0.9421
2021-12-27 03:37:48,441 - root - INFO - Epoch 5  Loss: 0.1555  Train-Time: 384.462s  CTR-eval-Time: 99.552s 
2021-12-27 03:37:48,441 - root - INFO - Eval P:0.1100	0.1140	0.1040	0.0855	0.0574	0.0402	R:0.0113	0.0884	0.1355	0.2238	0.3677	0.4699	NDCG:0.1100	0.1241	0.1373	0.1631	0.2102	0.2448	
2021-12-27 03:37:48,441 - root - INFO - Test P:0.1400	0.1340	0.1130	0.0900	0.0658	0.0481	R:0.0119	0.0701	0.1277	0.2075	0.3525	0.4932	NDCG:0.1400	0.1438	0.1460	0.1651	0.2099	0.2521	
2021-12-27 03:37:48,441 - root - INFO - Total: 15562560 
2021-12-27 03:45:41,840 - root - INFO - Epoch 6  Loss: 0.1503  Train-Time: 384.180s  CTR-eval-Time: 80.743s 
2021-12-27 03:45:41,840 - root - INFO - Eval auc: 0.9840  f1: 0.9426      Test auc: 0.9841  f1: 0.9426
2021-12-27 03:47:20,759 - root - INFO - Epoch 6  Loss: 0.1503  Train-Time: 384.180s  CTR-eval-Time: 98.919s 
2021-12-27 03:47:20,760 - root - INFO - Eval P:0.2000	0.1500	0.1210	0.0960	0.0682	0.0482	R:0.0263	0.1164	0.1695	0.2538	0.4245	0.5845	NDCG:0.2000	0.1819	0.1847	0.2039	0.2559	0.3032	
2021-12-27 03:47:20,760 - root - INFO - Test P:0.1500	0.1200	0.1080	0.0890	0.0652	0.0468	R:0.0250	0.0974	0.1557	0.2653	0.3884	0.5150	NDCG:0.1500	0.1461	0.1560	0.1812	0.2229	0.2619	
2021-12-27 03:47:20,760 - root - INFO - Total: 15562560 
2021-12-27 03:55:14,293 - root - INFO - Epoch 7  Loss: 0.1451  Train-Time: 384.250s  CTR-eval-Time: 80.542s 
2021-12-27 03:55:14,294 - root - INFO - Eval auc: 0.9843  f1: 0.9432      Test auc: 0.9842  f1: 0.9429
2021-12-27 03:56:53,264 - root - INFO - Epoch 7  Loss: 0.1451  Train-Time: 384.250s  CTR-eval-Time: 98.970s 
2021-12-27 03:56:53,264 - root - INFO - Eval P:0.1900	0.1520	0.1300	0.1035	0.0736	0.0506	R:0.0279	0.1169	0.1904	0.2649	0.4191	0.5336	NDCG:0.1900	0.1780	0.1953	0.2152	0.2640	0.3024	
2021-12-27 03:56:53,265 - root - INFO - Test P:0.1800	0.1400	0.1230	0.0955	0.0674	0.0472	R:0.0342	0.1211	0.1856	0.2746	0.4050	0.5254	NDCG:0.1800	0.1783	0.1917	0.2099	0.2569	0.2943	
2021-12-27 03:56:53,265 - root - INFO - Total: 15562560 
2021-12-27 04:04:50,311 - root - INFO - Epoch 8  Loss: 0.1412  Train-Time: 386.408s  CTR-eval-Time: 81.939s 
2021-12-27 04:04:50,311 - root - INFO - Eval auc: 0.9843  f1: 0.9440      Test auc: 0.9843  f1: 0.9440
2021-12-27 04:06:31,373 - root - INFO - Epoch 8  Loss: 0.1412  Train-Time: 386.408s  CTR-eval-Time: 101.062s 
2021-12-27 04:06:31,373 - root - INFO - Eval P:0.1200	0.1280	0.1140	0.0945	0.0652	0.0463	R:0.0186	0.0821	0.1505	0.2738	0.4203	0.5460	NDCG:0.1200	0.1357	0.1490	0.1862	0.2364	0.2782	
2021-12-27 04:06:31,374 - root - INFO - Test P:0.1600	0.1140	0.1020	0.0920	0.0690	0.0510	R:0.0196	0.0679	0.1262	0.2225	0.3798	0.5340	NDCG:0.1600	0.1283	0.1388	0.1663	0.2207	0.2682	
2021-12-27 04:06:31,374 - root - INFO - Total: 15562560 
2021-12-27 04:14:28,258 - root - INFO - Epoch 9  Loss: 0.1382  Train-Time: 386.428s  CTR-eval-Time: 81.917s 
2021-12-27 04:14:28,258 - root - INFO - Eval auc: 0.9844  f1: 0.9440      Test auc: 0.9845  f1: 0.9439
2021-12-27 04:16:08,119 - root - INFO - Epoch 9  Loss: 0.1382  Train-Time: 386.428s  CTR-eval-Time: 99.861s 
2021-12-27 04:16:08,120 - root - INFO - Eval P:0.1600	0.1600	0.1240	0.0990	0.0680	0.0498	R:0.0156	0.0856	0.1305	0.2368	0.4123	0.5650	NDCG:0.1600	0.1667	0.1616	0.1844	0.2366	0.2858	
2021-12-27 04:16:08,120 - root - INFO - Test P:0.1700	0.1320	0.1100	0.0890	0.0710	0.0494	R:0.0142	0.0787	0.1310	0.2139	0.3694	0.4924	NDCG:0.1700	0.1526	0.1516	0.1675	0.2212	0.2601	
2021-12-27 04:16:08,120 - root - INFO - Total: 15562560 
2021-12-27 04:24:01,811 - root - INFO - Epoch 10  Loss: 0.1358  Train-Time: 384.319s  CTR-eval-Time: 80.475s 
2021-12-27 04:24:01,811 - root - INFO - Eval auc: 0.9844  f1: 0.9444      Test auc: 0.9844  f1: 0.9443
2021-12-27 04:25:38,523 - root - INFO - Epoch 10  Loss: 0.1358  Train-Time: 384.319s  CTR-eval-Time: 96.711s 
2021-12-27 04:25:38,523 - root - INFO - Eval P:0.1500	0.1240	0.1100	0.0935	0.0670	0.0466	R:0.0157	0.0868	0.1655	0.2509	0.4479	0.5859	NDCG:0.1500	0.1415	0.1568	0.1829	0.2459	0.2878	
2021-12-27 04:25:38,523 - root - INFO - Test P:0.1700	0.1380	0.1120	0.0905	0.0686	0.0499	R:0.0211	0.0808	0.1381	0.2177	0.3849	0.5349	NDCG:0.1700	0.1566	0.1588	0.1787	0.2322	0.2783	
2021-12-27 04:25:38,524 - root - INFO - Total: 15562560 
2021-12-27 04:25:40,709 - root - INFO - 
2021-12-27 04:25:40,709 - root - INFO - CTR Evaluation - Best epoch: 9   corresponding Test auc: 0.9845    corresponding Test F1: 0.9439
2021-12-27 04:25:40,711 - root - INFO - Top@k Evaluation
2021-12-27 04:25:40,711 - root - INFO - Top@1:  Best epoch: 7   corresponding Test R: 0.0342    corresponding Test NDCG: 0.1800
2021-12-27 04:25:40,711 - root - INFO - Top@5:  Best epoch: 7   corresponding Test R: 0.1211    corresponding Test NDCG: 0.1783
2021-12-27 04:25:40,713 - root - INFO - Top@10:  Best epoch: 7   corresponding Test R: 0.1856    corresponding Test NDCG: 0.1917
2021-12-27 04:25:40,713 - root - INFO - Top@20:  Best epoch: 4   corresponding Test R: 0.2702    corresponding Test NDCG: 0.2061
2021-12-27 04:25:40,713 - root - INFO - Top@50:  Best epoch: 10   corresponding Test R: 0.3849    corresponding Test NDCG: 0.2322
2021-12-27 04:25:40,713 - root - INFO - Top@100:  Best epoch: 10   corresponding Test R: 0.5349    corresponding Test NDCG: 0.2783
2021-12-27 04:25:40,713 - root - INFO - --------------------------------
2021-12-27 04:25:40,713 - root - INFO - 
2021-12-27 04:25:40,713 - root - INFO - Top@1 recommendation:   Avg-best-R 0.0261 | Avg-best-NDCG: 0.1700 
2021-12-27 04:25:40,713 - root - INFO - Top@5 recommendation:   Avg-best-R 0.0907 | Avg-best-NDCG: 0.1463 
2021-12-27 04:25:40,713 - root - INFO - Top@10 recommendation:   Avg-best-R 0.1443 | Avg-best-NDCG: 0.1600 
2021-12-27 04:25:40,713 - root - INFO - Top@20 recommendation:   Avg-best-R 0.2495 | Avg-best-NDCG: 0.1948 
2021-12-27 04:25:40,713 - root - INFO - Top@50 recommendation:   Avg-best-R 0.3729 | Avg-best-NDCG: 0.2161 
2021-12-27 04:25:40,713 - root - INFO - Top@100 recommendation:   Avg-best-R 0.5268 | Avg-best-NDCG: 0.2638 
2021-12-27 04:25:40,713 - root - INFO -  Avg-best-auc 0.9842 | Avg-best-F1: 0.9438 | Max-best-Auc: 0.9845 | Max-best-F1: 0.9440
2021-12-27 04:25:40,714 - root - INFO - ********************************************************************************************
2021-12-27 04:25:40,714 - root - INFO - ********************************************************************************************
