2022-01-05 19:49:44,497 - root - INFO - Namespace(a=0.5, agg_type='concat', b=0.5, batch_size=64, data_dir='data/', data_name='music', dropout=0.0, gpu_id=0, kg_file='kg_final.txt', l2_weight=0.0001, lr=0.02, n_epoch=10, n_head=8, n_layer=1, node_dim=16, repr_type='max', sample_size=16, saved_dir='logs/CG-KGR_final/music/Dim16/', seed=2021, task='ALL')
2022-01-05 19:49:44,497 - root - INFO - CG-KGR experiments.
2022-01-05 19:49:44,497 - root - INFO - train_5.txt
2022-01-05 19:49:46,481 - tensorflow - WARNING - From /home/ma-user/anaconda/lib/python3.6/site-packages/tensorflow/python/framework/op_def_library.py:263: colocate_with (from tensorflow.python.framework.ops) is deprecated and will be removed in a future version.
Instructions for updating:
Colocations handled automatically by placer.
2022-01-05 19:49:46,522 - tensorflow - WARNING - From /cache/chenyankai/CG-KGR_final/src/aggregators.py:73: calling softmax (from tensorflow.python.ops.nn_ops) with dim is deprecated and will be removed in a future version.
Instructions for updating:
dim is deprecated, use axis instead
2022-01-05 19:49:46,529 - tensorflow - WARNING - From /cache/chenyankai/CG-KGR_final/src/aggregators.py:107: calling dropout (from tensorflow.python.ops.nn_ops) with keep_prob is deprecated and will be removed in a future version.
Instructions for updating:
Please use `rate` instead of `keep_prob`. Rate should be set to `rate = 1 - keep_prob`.
2022-01-05 19:49:46,675 - tensorflow - WARNING - From /home/ma-user/anaconda/lib/python3.6/site-packages/tensorflow/python/ops/math_ops.py:3066: to_int32 (from tensorflow.python.ops.math_ops) is deprecated and will be removed in a future version.
Instructions for updating:
Use tf.cast instead.
2022-01-05 19:50:12,606 - root - INFO - Epoch 1  Loss: 0.6553  Train-Time: 2.671s  CTR-eval-Time: 20.509s 
2022-01-05 19:50:12,606 - root - INFO - Eval auc: 0.8015  f1: 0.7066      Test auc: 0.8035  f1: 0.7090
2022-01-05 19:50:39,294 - root - INFO - Epoch 1  Loss: 0.6553  Train-Time: 2.671s  CTR-eval-Time: 26.681s 
2022-01-05 19:50:39,294 - root - INFO - Eval P:0.0200	0.0340	0.0250	0.0225	0.0142	0.0096	R:0.0133	0.0722	0.1008	0.1657	0.2760	0.3522	NDCG:0.0200	0.0568	0.0690	0.0919	0.1190	0.1367	
2022-01-05 19:50:39,294 - root - INFO - Test P:0.0300	0.0360	0.0250	0.0230	0.0122	0.0084	R:0.0167	0.0787	0.1020	0.2022	0.2717	0.3465	NDCG:0.0300	0.0594	0.0694	0.1003	0.1168	0.1336	
2022-01-05 19:50:39,295 - root - INFO - Total: 197792 
2022-01-05 19:51:08,923 - root - INFO - Epoch 2  Loss: 0.6383  Train-Time: 1.907s  CTR-eval-Time: 27.132s 
2022-01-05 19:51:08,924 - root - INFO - Eval auc: 0.8100  f1: 0.7083      Test auc: 0.8165  f1: 0.7206
2022-01-05 19:51:33,677 - root - INFO - Epoch 2  Loss: 0.6383  Train-Time: 1.907s  CTR-eval-Time: 24.748s 
2022-01-05 19:51:33,678 - root - INFO - Eval P:0.0500	0.0260	0.0210	0.0165	0.0116	0.0082	R:0.0165	0.0585	0.0968	0.1568	0.2604	0.3435	NDCG:0.0500	0.0480	0.0631	0.0812	0.1078	0.1262	
2022-01-05 19:51:33,678 - root - INFO - Test P:0.0500	0.0240	0.0170	0.0165	0.0114	0.0084	R:0.0217	0.0437	0.0603	0.1282	0.2213	0.3460	NDCG:0.0500	0.0454	0.0531	0.0748	0.0990	0.1235	
2022-01-05 19:51:33,678 - root - INFO - Total: 197792 
2022-01-05 19:52:09,047 - root - INFO - Epoch 3  Loss: 0.6514  Train-Time: 1.854s  CTR-eval-Time: 32.937s 
2022-01-05 19:52:09,048 - root - INFO - Eval auc: 0.8146  f1: 0.7128      Test auc: 0.8174  f1: 0.7204
2022-01-05 19:52:32,497 - root - INFO - Epoch 3  Loss: 0.6514  Train-Time: 1.854s  CTR-eval-Time: 23.446s 
2022-01-05 19:52:32,497 - root - INFO - Eval P:0.0400	0.0360	0.0230	0.0220	0.0154	0.0100	R:0.0145	0.0743	0.0963	0.1587	0.3011	0.3986	NDCG:0.0400	0.0614	0.0703	0.0927	0.1285	0.1486	
2022-01-05 19:52:32,497 - root - INFO - Test P:0.0300	0.0320	0.0200	0.0140	0.0128	0.0083	R:0.0175	0.0698	0.0898	0.1218	0.2770	0.3517	NDCG:0.0300	0.0561	0.0634	0.0737	0.1131	0.1287	
2022-01-05 19:52:32,498 - root - INFO - Total: 197792 
2022-01-05 19:53:16,528 - root - INFO - Epoch 4  Loss: 0.6316  Train-Time: 1.901s  CTR-eval-Time: 41.557s 
2022-01-05 19:53:16,528 - root - INFO - Eval auc: 0.8179  f1: 0.7260      Test auc: 0.8200  f1: 0.7293
2022-01-05 19:53:42,737 - root - INFO - Epoch 4  Loss: 0.6316  Train-Time: 1.901s  CTR-eval-Time: 26.203s 
2022-01-05 19:53:42,737 - root - INFO - Eval P:0.0200	0.0300	0.0240	0.0185	0.0130	0.0093	R:0.0075	0.0570	0.0912	0.1515	0.2930	0.3961	NDCG:0.0200	0.0414	0.0562	0.0746	0.1087	0.1308	
2022-01-05 19:53:42,737 - root - INFO - Test P:0.0700	0.0480	0.0320	0.0245	0.0144	0.0097	R:0.0378	0.1157	0.1435	0.2217	0.3032	0.3913	NDCG:0.0700	0.0922	0.1043	0.1285	0.1505	0.1695	
2022-01-05 19:53:42,737 - root - INFO - Total: 197792 
2022-01-05 19:54:35,991 - root - INFO - Epoch 5  Loss: 0.6179  Train-Time: 1.891s  CTR-eval-Time: 50.788s 
2022-01-05 19:54:35,991 - root - INFO - Eval auc: 0.8146  f1: 0.7251      Test auc: 0.8232  f1: 0.7367
2022-01-05 19:55:01,350 - root - INFO - Epoch 5  Loss: 0.6179  Train-Time: 1.891s  CTR-eval-Time: 25.352s 
2022-01-05 19:55:01,350 - root - INFO - Eval P:0.0100	0.0340	0.0330	0.0245	0.0152	0.0092	R:0.0050	0.0637	0.1187	0.1748	0.3032	0.3724	NDCG:0.0100	0.0482	0.0725	0.0915	0.1234	0.1376	
2022-01-05 19:55:01,350 - root - INFO - Test P:0.0700	0.0400	0.0300	0.0230	0.0166	0.0112	R:0.0265	0.0975	0.1353	0.2019	0.3476	0.4672	NDCG:0.0700	0.0747	0.0906	0.1116	0.1489	0.1736	
2022-01-05 19:55:01,351 - root - INFO - Total: 197792 
2022-01-05 19:56:03,485 - root - INFO - Epoch 6  Loss: 0.6149  Train-Time: 1.998s  CTR-eval-Time: 59.509s 
2022-01-05 19:56:03,485 - root - INFO - Eval auc: 0.8201  f1: 0.7326      Test auc: 0.8228  f1: 0.7315
2022-01-05 19:56:29,726 - root - INFO - Epoch 6  Loss: 0.6149  Train-Time: 1.998s  CTR-eval-Time: 26.236s 
2022-01-05 19:56:29,727 - root - INFO - Eval P:0.0700	0.0400	0.0320	0.0225	0.0146	0.0103	R:0.0270	0.0683	0.1295	0.1850	0.2894	0.3930	NDCG:0.0700	0.0655	0.0894	0.1070	0.1346	0.1574	
2022-01-05 19:56:29,727 - root - INFO - Test P:0.0600	0.0360	0.0320	0.0230	0.0148	0.0095	R:0.0160	0.0612	0.1287	0.1998	0.3066	0.3736	NDCG:0.0600	0.0516	0.0775	0.0986	0.1264	0.1419	
2022-01-05 19:56:29,727 - root - INFO - Total: 197792 
2022-01-05 19:57:40,152 - root - INFO - Epoch 7  Loss: 0.6125  Train-Time: 1.968s  CTR-eval-Time: 67.822s 
2022-01-05 19:57:40,152 - root - INFO - Eval auc: 0.8188  f1: 0.7278      Test auc: 0.8218  f1: 0.7329
2022-01-05 19:58:06,709 - root - INFO - Epoch 7  Loss: 0.6125  Train-Time: 1.968s  CTR-eval-Time: 26.553s 
2022-01-05 19:58:06,710 - root - INFO - Eval P:0.0400	0.0400	0.0320	0.0220	0.0146	0.0094	R:0.0203	0.0718	0.1272	0.1742	0.2713	0.3449	NDCG:0.0400	0.0622	0.0841	0.0990	0.1261	0.1422	
2022-01-05 19:58:06,710 - root - INFO - Test P:0.0400	0.0320	0.0290	0.0220	0.0140	0.0098	R:0.0183	0.0617	0.1350	0.2020	0.3212	0.4440	NDCG:0.0400	0.0507	0.0789	0.0998	0.1292	0.1539	
2022-01-05 19:58:06,710 - root - INFO - Total: 197792 
2022-01-05 19:59:25,431 - root - INFO - Epoch 8  Loss: 0.5946  Train-Time: 1.923s  CTR-eval-Time: 76.217s 
2022-01-05 19:59:25,431 - root - INFO - Eval auc: 0.8154  f1: 0.7255      Test auc: 0.8203  f1: 0.7335
2022-01-05 19:59:50,453 - root - INFO - Epoch 8  Loss: 0.5946  Train-Time: 1.923s  CTR-eval-Time: 25.016s 
2022-01-05 19:59:50,453 - root - INFO - Eval P:0.0600	0.0360	0.0270	0.0210	0.0144	0.0098	R:0.0250	0.0750	0.1083	0.1583	0.3073	0.4102	NDCG:0.0600	0.0643	0.0790	0.0966	0.1317	0.1533	
2022-01-05 19:59:50,453 - root - INFO - Test P:0.0000	0.0380	0.0270	0.0220	0.0126	0.0085	R:0.0000	0.0790	0.1143	0.1955	0.2552	0.3359	NDCG:0.0000	0.0498	0.0636	0.0887	0.1051	0.1225	
2022-01-05 19:59:50,454 - root - INFO - Total: 197792 
2022-01-05 20:01:19,027 - root - INFO - Epoch 9  Loss: 0.5825  Train-Time: 1.965s  CTR-eval-Time: 85.994s 
2022-01-05 20:01:19,027 - root - INFO - Eval auc: 0.8156  f1: 0.7296      Test auc: 0.8199  f1: 0.7356
2022-01-05 20:01:44,855 - root - INFO - Epoch 9  Loss: 0.5825  Train-Time: 1.965s  CTR-eval-Time: 25.822s 
2022-01-05 20:01:44,855 - root - INFO - Eval P:0.0800	0.0380	0.0340	0.0225	0.0148	0.0097	R:0.0303	0.0665	0.1360	0.1977	0.3070	0.4105	NDCG:0.0800	0.0661	0.0926	0.1109	0.1395	0.1603	
2022-01-05 20:01:44,855 - root - INFO - Test P:0.0800	0.0520	0.0380	0.0270	0.0156	0.0097	R:0.0498	0.1112	0.1688	0.2254	0.3039	0.3620	NDCG:0.0800	0.0996	0.1222	0.1410	0.1624	0.1758	
2022-01-05 20:01:44,855 - root - INFO - Total: 197792 
2022-01-05 20:03:23,080 - root - INFO - Epoch 10  Loss: 0.5806  Train-Time: 1.960s  CTR-eval-Time: 95.685s 
2022-01-05 20:03:23,081 - root - INFO - Eval auc: 0.8132  f1: 0.7258      Test auc: 0.8218  f1: 0.7325
2022-01-05 20:03:48,686 - root - INFO - Epoch 10  Loss: 0.5806  Train-Time: 1.960s  CTR-eval-Time: 25.600s 
2022-01-05 20:03:48,687 - root - INFO - Eval P:0.0300	0.0340	0.0270	0.0205	0.0136	0.0094	R:0.0108	0.0812	0.1362	0.1852	0.3000	0.4085	NDCG:0.0300	0.0604	0.0809	0.0975	0.1260	0.1487	
2022-01-05 20:03:48,687 - root - INFO - Test P:0.0600	0.0300	0.0290	0.0255	0.0126	0.0084	R:0.0167	0.0558	0.1328	0.2388	0.2933	0.3752	NDCG:0.0600	0.0494	0.0781	0.1108	0.1235	0.1405	
2022-01-05 20:03:48,687 - root - INFO - Total: 197792 
2022-01-05 20:03:49,166 - root - INFO - 
2022-01-05 20:03:49,170 - root - INFO - CTR Evaluation - Best epoch: 6   corresponding Test auc: 0.8228    corresponding Test F1: 0.7315
2022-01-05 20:03:49,174 - root - INFO - Top@k Evaluation
2022-01-05 20:03:49,176 - root - INFO - Top@1:  Best epoch: 9   corresponding Test R: 0.0498    corresponding Test NDCG: 0.0800
2022-01-05 20:03:49,177 - root - INFO - Top@5:  Best epoch: 10   corresponding Test R: 0.0558    corresponding Test NDCG: 0.0494
2022-01-05 20:03:49,179 - root - INFO - Top@10:  Best epoch: 10   corresponding Test R: 0.1328    corresponding Test NDCG: 0.0781
2022-01-05 20:03:49,181 - root - INFO - Top@20:  Best epoch: 9   corresponding Test R: 0.2254    corresponding Test NDCG: 0.1410
2022-01-05 20:03:49,181 - root - INFO - Top@50:  Best epoch: 8   corresponding Test R: 0.2552    corresponding Test NDCG: 0.1051
2022-01-05 20:03:49,183 - root - INFO - Top@100:  Best epoch: 9   corresponding Test R: 0.3620    corresponding Test NDCG: 0.1758
2022-01-05 20:03:49,183 - root - INFO - --------------------------------
2022-01-05 20:03:49,183 - root - INFO - 
2022-01-05 20:03:49,184 - root - INFO - train_4.txt
2022-01-05 20:04:15,782 - root - INFO - Epoch 1  Loss: 0.6628  Train-Time: 2.503s  CTR-eval-Time: 21.646s 
2022-01-05 20:04:15,783 - root - INFO - Eval auc: 0.8053  f1: 0.7244      Test auc: 0.8037  f1: 0.7190
2022-01-05 20:04:41,284 - root - INFO - Epoch 1  Loss: 0.6628  Train-Time: 2.503s  CTR-eval-Time: 25.496s 
2022-01-05 20:04:41,284 - root - INFO - Eval P:0.0500	0.0320	0.0260	0.0215	0.0126	0.0083	R:0.0134	0.0704	0.1108	0.1867	0.2794	0.3456	NDCG:0.0500	0.0536	0.0685	0.0925	0.1152	0.1297	
2022-01-05 20:04:41,285 - root - INFO - Test P:0.0300	0.0280	0.0270	0.0195	0.0120	0.0082	R:0.0092	0.0475	0.0990	0.1490	0.2415	0.3317	NDCG:0.0300	0.0399	0.0616	0.0778	0.1016	0.1206	
2022-01-05 20:04:41,285 - root - INFO - Total: 197792 
2022-01-05 20:05:12,184 - root - INFO - Epoch 2  Loss: 0.6494  Train-Time: 1.862s  CTR-eval-Time: 28.418s 
2022-01-05 20:05:12,184 - root - INFO - Eval auc: 0.8143  f1: 0.7198      Test auc: 0.8178  f1: 0.7217
2022-01-05 20:05:36,728 - root - INFO - Epoch 2  Loss: 0.6494  Train-Time: 1.862s  CTR-eval-Time: 24.538s 
2022-01-05 20:05:36,728 - root - INFO - Eval P:0.0100	0.0240	0.0220	0.0230	0.0134	0.0086	R:0.0025	0.0508	0.0975	0.1937	0.2665	0.3473	NDCG:0.0100	0.0332	0.0516	0.0828	0.1026	0.1195	
2022-01-05 20:05:36,728 - root - INFO - Test P:0.0100	0.0260	0.0250	0.0200	0.0120	0.0076	R:0.0100	0.0608	0.1000	0.1850	0.2795	0.3512	NDCG:0.0100	0.0404	0.0589	0.0836	0.1065	0.1209	
2022-01-05 20:05:36,729 - root - INFO - Total: 197792 
2022-01-05 20:06:14,456 - root - INFO - Epoch 3  Loss: 0.6428  Train-Time: 1.889s  CTR-eval-Time: 35.195s 
2022-01-05 20:06:14,456 - root - INFO - Eval auc: 0.8145  f1: 0.7336      Test auc: 0.8166  f1: 0.7355
2022-01-05 20:06:39,430 - root - INFO - Epoch 3  Loss: 0.6428  Train-Time: 1.889s  CTR-eval-Time: 24.968s 
2022-01-05 20:06:39,430 - root - INFO - Eval P:0.0300	0.0240	0.0240	0.0220	0.0124	0.0082	R:0.0150	0.0495	0.1018	0.1928	0.2520	0.3144	NDCG:0.0300	0.0391	0.0599	0.0880	0.1045	0.1188	
2022-01-05 20:06:39,430 - root - INFO - Test P:0.0300	0.0320	0.0240	0.0165	0.0108	0.0072	R:0.0167	0.0870	0.1182	0.1568	0.2350	0.3002	NDCG:0.0300	0.0598	0.0727	0.0845	0.1048	0.1186	
2022-01-05 20:06:39,430 - root - INFO - Total: 197792 
2022-01-05 20:07:25,327 - root - INFO - Epoch 4  Loss: 0.6403  Train-Time: 1.868s  CTR-eval-Time: 43.413s 
2022-01-05 20:07:25,328 - root - INFO - Eval auc: 0.8223  f1: 0.7301      Test auc: 0.8277  f1: 0.7398
2022-01-05 20:07:49,485 - root - INFO - Epoch 4  Loss: 0.6403  Train-Time: 1.868s  CTR-eval-Time: 24.153s 
2022-01-05 20:07:49,486 - root - INFO - Eval P:0.0500	0.0340	0.0250	0.0220	0.0142	0.0100	R:0.0150	0.0623	0.0935	0.1620	0.2733	0.3793	NDCG:0.0500	0.0519	0.0644	0.0881	0.1158	0.1392	
2022-01-05 20:07:49,486 - root - INFO - Test P:0.0400	0.0300	0.0210	0.0150	0.0108	0.0078	R:0.0117	0.0637	0.0828	0.1265	0.2313	0.3028	NDCG:0.0400	0.0513	0.0598	0.0730	0.0992	0.1159	
2022-01-05 20:07:49,486 - root - INFO - Total: 197792 
2022-01-05 20:08:42,997 - root - INFO - Epoch 5  Loss: 0.6332  Train-Time: 1.881s  CTR-eval-Time: 50.993s 
2022-01-05 20:08:42,998 - root - INFO - Eval auc: 0.8285  f1: 0.7372      Test auc: 0.8304  f1: 0.7331
2022-01-05 20:09:08,530 - root - INFO - Epoch 5  Loss: 0.6332  Train-Time: 1.881s  CTR-eval-Time: 25.526s 
2022-01-05 20:09:08,530 - root - INFO - Eval P:0.0200	0.0360	0.0310	0.0265	0.0162	0.0110	R:0.0048	0.0666	0.1126	0.2020	0.3361	0.4328	NDCG:0.0200	0.0472	0.0656	0.0942	0.1276	0.1490	
2022-01-05 20:09:08,530 - root - INFO - Test P:0.0500	0.0420	0.0280	0.0210	0.0126	0.0093	R:0.0242	0.0825	0.1142	0.1825	0.2732	0.3873	NDCG:0.0500	0.0690	0.0816	0.1028	0.1257	0.1502	
2022-01-05 20:09:08,531 - root - INFO - Total: 197792 
2022-01-05 20:10:10,332 - root - INFO - Epoch 6  Loss: 0.6260  Train-Time: 1.882s  CTR-eval-Time: 59.272s 
2022-01-05 20:10:10,333 - root - INFO - Eval auc: 0.8277  f1: 0.7348      Test auc: 0.8281  f1: 0.7375
2022-01-05 20:10:35,141 - root - INFO - Epoch 6  Loss: 0.6260  Train-Time: 1.882s  CTR-eval-Time: 24.802s 
2022-01-05 20:10:35,141 - root - INFO - Eval P:0.0400	0.0320	0.0260	0.0205	0.0150	0.0102	R:0.0133	0.0703	0.1228	0.1882	0.3423	0.4425	NDCG:0.0400	0.0553	0.0751	0.0957	0.1343	0.1564	
2022-01-05 20:10:35,141 - root - INFO - Test P:0.0400	0.0340	0.0270	0.0200	0.0134	0.0096	R:0.0264	0.0740	0.1115	0.1646	0.2683	0.3738	NDCG:0.0400	0.0636	0.0791	0.0963	0.1241	0.1474	
2022-01-05 20:10:35,141 - root - INFO - Total: 197792 
2022-01-05 20:11:44,614 - root - INFO - Epoch 7  Loss: 0.6248  Train-Time: 1.897s  CTR-eval-Time: 66.905s 
2022-01-05 20:11:44,614 - root - INFO - Eval auc: 0.8275  f1: 0.7319      Test auc: 0.8246  f1: 0.7330
2022-01-05 20:12:09,332 - root - INFO - Epoch 7  Loss: 0.6248  Train-Time: 1.897s  CTR-eval-Time: 24.712s 
2022-01-05 20:12:09,333 - root - INFO - Eval P:0.0500	0.0320	0.0230	0.0175	0.0110	0.0072	R:0.0370	0.0845	0.1253	0.1862	0.2483	0.3258	NDCG:0.0500	0.0745	0.0897	0.1076	0.1248	0.1406	
2022-01-05 20:12:09,333 - root - INFO - Test P:0.0600	0.0360	0.0320	0.0225	0.0132	0.0087	R:0.0367	0.1017	0.1503	0.1968	0.2802	0.3617	NDCG:0.0600	0.0789	0.0996	0.1157	0.1373	0.1545	
2022-01-05 20:12:09,333 - root - INFO - Total: 197792 
2022-01-05 20:13:25,146 - root - INFO - Epoch 8  Loss: 0.6251  Train-Time: 1.843s  CTR-eval-Time: 73.326s 
2022-01-05 20:13:25,146 - root - INFO - Eval auc: 0.8272  f1: 0.7360      Test auc: 0.8282  f1: 0.7429
2022-01-05 20:13:49,207 - root - INFO - Epoch 8  Loss: 0.6251  Train-Time: 1.843s  CTR-eval-Time: 24.056s 
2022-01-05 20:13:49,207 - root - INFO - Eval P:0.0300	0.0320	0.0270	0.0205	0.0136	0.0090	R:0.0158	0.0590	0.1188	0.1745	0.2988	0.3965	NDCG:0.0300	0.0485	0.0704	0.0883	0.1188	0.1386	
2022-01-05 20:13:49,207 - root - INFO - Test P:0.0500	0.0340	0.0260	0.0190	0.0130	0.0099	R:0.0116	0.0719	0.0946	0.1519	0.2695	0.3902	NDCG:0.0500	0.0536	0.0638	0.0815	0.1108	0.1371	
2022-01-05 20:13:49,207 - root - INFO - Total: 197792 
2022-01-05 20:15:16,447 - root - INFO - Epoch 9  Loss: 0.6072  Train-Time: 1.866s  CTR-eval-Time: 84.753s 
2022-01-05 20:15:16,447 - root - INFO - Eval auc: 0.8251  f1: 0.7344      Test auc: 0.8267  f1: 0.7372
2022-01-05 20:15:41,054 - root - INFO - Epoch 9  Loss: 0.6072  Train-Time: 1.866s  CTR-eval-Time: 24.601s 
2022-01-05 20:15:41,054 - root - INFO - Eval P:0.0500	0.0280	0.0190	0.0155	0.0112	0.0076	R:0.0220	0.0548	0.0827	0.1470	0.2500	0.3508	NDCG:0.0500	0.0523	0.0623	0.0811	0.1077	0.1272	
2022-01-05 20:15:41,054 - root - INFO - Test P:0.0200	0.0280	0.0250	0.0215	0.0128	0.0090	R:0.0042	0.0670	0.1057	0.1843	0.2703	0.3855	NDCG:0.0200	0.0452	0.0620	0.0865	0.1086	0.1321	
2022-01-05 20:15:41,055 - root - INFO - Total: 197792 
2022-01-05 20:17:20,282 - root - INFO - Epoch 10  Loss: 0.5983  Train-Time: 1.878s  CTR-eval-Time: 96.712s 
2022-01-05 20:17:20,282 - root - INFO - Eval auc: 0.8122  f1: 0.7303      Test auc: 0.8168  f1: 0.7374
2022-01-05 20:17:46,211 - root - INFO - Epoch 10  Loss: 0.5983  Train-Time: 1.878s  CTR-eval-Time: 25.923s 
2022-01-05 20:17:46,211 - root - INFO - Eval P:0.0500	0.0380	0.0290	0.0225	0.0136	0.0085	R:0.0207	0.0810	0.1443	0.2322	0.3279	0.3989	NDCG:0.0500	0.0641	0.0876	0.1137	0.1384	0.1527	
2022-01-05 20:17:46,211 - root - INFO - Test P:0.0600	0.0400	0.0290	0.0185	0.0116	0.0076	R:0.0350	0.1100	0.1490	0.1823	0.2777	0.3492	NDCG:0.0600	0.0848	0.0996	0.1106	0.1337	0.1487	
2022-01-05 20:17:46,212 - root - INFO - Total: 197792 
2022-01-05 20:17:46,738 - root - INFO - 
2022-01-05 20:17:46,740 - root - INFO - CTR Evaluation - Best epoch: 5   corresponding Test auc: 0.8304    corresponding Test F1: 0.7331
2022-01-05 20:17:46,743 - root - INFO - Top@k Evaluation
2022-01-05 20:17:46,744 - root - INFO - Top@1:  Best epoch: 7   corresponding Test R: 0.0367    corresponding Test NDCG: 0.0600
2022-01-05 20:17:46,746 - root - INFO - Top@5:  Best epoch: 7   corresponding Test R: 0.1017    corresponding Test NDCG: 0.0789
2022-01-05 20:17:46,748 - root - INFO - Top@10:  Best epoch: 10   corresponding Test R: 0.1490    corresponding Test NDCG: 0.0996
2022-01-05 20:17:46,749 - root - INFO - Top@20:  Best epoch: 10   corresponding Test R: 0.1823    corresponding Test NDCG: 0.1106
2022-01-05 20:17:46,750 - root - INFO - Top@50:  Best epoch: 6   corresponding Test R: 0.2683    corresponding Test NDCG: 0.1241
2022-01-05 20:17:46,750 - root - INFO - Top@100:  Best epoch: 6   corresponding Test R: 0.3738    corresponding Test NDCG: 0.1474
2022-01-05 20:17:46,751 - root - INFO - --------------------------------
2022-01-05 20:17:46,751 - root - INFO - 
2022-01-05 20:17:46,751 - root - INFO - train_3.txt
2022-01-05 20:18:14,468 - root - INFO - Epoch 1  Loss: 0.6619  Train-Time: 2.519s  CTR-eval-Time: 22.801s 
2022-01-05 20:18:14,469 - root - INFO - Eval auc: 0.8063  f1: 0.7181      Test auc: 0.8065  f1: 0.7149
2022-01-05 20:18:41,388 - root - INFO - Epoch 1  Loss: 0.6619  Train-Time: 2.519s  CTR-eval-Time: 26.913s 
2022-01-05 20:18:41,388 - root - INFO - Eval P:0.0400	0.0300	0.0230	0.0185	0.0142	0.0095	R:0.0170	0.0565	0.0842	0.1352	0.2570	0.3630	NDCG:0.0400	0.0486	0.0599	0.0767	0.1100	0.1316	
2022-01-05 20:18:41,388 - root - INFO - Test P:0.0400	0.0200	0.0170	0.0145	0.0108	0.0076	R:0.0103	0.0328	0.0582	0.1107	0.2010	0.2870	NDCG:0.0400	0.0312	0.0421	0.0584	0.0829	0.1011	
2022-01-05 20:18:41,389 - root - INFO - Total: 197792 
2022-01-05 20:19:13,083 - root - INFO - Epoch 2  Loss: 0.6538  Train-Time: 1.928s  CTR-eval-Time: 29.124s 
2022-01-05 20:19:13,083 - root - INFO - Eval auc: 0.8129  f1: 0.7224      Test auc: 0.8151  f1: 0.7215
2022-01-05 20:19:38,076 - root - INFO - Epoch 2  Loss: 0.6538  Train-Time: 1.928s  CTR-eval-Time: 24.986s 
2022-01-05 20:19:38,076 - root - INFO - Eval P:0.0400	0.0300	0.0260	0.0210	0.0142	0.0094	R:0.0170	0.0658	0.1123	0.1979	0.2991	0.3931	NDCG:0.0400	0.0509	0.0690	0.0942	0.1218	0.1411	
2022-01-05 20:19:38,076 - root - INFO - Test P:0.0500	0.0280	0.0190	0.0185	0.0146	0.0097	R:0.0220	0.0610	0.0747	0.1567	0.2804	0.3833	NDCG:0.0500	0.0527	0.0587	0.0841	0.1174	0.1388	
2022-01-05 20:19:38,076 - root - INFO - Total: 197792 
2022-01-05 20:20:16,508 - root - INFO - Epoch 3  Loss: 0.6331  Train-Time: 1.988s  CTR-eval-Time: 35.745s 
2022-01-05 20:20:16,509 - root - INFO - Eval auc: 0.8158  f1: 0.7165      Test auc: 0.8148  f1: 0.7169
2022-01-05 20:20:43,113 - root - INFO - Epoch 3  Loss: 0.6331  Train-Time: 1.988s  CTR-eval-Time: 26.598s 
2022-01-05 20:20:43,113 - root - INFO - Eval P:0.0300	0.0360	0.0300	0.0190	0.0142	0.0097	R:0.0083	0.0653	0.1203	0.1482	0.2948	0.3995	NDCG:0.0300	0.0517	0.0727	0.0821	0.1182	0.1401	
2022-01-05 20:20:43,114 - root - INFO - Test P:0.0700	0.0340	0.0300	0.0215	0.0140	0.0094	R:0.0240	0.0673	0.1078	0.1588	0.2504	0.3461	NDCG:0.0700	0.0559	0.0735	0.0906	0.1157	0.1359	
2022-01-05 20:20:43,114 - root - INFO - Total: 197792 
2022-01-05 20:21:25,899 - root - INFO - Epoch 4  Loss: 0.6316  Train-Time: 1.942s  CTR-eval-Time: 40.173s 
2022-01-05 20:21:25,899 - root - INFO - Eval auc: 0.8285  f1: 0.7405      Test auc: 0.8216  f1: 0.7359
2022-01-05 20:21:48,638 - root - INFO - Epoch 4  Loss: 0.6316  Train-Time: 1.942s  CTR-eval-Time: 22.733s 
2022-01-05 20:21:48,638 - root - INFO - Eval P:0.0700	0.0420	0.0370	0.0270	0.0164	0.0105	R:0.0253	0.0823	0.1463	0.2280	0.3072	0.3937	NDCG:0.0700	0.0702	0.0965	0.1220	0.1455	0.1640	
2022-01-05 20:21:48,638 - root - INFO - Test P:0.0500	0.0300	0.0230	0.0190	0.0132	0.0093	R:0.0250	0.0645	0.0945	0.1537	0.2717	0.3665	NDCG:0.0500	0.0530	0.0649	0.0840	0.1133	0.1343	
2022-01-05 20:21:48,639 - root - INFO - Total: 197792 
2022-01-05 20:22:36,642 - root - INFO - Epoch 5  Loss: 0.6103  Train-Time: 1.852s  CTR-eval-Time: 45.514s 
2022-01-05 20:22:36,642 - root - INFO - Eval auc: 0.8340  f1: 0.7467      Test auc: 0.8276  f1: 0.7379
2022-01-05 20:23:00,739 - root - INFO - Epoch 5  Loss: 0.6103  Train-Time: 1.852s  CTR-eval-Time: 24.091s 
2022-01-05 20:23:00,739 - root - INFO - Eval P:0.0600	0.0340	0.0220	0.0255	0.0150	0.0095	R:0.0350	0.0820	0.0978	0.2271	0.3294	0.3915	NDCG:0.0600	0.0691	0.0767	0.1184	0.1439	0.1583	
2022-01-05 20:23:00,739 - root - INFO - Test P:0.0800	0.0500	0.0360	0.0250	0.0152	0.0095	R:0.0257	0.1077	0.1602	0.2112	0.2968	0.3758	NDCG:0.0800	0.0885	0.1085	0.1258	0.1494	0.1656	
2022-01-05 20:23:00,739 - root - INFO - Total: 197792 
2022-01-05 20:23:56,620 - root - INFO - Epoch 6  Loss: 0.6030  Train-Time: 1.818s  CTR-eval-Time: 53.436s 
2022-01-05 20:23:56,621 - root - INFO - Eval auc: 0.8282  f1: 0.7401      Test auc: 0.8209  f1: 0.7338
2022-01-05 20:24:19,255 - root - INFO - Epoch 6  Loss: 0.6030  Train-Time: 1.818s  CTR-eval-Time: 22.629s 
2022-01-05 20:24:19,256 - root - INFO - Eval P:0.0800	0.0420	0.0280	0.0210	0.0134	0.0087	R:0.0342	0.0858	0.1075	0.1650	0.2845	0.3520	NDCG:0.0800	0.0743	0.0845	0.1028	0.1317	0.1467	
2022-01-05 20:24:19,256 - root - INFO - Test P:0.0400	0.0360	0.0280	0.0190	0.0120	0.0089	R:0.0142	0.0650	0.0993	0.1293	0.2241	0.3414	NDCG:0.0400	0.0542	0.0690	0.0798	0.1034	0.1281	
2022-01-05 20:24:19,256 - root - INFO - Total: 197792 
2022-01-05 20:25:28,208 - root - INFO - Epoch 7  Loss: 0.5993  Train-Time: 1.877s  CTR-eval-Time: 66.445s 
2022-01-05 20:25:28,209 - root - INFO - Eval auc: 0.8232  f1: 0.7310      Test auc: 0.8164  f1: 0.7250
2022-01-05 20:25:52,626 - root - INFO - Epoch 7  Loss: 0.5993  Train-Time: 1.877s  CTR-eval-Time: 24.411s 
2022-01-05 20:25:52,626 - root - INFO - Eval P:0.0100	0.0320	0.0310	0.0230	0.0168	0.0103	R:0.0033	0.0512	0.1290	0.1869	0.3447	0.4116	NDCG:0.0100	0.0425	0.0699	0.0893	0.1289	0.1432	
2022-01-05 20:25:52,626 - root - INFO - Test P:0.0400	0.0200	0.0270	0.0200	0.0128	0.0092	R:0.0158	0.0337	0.0860	0.1343	0.2295	0.3549	NDCG:0.0400	0.0334	0.0567	0.0729	0.0969	0.1221	
2022-01-05 20:25:52,627 - root - INFO - Total: 197792 
2022-01-05 20:27:10,555 - root - INFO - Epoch 8  Loss: 0.5933  Train-Time: 1.796s  CTR-eval-Time: 75.492s 
2022-01-05 20:27:10,555 - root - INFO - Eval auc: 0.8252  f1: 0.7376      Test auc: 0.8186  f1: 0.7377
2022-01-05 20:27:33,745 - root - INFO - Epoch 8  Loss: 0.5933  Train-Time: 1.796s  CTR-eval-Time: 23.185s 
2022-01-05 20:27:33,745 - root - INFO - Eval P:0.0700	0.0300	0.0310	0.0235	0.0142	0.0101	R:0.0328	0.0524	0.1286	0.1917	0.2828	0.3879	NDCG:0.0700	0.0565	0.0858	0.1070	0.1299	0.1529	
2022-01-05 20:27:33,745 - root - INFO - Test P:0.0600	0.0280	0.0240	0.0170	0.0116	0.0081	R:0.0342	0.0587	0.0990	0.1388	0.2327	0.3235	NDCG:0.0600	0.0596	0.0762	0.0888	0.1133	0.1320	
2022-01-05 20:27:33,746 - root - INFO - Total: 197792 
2022-01-05 20:29:01,356 - root - INFO - Epoch 9  Loss: 0.5883  Train-Time: 1.882s  CTR-eval-Time: 85.094s 
2022-01-05 20:29:01,356 - root - INFO - Eval auc: 0.8187  f1: 0.7265      Test auc: 0.8145  f1: 0.7276
2022-01-05 20:29:26,064 - root - INFO - Epoch 9  Loss: 0.5883  Train-Time: 1.882s  CTR-eval-Time: 24.703s 
2022-01-05 20:29:26,064 - root - INFO - Eval P:0.0800	0.0400	0.0360	0.0270	0.0164	0.0106	R:0.0287	0.0823	0.1388	0.2098	0.3258	0.4178	NDCG:0.0800	0.0720	0.0964	0.1192	0.1484	0.1680	
2022-01-05 20:29:26,064 - root - INFO - Test P:0.0300	0.0240	0.0250	0.0210	0.0124	0.0079	R:0.0103	0.0515	0.1168	0.1888	0.2532	0.3377	NDCG:0.0300	0.0431	0.0684	0.0919	0.1099	0.1262	
2022-01-05 20:29:26,065 - root - INFO - Total: 197792 
2022-01-05 20:31:06,807 - root - INFO - Epoch 10  Loss: 0.5755  Train-Time: 1.824s  CTR-eval-Time: 98.291s 
2022-01-05 20:31:06,808 - root - INFO - Eval auc: 0.8080  f1: 0.7265      Test auc: 0.8045  f1: 0.7217
2022-01-05 20:31:29,702 - root - INFO - Epoch 10  Loss: 0.5755  Train-Time: 1.824s  CTR-eval-Time: 22.889s 
2022-01-05 20:31:29,702 - root - INFO - Eval P:0.0600	0.0360	0.0270	0.0220	0.0166	0.0108	R:0.0233	0.0917	0.1283	0.2102	0.3610	0.4333	NDCG:0.0600	0.0717	0.0860	0.1099	0.1495	0.1665	
2022-01-05 20:31:29,702 - root - INFO - Test P:0.0100	0.0260	0.0220	0.0190	0.0140	0.0095	R:0.0033	0.0348	0.0690	0.1450	0.2620	0.3478	NDCG:0.0100	0.0299	0.0449	0.0684	0.0993	0.1180	
2022-01-05 20:31:29,703 - root - INFO - Total: 197792 
2022-01-05 20:31:30,145 - root - INFO - 
2022-01-05 20:31:30,148 - root - INFO - CTR Evaluation - Best epoch: 5   corresponding Test auc: 0.8276    corresponding Test F1: 0.7379
2022-01-05 20:31:30,151 - root - INFO - Top@k Evaluation
2022-01-05 20:31:30,153 - root - INFO - Top@1:  Best epoch: 5   corresponding Test R: 0.0257    corresponding Test NDCG: 0.0800
2022-01-05 20:31:30,155 - root - INFO - Top@5:  Best epoch: 10   corresponding Test R: 0.0348    corresponding Test NDCG: 0.0299
2022-01-05 20:31:30,157 - root - INFO - Top@10:  Best epoch: 4   corresponding Test R: 0.0945    corresponding Test NDCG: 0.0649
2022-01-05 20:31:30,157 - root - INFO - Top@20:  Best epoch: 4   corresponding Test R: 0.1537    corresponding Test NDCG: 0.0840
2022-01-05 20:31:30,158 - root - INFO - Top@50:  Best epoch: 10   corresponding Test R: 0.2620    corresponding Test NDCG: 0.0993
2022-01-05 20:31:30,158 - root - INFO - Top@100:  Best epoch: 10   corresponding Test R: 0.3478    corresponding Test NDCG: 0.1180
2022-01-05 20:31:30,159 - root - INFO - --------------------------------
2022-01-05 20:31:30,159 - root - INFO - 
2022-01-05 20:31:30,160 - root - INFO - train_2.txt
2022-01-05 20:31:58,956 - root - INFO - Epoch 1  Loss: 0.6696  Train-Time: 2.485s  CTR-eval-Time: 24.177s 
2022-01-05 20:31:58,956 - root - INFO - Eval auc: 0.8050  f1: 0.7078      Test auc: 0.8071  f1: 0.7199
2022-01-05 20:32:22,851 - root - INFO - Epoch 1  Loss: 0.6696  Train-Time: 2.485s  CTR-eval-Time: 23.889s 
2022-01-05 20:32:22,851 - root - INFO - Eval P:0.0100	0.0160	0.0200	0.0175	0.0138	0.0098	R:0.0050	0.0358	0.0968	0.1722	0.3167	0.4254	NDCG:0.0100	0.0265	0.0488	0.0718	0.1076	0.1310	
2022-01-05 20:32:22,851 - root - INFO - Test P:0.0100	0.0300	0.0260	0.0200	0.0134	0.0086	R:0.0050	0.0742	0.1270	0.1744	0.3160	0.3836	NDCG:0.0100	0.0504	0.0708	0.0873	0.1205	0.1355	
2022-01-05 20:32:22,851 - root - INFO - Total: 197792 
2022-01-05 20:32:58,893 - root - INFO - Epoch 2  Loss: 0.6512  Train-Time: 1.787s  CTR-eval-Time: 33.622s 
2022-01-05 20:32:58,894 - root - INFO - Eval auc: 0.8201  f1: 0.7241      Test auc: 0.8322  f1: 0.7409
2022-01-05 20:33:21,453 - root - INFO - Epoch 2  Loss: 0.6512  Train-Time: 1.787s  CTR-eval-Time: 22.553s 
2022-01-05 20:33:21,453 - root - INFO - Eval P:0.0600	0.0400	0.0270	0.0180	0.0132	0.0092	R:0.0296	0.1029	0.1321	0.1710	0.3039	0.4155	NDCG:0.0600	0.0792	0.0904	0.1027	0.1350	0.1576	
2022-01-05 20:33:21,453 - root - INFO - Test P:0.0200	0.0260	0.0260	0.0200	0.0124	0.0084	R:0.0064	0.0523	0.1079	0.1511	0.2572	0.3274	NDCG:0.0200	0.0415	0.0639	0.0788	0.1042	0.1203	
2022-01-05 20:33:21,453 - root - INFO - Total: 197792 
2022-01-05 20:34:02,602 - root - INFO - Epoch 3  Loss: 0.6475  Train-Time: 1.846s  CTR-eval-Time: 38.687s 
2022-01-05 20:34:02,602 - root - INFO - Eval auc: 0.8235  f1: 0.7180      Test auc: 0.8317  f1: 0.7303
2022-01-05 20:34:26,740 - root - INFO - Epoch 3  Loss: 0.6475  Train-Time: 1.846s  CTR-eval-Time: 24.132s 
2022-01-05 20:34:26,740 - root - INFO - Eval P:0.0900	0.0520	0.0390	0.0265	0.0148	0.0102	R:0.0345	0.0972	0.1517	0.2162	0.3015	0.4127	NDCG:0.0900	0.0865	0.1090	0.1294	0.1517	0.1747	
2022-01-05 20:34:26,740 - root - INFO - Test P:0.0600	0.0360	0.0310	0.0225	0.0138	0.0093	R:0.0275	0.0704	0.1241	0.1761	0.2776	0.3748	NDCG:0.0600	0.0635	0.0846	0.1019	0.1282	0.1484	
2022-01-05 20:34:26,740 - root - INFO - Total: 197792 
2022-01-05 20:35:13,773 - root - INFO - Epoch 4  Loss: 0.6455  Train-Time: 1.808s  CTR-eval-Time: 44.511s 
2022-01-05 20:35:13,773 - root - INFO - Eval auc: 0.8271  f1: 0.7384      Test auc: 0.8361  f1: 0.7521
2022-01-05 20:35:36,504 - root - INFO - Epoch 4  Loss: 0.6455  Train-Time: 1.808s  CTR-eval-Time: 22.725s 
2022-01-05 20:35:36,504 - root - INFO - Eval P:0.0500	0.0440	0.0330	0.0265	0.0166	0.0107	R:0.0162	0.0860	0.1238	0.2073	0.3427	0.4420	NDCG:0.0500	0.0680	0.0847	0.1121	0.1446	0.1652	
2022-01-05 20:35:36,504 - root - INFO - Test P:0.0700	0.0420	0.0290	0.0200	0.0144	0.0105	R:0.0253	0.0827	0.1202	0.1555	0.2733	0.3938	NDCG:0.0700	0.0704	0.0847	0.0975	0.1282	0.1545	
2022-01-05 20:35:36,504 - root - INFO - Total: 197792 
2022-01-05 20:36:28,313 - root - INFO - Epoch 5  Loss: 0.6285  Train-Time: 1.851s  CTR-eval-Time: 49.334s 
2022-01-05 20:36:28,313 - root - INFO - Eval auc: 0.8258  f1: 0.7413      Test auc: 0.8372  f1: 0.7496
2022-01-05 20:36:52,515 - root - INFO - Epoch 5  Loss: 0.6285  Train-Time: 1.851s  CTR-eval-Time: 24.196s 
2022-01-05 20:36:52,515 - root - INFO - Eval P:0.0300	0.0360	0.0250	0.0195	0.0130	0.0088	R:0.0153	0.0832	0.1110	0.1667	0.2757	0.3652	NDCG:0.0300	0.0593	0.0709	0.0892	0.1166	0.1355	
2022-01-05 20:36:52,515 - root - INFO - Test P:0.0600	0.0380	0.0360	0.0260	0.0160	0.0106	R:0.0383	0.1083	0.1850	0.2371	0.3467	0.4487	NDCG:0.0600	0.0824	0.1139	0.1320	0.1597	0.1817	
2022-01-05 20:36:52,515 - root - INFO - Total: 197792 
2022-01-05 20:37:54,720 - root - INFO - Epoch 6  Loss: 0.6149  Train-Time: 1.794s  CTR-eval-Time: 59.780s 
2022-01-05 20:37:54,720 - root - INFO - Eval auc: 0.8337  f1: 0.7468      Test auc: 0.8412  f1: 0.7532
2022-01-05 20:38:17,310 - root - INFO - Epoch 6  Loss: 0.6149  Train-Time: 1.794s  CTR-eval-Time: 22.584s 
2022-01-05 20:38:17,310 - root - INFO - Eval P:0.0300	0.0460	0.0350	0.0240	0.0138	0.0095	R:0.0088	0.0704	0.1268	0.1843	0.2570	0.3585	NDCG:0.0300	0.0577	0.0768	0.0941	0.1138	0.1351	
2022-01-05 20:38:17,310 - root - INFO - Test P:0.0400	0.0280	0.0290	0.0215	0.0128	0.0085	R:0.0164	0.0539	0.1253	0.1965	0.3040	0.3766	NDCG:0.0400	0.0465	0.0740	0.0961	0.1220	0.1381	
2022-01-05 20:38:17,310 - root - INFO - Total: 197792 
2022-01-05 20:39:31,640 - root - INFO - Epoch 7  Loss: 0.6036  Train-Time: 1.857s  CTR-eval-Time: 71.855s 
2022-01-05 20:39:31,641 - root - INFO - Eval auc: 0.8315  f1: 0.7492      Test auc: 0.8446  f1: 0.7603
2022-01-05 20:39:57,858 - root - INFO - Epoch 7  Loss: 0.6036  Train-Time: 1.857s  CTR-eval-Time: 26.212s 
2022-01-05 20:39:57,859 - root - INFO - Eval P:0.0200	0.0280	0.0190	0.0170	0.0134	0.0100	R:0.0150	0.0707	0.0873	0.1380	0.2593	0.4035	NDCG:0.0200	0.0497	0.0570	0.0745	0.1075	0.1366	
2022-01-05 20:39:57,859 - root - INFO - Test P:0.0300	0.0320	0.0270	0.0240	0.0162	0.0104	R:0.0117	0.0833	0.1212	0.2184	0.3413	0.4437	NDCG:0.0300	0.0581	0.0752	0.1049	0.1369	0.1581	
2022-01-05 20:39:57,859 - root - INFO - Total: 197792 
2022-01-05 20:41:19,241 - root - INFO - Epoch 8  Loss: 0.5966  Train-Time: 1.925s  CTR-eval-Time: 78.798s 
2022-01-05 20:41:19,242 - root - INFO - Eval auc: 0.8280  f1: 0.7465      Test auc: 0.8351  f1: 0.7477
2022-01-05 20:41:42,250 - root - INFO - Epoch 8  Loss: 0.5966  Train-Time: 1.925s  CTR-eval-Time: 23.002s 
2022-01-05 20:41:42,250 - root - INFO - Eval P:0.0600	0.0360	0.0350	0.0270	0.0156	0.0105	R:0.0258	0.0695	0.1487	0.2168	0.3152	0.4208	NDCG:0.0600	0.0586	0.0899	0.1134	0.1381	0.1606	
2022-01-05 20:41:42,250 - root - INFO - Test P:0.1100	0.0500	0.0330	0.0255	0.0162	0.0102	R:0.0508	0.1031	0.1464	0.2256	0.3324	0.3974	NDCG:0.1100	0.0974	0.1125	0.1377	0.1660	0.1811	
2022-01-05 20:41:42,250 - root - INFO - Total: 197792 
2022-01-05 20:43:06,433 - root - INFO - Epoch 9  Loss: 0.5815  Train-Time: 1.859s  CTR-eval-Time: 81.683s 
2022-01-05 20:43:06,434 - root - INFO - Eval auc: 0.8211  f1: 0.7333      Test auc: 0.8273  f1: 0.7394
2022-01-05 20:43:30,329 - root - INFO - Epoch 9  Loss: 0.5815  Train-Time: 1.859s  CTR-eval-Time: 23.891s 
2022-01-05 20:43:30,329 - root - INFO - Eval P:0.0400	0.0400	0.0280	0.0190	0.0116	0.0082	R:0.0253	0.0953	0.1198	0.1605	0.2353	0.3150	NDCG:0.0400	0.0695	0.0809	0.0945	0.1145	0.1322	
2022-01-05 20:43:30,330 - root - INFO - Test P:0.0800	0.0520	0.0370	0.0275	0.0168	0.0110	R:0.0273	0.0958	0.1251	0.2114	0.3307	0.4360	NDCG:0.0800	0.0831	0.0971	0.1224	0.1526	0.1742	
2022-01-05 20:43:30,330 - root - INFO - Total: 197792 
2022-01-05 20:45:04,587 - root - INFO - Epoch 10  Loss: 0.5781  Train-Time: 1.803s  CTR-eval-Time: 91.825s 
2022-01-05 20:45:04,588 - root - INFO - Eval auc: 0.8182  f1: 0.7343      Test auc: 0.8262  f1: 0.7370
2022-01-05 20:45:26,899 - root - INFO - Epoch 10  Loss: 0.5781  Train-Time: 1.803s  CTR-eval-Time: 22.306s 
2022-01-05 20:45:26,899 - root - INFO - Eval P:0.0300	0.0360	0.0340	0.0285	0.0182	0.0111	R:0.0100	0.0669	0.1294	0.2155	0.3359	0.4000	NDCG:0.0300	0.0506	0.0762	0.1049	0.1375	0.1522	
2022-01-05 20:45:26,899 - root - INFO - Test P:0.0700	0.0380	0.0230	0.0180	0.0122	0.0081	R:0.0503	0.1065	0.1282	0.1755	0.2850	0.3646	NDCG:0.0700	0.0894	0.0971	0.1129	0.1399	0.1567	
2022-01-05 20:45:26,899 - root - INFO - Total: 197792 
2022-01-05 20:45:27,311 - root - INFO - 
2022-01-05 20:45:27,314 - root - INFO - CTR Evaluation - Best epoch: 6   corresponding Test auc: 0.8412    corresponding Test F1: 0.7532
2022-01-05 20:45:27,316 - root - INFO - Top@k Evaluation
2022-01-05 20:45:27,319 - root - INFO - Top@1:  Best epoch: 3   corresponding Test R: 0.0275    corresponding Test NDCG: 0.0600
2022-01-05 20:45:27,322 - root - INFO - Top@5:  Best epoch: 2   corresponding Test R: 0.0523    corresponding Test NDCG: 0.0415
2022-01-05 20:45:27,324 - root - INFO - Top@10:  Best epoch: 3   corresponding Test R: 0.1241    corresponding Test NDCG: 0.0846
2022-01-05 20:45:27,327 - root - INFO - Top@20:  Best epoch: 8   corresponding Test R: 0.2256    corresponding Test NDCG: 0.1377
2022-01-05 20:45:27,328 - root - INFO - Top@50:  Best epoch: 4   corresponding Test R: 0.2733    corresponding Test NDCG: 0.1282
2022-01-05 20:45:27,329 - root - INFO - Top@100:  Best epoch: 4   corresponding Test R: 0.3938    corresponding Test NDCG: 0.1545
2022-01-05 20:45:27,331 - root - INFO - --------------------------------
2022-01-05 20:45:27,331 - root - INFO - 
2022-01-05 20:45:27,334 - root - INFO - train_1.txt
2022-01-05 20:45:51,444 - root - INFO - Epoch 1  Loss: 0.6657  Train-Time: 2.268s  CTR-eval-Time: 19.456s 
2022-01-05 20:45:51,444 - root - INFO - Eval auc: 0.8032  f1: 0.7201      Test auc: 0.7951  f1: 0.7041
2022-01-05 20:46:14,222 - root - INFO - Epoch 1  Loss: 0.6657  Train-Time: 2.268s  CTR-eval-Time: 22.774s 
2022-01-05 20:46:14,223 - root - INFO - Eval P:0.0300	0.0300	0.0260	0.0220	0.0148	0.0092	R:0.0067	0.0645	0.1277	0.1965	0.3297	0.4012	NDCG:0.0300	0.0495	0.0728	0.0957	0.1275	0.1422	
2022-01-05 20:46:14,223 - root - INFO - Test P:0.0100	0.0140	0.0160	0.0150	0.0112	0.0080	R:0.0050	0.0367	0.0750	0.1228	0.2340	0.3293	NDCG:0.0100	0.0235	0.0391	0.0556	0.0831	0.1032	
2022-01-05 20:46:14,223 - root - INFO - Total: 197792 
2022-01-05 20:46:41,657 - root - INFO - Epoch 2  Loss: 0.6536  Train-Time: 1.832s  CTR-eval-Time: 25.017s 
2022-01-05 20:46:41,657 - root - INFO - Eval auc: 0.8187  f1: 0.7291      Test auc: 0.8141  f1: 0.7201
2022-01-05 20:47:05,165 - root - INFO - Epoch 2  Loss: 0.6536  Train-Time: 1.832s  CTR-eval-Time: 23.504s 
2022-01-05 20:47:05,165 - root - INFO - Eval P:0.0600	0.0400	0.0320	0.0225	0.0146	0.0092	R:0.0208	0.0917	0.1378	0.1940	0.3103	0.4024	NDCG:0.0600	0.0731	0.0918	0.1096	0.1393	0.1575	
2022-01-05 20:47:05,166 - root - INFO - Test P:0.0400	0.0300	0.0220	0.0200	0.0124	0.0084	R:0.0125	0.0658	0.0970	0.1648	0.2458	0.3211	NDCG:0.0400	0.0526	0.0655	0.0883	0.1102	0.1266	
2022-01-05 20:47:05,166 - root - INFO - Total: 197792 
2022-01-05 20:47:39,350 - root - INFO - Epoch 3  Loss: 0.6568  Train-Time: 1.812s  CTR-eval-Time: 31.788s 
2022-01-05 20:47:39,350 - root - INFO - Eval auc: 0.8293  f1: 0.7315      Test auc: 0.8170  f1: 0.7131
2022-01-05 20:48:02,088 - root - INFO - Epoch 3  Loss: 0.6568  Train-Time: 1.812s  CTR-eval-Time: 22.733s 
2022-01-05 20:48:02,088 - root - INFO - Eval P:0.0500	0.0340	0.0220	0.0210	0.0144	0.0097	R:0.0183	0.0562	0.0770	0.1720	0.2772	0.3573	NDCG:0.0500	0.0506	0.0588	0.0883	0.1169	0.1353	
2022-01-05 20:48:02,088 - root - INFO - Test P:0.0400	0.0220	0.0180	0.0170	0.0110	0.0074	R:0.0157	0.0585	0.0893	0.1663	0.2948	0.3630	NDCG:0.0400	0.0439	0.0553	0.0795	0.1077	0.1227	
2022-01-05 20:48:02,088 - root - INFO - Total: 197792 
2022-01-05 20:48:42,992 - root - INFO - Epoch 4  Loss: 0.6405  Train-Time: 1.842s  CTR-eval-Time: 38.479s 
2022-01-05 20:48:42,993 - root - INFO - Eval auc: 0.8294  f1: 0.7342      Test auc: 0.8244  f1: 0.7211
2022-01-05 20:49:06,811 - root - INFO - Epoch 4  Loss: 0.6405  Train-Time: 1.842s  CTR-eval-Time: 23.814s 
2022-01-05 20:49:06,811 - root - INFO - Eval P:0.0800	0.0480	0.0360	0.0250	0.0158	0.0098	R:0.0303	0.1070	0.1653	0.2218	0.3154	0.3870	NDCG:0.0800	0.0856	0.1073	0.1249	0.1505	0.1655	
2022-01-05 20:49:06,811 - root - INFO - Test P:0.0700	0.0620	0.0470	0.0320	0.0174	0.0111	R:0.0417	0.1377	0.2092	0.2850	0.3948	0.4753	NDCG:0.0700	0.1080	0.1359	0.1598	0.1860	0.2041	
2022-01-05 20:49:06,812 - root - INFO - Total: 197792 
2022-01-05 20:49:56,604 - root - INFO - Epoch 5  Loss: 0.6472  Train-Time: 1.784s  CTR-eval-Time: 47.415s 
2022-01-05 20:49:56,604 - root - INFO - Eval auc: 0.8280  f1: 0.7360      Test auc: 0.8238  f1: 0.7366
2022-01-05 20:50:19,018 - root - INFO - Epoch 5  Loss: 0.6472  Train-Time: 1.784s  CTR-eval-Time: 22.408s 
2022-01-05 20:50:19,018 - root - INFO - Eval P:0.0300	0.0320	0.0280	0.0225	0.0146	0.0095	R:0.0175	0.0733	0.1178	0.2023	0.3172	0.4112	NDCG:0.0300	0.0572	0.0759	0.1017	0.1311	0.1505	
2022-01-05 20:50:19,018 - root - INFO - Test P:0.0400	0.0220	0.0200	0.0200	0.0148	0.0091	R:0.0258	0.0633	0.1050	0.1862	0.3365	0.4105	NDCG:0.0400	0.0511	0.0684	0.0949	0.1326	0.1476	
2022-01-05 20:50:19,018 - root - INFO - Total: 197792 
2022-01-05 20:51:16,069 - root - INFO - Epoch 6  Loss: 0.6260  Train-Time: 1.850s  CTR-eval-Time: 54.616s 
2022-01-05 20:51:16,069 - root - INFO - Eval auc: 0.8359  f1: 0.7433      Test auc: 0.8280  f1: 0.7313
2022-01-05 20:51:39,897 - root - INFO - Epoch 6  Loss: 0.6260  Train-Time: 1.850s  CTR-eval-Time: 23.823s 
2022-01-05 20:51:39,897 - root - INFO - Eval P:0.0500	0.0400	0.0340	0.0260	0.0160	0.0110	R:0.0150	0.0625	0.1234	0.1928	0.3011	0.4071	NDCG:0.0500	0.0530	0.0771	0.1003	0.1284	0.1518	
2022-01-05 20:51:39,897 - root - INFO - Test P:0.0300	0.0260	0.0220	0.0175	0.0116	0.0083	R:0.0092	0.0545	0.1028	0.1432	0.2500	0.3494	NDCG:0.0300	0.0436	0.0619	0.0767	0.1021	0.1229	
2022-01-05 20:51:39,897 - root - INFO - Total: 197792 
2022-01-05 20:52:49,205 - root - INFO - Epoch 7  Loss: 0.6178  Train-Time: 1.818s  CTR-eval-Time: 66.909s 
2022-01-05 20:52:49,205 - root - INFO - Eval auc: 0.8301  f1: 0.7517      Test auc: 0.8164  f1: 0.7259
2022-01-05 20:53:12,495 - root - INFO - Epoch 7  Loss: 0.6178  Train-Time: 1.818s  CTR-eval-Time: 23.286s 
2022-01-05 20:53:12,495 - root - INFO - Eval P:0.0200	0.0340	0.0250	0.0200	0.0118	0.0077	R:0.0042	0.0492	0.0783	0.1400	0.2237	0.3087	NDCG:0.0200	0.0410	0.0528	0.0729	0.0937	0.1108	
2022-01-05 20:53:12,495 - root - INFO - Test P:0.0600	0.0400	0.0320	0.0240	0.0146	0.0095	R:0.0325	0.0940	0.1538	0.2308	0.3371	0.4262	NDCG:0.0600	0.0754	0.0978	0.1216	0.1477	0.1665	
2022-01-05 20:53:12,496 - root - INFO - Total: 197792 
2022-01-05 20:54:28,358 - root - INFO - Epoch 8  Loss: 0.6191  Train-Time: 1.879s  CTR-eval-Time: 73.401s 
2022-01-05 20:54:28,358 - root - INFO - Eval auc: 0.8277  f1: 0.7437      Test auc: 0.8174  f1: 0.7291
2022-01-05 20:54:52,876 - root - INFO - Epoch 8  Loss: 0.6191  Train-Time: 1.879s  CTR-eval-Time: 24.514s 
2022-01-05 20:54:52,876 - root - INFO - Eval P:0.0200	0.0240	0.0250	0.0205	0.0126	0.0091	R:0.0050	0.0483	0.0907	0.1525	0.2244	0.3454	NDCG:0.0200	0.0353	0.0536	0.0740	0.0937	0.1180	
2022-01-05 20:54:52,877 - root - INFO - Test P:0.0400	0.0380	0.0300	0.0205	0.0122	0.0079	R:0.0170	0.1019	0.1554	0.2166	0.3114	0.3910	NDCG:0.0400	0.0684	0.0883	0.1058	0.1292	0.1451	
2022-01-05 20:54:52,877 - root - INFO - Total: 197792 
2022-01-05 20:56:21,006 - root - INFO - Epoch 9  Loss: 0.6117  Train-Time: 1.904s  CTR-eval-Time: 85.643s 
2022-01-05 20:56:21,007 - root - INFO - Eval auc: 0.8248  f1: 0.7500      Test auc: 0.8118  f1: 0.7205
2022-01-05 20:56:47,760 - root - INFO - Epoch 9  Loss: 0.6117  Train-Time: 1.904s  CTR-eval-Time: 26.748s 
2022-01-05 20:56:47,760 - root - INFO - Eval P:0.0200	0.0240	0.0200	0.0170	0.0120	0.0084	R:0.0050	0.0448	0.0888	0.1370	0.2455	0.3454	NDCG:0.0200	0.0320	0.0486	0.0651	0.0928	0.1139	
2022-01-05 20:56:47,760 - root - INFO - Test P:0.0300	0.0200	0.0150	0.0140	0.0116	0.0084	R:0.0103	0.0320	0.0640	0.1335	0.2475	0.3550	NDCG:0.0300	0.0287	0.0399	0.0607	0.0905	0.1127	
2022-01-05 20:56:47,761 - root - INFO - Total: 197792 
2022-01-05 20:58:29,167 - root - INFO - Epoch 10  Loss: 0.5962  Train-Time: 1.965s  CTR-eval-Time: 98.846s 
2022-01-05 20:58:29,168 - root - INFO - Eval auc: 0.8246  f1: 0.7361      Test auc: 0.8055  f1: 0.7173
2022-01-05 20:58:53,108 - root - INFO - Epoch 10  Loss: 0.5962  Train-Time: 1.965s  CTR-eval-Time: 23.936s 
2022-01-05 20:58:53,108 - root - INFO - Eval P:0.1000	0.0340	0.0260	0.0185	0.0124	0.0090	R:0.0323	0.0525	0.0823	0.1313	0.2358	0.3291	NDCG:0.1000	0.0603	0.0738	0.0893	0.1158	0.1366	
2022-01-05 20:58:53,108 - root - INFO - Test P:0.0600	0.0420	0.0340	0.0265	0.0158	0.0097	R:0.0170	0.0785	0.1260	0.2030	0.3388	0.4120	NDCG:0.0600	0.0665	0.0877	0.1129	0.1447	0.1599	
2022-01-05 20:58:53,108 - root - INFO - Total: 197792 
2022-01-05 20:58:53,523 - root - INFO - 
2022-01-05 20:58:53,525 - root - INFO - CTR Evaluation - Best epoch: 6   corresponding Test auc: 0.8280    corresponding Test F1: 0.7313
2022-01-05 20:58:53,528 - root - INFO - Top@k Evaluation
2022-01-05 20:58:53,530 - root - INFO - Top@1:  Best epoch: 10   corresponding Test R: 0.0170    corresponding Test NDCG: 0.0600
2022-01-05 20:58:53,531 - root - INFO - Top@5:  Best epoch: 4   corresponding Test R: 0.1377    corresponding Test NDCG: 0.1080
2022-01-05 20:58:53,532 - root - INFO - Top@10:  Best epoch: 4   corresponding Test R: 0.2092    corresponding Test NDCG: 0.1359
2022-01-05 20:58:53,533 - root - INFO - Top@20:  Best epoch: 4   corresponding Test R: 0.2850    corresponding Test NDCG: 0.1598
2022-01-05 20:58:53,534 - root - INFO - Top@50:  Best epoch: 1   corresponding Test R: 0.2340    corresponding Test NDCG: 0.0831
2022-01-05 20:58:53,534 - root - INFO - Top@100:  Best epoch: 5   corresponding Test R: 0.4105    corresponding Test NDCG: 0.1476
2022-01-05 20:58:53,535 - root - INFO - --------------------------------
2022-01-05 20:58:53,536 - root - INFO - 
2022-01-05 20:58:53,536 - root - INFO - Top@1 recommendation:   Avg-best-R 0.0313 | Avg-best-NDCG: 0.0680 
2022-01-05 20:58:53,537 - root - INFO - Top@5 recommendation:   Avg-best-R 0.0765 | Avg-best-NDCG: 0.0615 
2022-01-05 20:58:53,538 - root - INFO - Top@10 recommendation:   Avg-best-R 0.1419 | Avg-best-NDCG: 0.0926 
2022-01-05 20:58:53,538 - root - INFO - Top@20 recommendation:   Avg-best-R 0.2144 | Avg-best-NDCG: 0.1266 
2022-01-05 20:58:53,538 - root - INFO - Top@50 recommendation:   Avg-best-R 0.2586 | Avg-best-NDCG: 0.1080 
2022-01-05 20:58:53,539 - root - INFO - Top@100 recommendation:   Avg-best-R 0.3776 | Avg-best-NDCG: 0.1487 
2022-01-05 20:58:53,539 - root - INFO -  Avg-best-auc 0.8300 | Avg-best-F1: 0.7374 | Max-best-Auc: 0.8412 | Max-best-F1: 0.7532
2022-01-05 20:58:53,539 - root - INFO - ********************************************************************************************
2022-01-05 20:58:53,539 - root - INFO - ********************************************************************************************
